					            	 * --- Initialization & Setup ---
0x00000000: 0x2C0A0014	            	     addi R10 R0 0x14     * Jump to main process
0x00000001: 0x595F6120	            	     jr   R10
					            	 
0x00000004: 0x00000096	input_n:    	  dc 150         * Input value N
0x00000005: 0x0000000E	output_p:   	 dc 0xE         * Result pointer start address
					            	 
					            	 * main program
					            	 * part 1 - initializing the array
0x00000014: 0x8C010004	main:       	 lw   R1  R0 4        * R1 = N (The limit)
0x00000015: 0x2C020200	            	     addi R2  R0 0x200    * R2 = Base address for the sieve array
					            	     
0x00000016: 0x2C030002	            	     addi R3  R0 2        * i = 2
0x00000017: 0x00432023	fill_lp:    	 add  R4  R2 R3       * Calculate address: base + i
0x00000018: 0x2C050001	            	     addi R5  R0 1
0x00000019: 0xAC850000	            	     sw   R5  R4 0        * A[i] = 1 (we are now assuming the all numbers are prime)
0x0000001A: 0x2C630001	            	     addi R3  R3 1        * i++
0x0000001B: 0x00613822	            	     sub  R7  R3 R1
0x0000001C: 0x70E70001	            	     slti R7  R7 1        * check if i <= N
0x0000001D: 0x14FFFFF9	            	     bnez R7  fill_lp
					            	 
					* Part 2:   	 Sieve algorithm
0x0000001E: 0x2C140002	            	     addi R20 R0 2        * R20 is 'p'
0x0000001F: 0x2C1C0000	outer_sv:   	 addi R28 R0 0        * R28 will hold p^2
0x00000020: 0x02804023	            	     add  R8  R20 R0      * Counter for mult
0x00000021: 0x111F0003	mult_p2:    	 beqz R8  chk_lim
0x00000022: 0x0394E023	            	     add  R28 R28 R20
0x00000023: 0x2D08FFFF	            	     addi R8  R8 -1
0x00000024: 0x101FFFFC	            	     beqz R0  mult_p2
					            	 
0x00000025: 0x03813822	chk_lim:    	 sub  R7  R28 R1
0x00000026: 0x70E70001	            	     slti R7  R7 1        * If p^2 <= N, continue marking
0x00000027: 0x10FF000C	            	     beqz R7  find_res 
					            	 
					            	     * Check if p is still marked as prime
0x00000028: 0x00542023	            	     add  R4  R2 R20      
0x00000029: 0x8C850000	            	     lw   R5  R4 0
0x0000002A: 0x10BF0007	            	     beqz R5  next_p      * If A[p] == 0, skip its multiples
					            	 
					            	     *  Loop that mark multiples starting from p^2
0x0000002B: 0x0380A823	            	     add  R21 R28 R0      * j = p^2
0x0000002C: 0x00552023	in_mark:    	 add  R4  R2 R21      
0x0000002D: 0xAC800000	            	     sw   R0  R4 0        * A[j] = 0 (Composite)
0x0000002E: 0x02B4A823	            	     add  R21 R21 R20     * j = j + p
0x0000002F: 0x02A13822	            	     sub  R7  R21 R1
0x00000030: 0x70E70001	            	     slti R7  R7 1        * While j <= N
0x00000031: 0x14FFFFFA	            	     bnez R7  in_mark
					            	 
0x00000032: 0x2E940001	next_p:     	 addi R20 R20 1       * p++
0x00000033: 0x101FFFEB	            	     beqz R0  outer_sv
					            	 
					* Part 3:   	 Collecting 10 Largest Primes
0x00000034: 0x2C0F000A	find_res:   	 addi R15 R0 10       * Counter: need 10 primes
0x00000035: 0x0020A023	            	     add  R20 R1 R0       * Start searching from N downwards
0x00000036: 0x2C10000E	            	     addi R16 R0 0xE      * Destination address for results
					            	 
0x00000037: 0x2E94FFFF	clct_lp:    	 addi R20 R20 -1      * Decrement p
0x00000038: 0x72870002	            	     slti R7  R20 2       * If p < 2, we are done
0x00000039: 0x14FF0008	            	     bnez R7  done
					            	     
0x0000003A: 0x00542023	            	     add  R4  R2 R20      * Check A[p]
0x0000003B: 0x8C850000	            	     lw   R5  R4 0
0x0000003C: 0x10BFFFFA	            	     beqz R5  clct_lp  * Not prime, keep looking
					            	     
					            	     * if we are herem, we found a prime
0x0000003D: 0xAE140000	            	     sw   R20 R16 0       * Store prime in result memory
0x0000003E: 0x2E10FFFF	            	     addi R16 R16 -1      * Decrement result pointer
0x0000003F: 0x2DEFFFFF	            	     addi R15 R15 -1      * Decrease "found" counter
0x00000040: 0x11FF0001	            	     beqz R15 done        * Exit if 10 primes found
0x00000041: 0x101FFFF5	            	     beqz R0  clct_lp
					            	 
0x00000042: 0xFFFF0000	done:       	 halt
					            	 

Label Report:
input_n: 7 D: 
output_p: 8 D: 
main: 13 D: 
fill_lp: 17 D: 23
outer_sv: 27 D: 53
mult_p2: 29 D: 32
chk_lim: 34 D: 29
in_mark: 45 D: 50
next_p: 52 D: 41
find_res: 56 D: 36
clct_lp: 60 D: 66, 73
done: 75 D: 62, 72
*XML file date: Wed 20/6/2012 6:49:12
