					            	 
0x00000000: 0x2C1C0031	main:       	 addi R28 R0 fpmul
0x00000001: 0x2C1D005A	            	     addi R29 R0 fpadd
0x00000002: 0x2C150300	            	     addi R21 R0 0x300
0x00000003: 0x2C190800	            	     addi R25 R0 0x800
0x00000004: 0x2C160020	            	     addi R22 R0 32
					            	 
0x00000005: 0x2C170000	h_lp:       	 addi R23 R0 0
0x00000006: 0x2C140200	            	     addi R20 R0 0x200
0x00000007: 0x2C180020	            	     addi R24 R0 32
					            	 
0x00000008: 0x8E810000	in_lp:      	 lw R1 R20 0
0x00000009: 0x8EA20000	            	     lw R2 R21 0
0x0000000A: 0x5F9F20E2	            	     jalr R28
0x0000000B: 0x02E00823	            	     add R1 R23 R0
0x0000000C: 0x00601023	            	     add R2 R3 R0
0x0000000D: 0x5FBF2029	            	     jalr R29
0x0000000E: 0x0060B823	            	     add R23 R3 R0
0x0000000F: 0x2E940001	            	     addi R20 R20 1
0x00000010: 0x2EB50001	            	     addi R21 R21 1
0x00000011: 0x2F18FFFF	            	     addi R24 R24 -1
0x00000012: 0x171FFFF5	            	     bnez R24 in_lp
0x00000013: 0x8C040100	            	     lw R4 R0 m_sign
0x00000014: 0x02E42826	            	     and R5 R23 R4
0x00000015: 0x10BF0001	            	     beqz R5 h_pos
0x00000016: 0x2C170000	            	     addi R23 R0 0
					            	 
0x00000017: 0xAF370000	h_pos:      	 sw R23 R25 0
0x00000018: 0x2F390001	            	     addi R25 R25 1
0x00000019: 0x2ED6FFFF	            	     addi R22 R22 -1
0x0000001A: 0x16DFFFEA	            	     bnez R22 h_lp
0x0000001B: 0x2C170000	            	     addi R23 R0 0
0x0000001C: 0x2C190800	            	     addi R25 R0 0x800
0x0000001D: 0x2C1A0850	            	     addi R26 R0 0x850
0x0000001E: 0x2C180020	            	     addi R24 R0 32
					            	 
0x0000001F: 0x8F210000	f_lp:       	 lw R1 R25 0
0x00000020: 0x8F420000	            	     lw R2 R26 0
0x00000021: 0x5F9F0000	            	     jalr R28
0x00000022: 0x02E00823	            	     add R1 R23 R0
0x00000023: 0x00601023	            	     add R2 R3 R0
0x00000024: 0x5FBF0000	            	     jalr R29
0x00000025: 0x0060B823	            	     add R23 R3 R0
0x00000026: 0x2F390001	            	     addi R25 R25 1
0x00000027: 0x2F5A0001	            	     addi R26 R26 1
0x00000028: 0x2F18FFFF	            	     addi R24 R24 -1
0x00000029: 0x171FFFF5	            	     bnez R24 f_lp
0x0000002A: 0x8C040100	            	     lw R4 R0 m_sign
0x0000002B: 0x02E42826	            	     and R5 R23 R4
0x0000002C: 0x2C1B0001	            	     addi R27 R0 1
0x0000002D: 0x10BF0001	            	     beqz R5 s_fin
0x0000002E: 0x2C1B0000	            	     addi R27 R0 0
					            	 
0x0000002F: 0xAC1B0900	s_fin:      	 sw R27 R0 out_val
0x00000030: 0xFFFF0000	            	     halt
					            	 
					            	 * ========================================================
					            	 * ôĺđ÷öééú ëôě đ÷ĺăä öôä îĺâđú (FP32 Multiplication)
					            	 * ========================================================
0x00000031: 0x103F0026	fpmul:      	 beqz R1 m_zero   * äâđä: ŕí ÷ěč ŕ' äĺŕ ŕôń, ăěâ ěńéĺí
0x00000032: 0x105F0025	    beqz R2 m_zero      * äâđä:	 ŕí ÷ěč á' äĺŕ ŕôń, ăěâ ěńéĺí
0x00000033: 0x00223024	            	     xor R6 R1 R2
0x00000034: 0x8C040100	            	     lw R4 R0 m_sign
0x00000035: 0x00C43026	            	     and R6 R6 R4
0x00000036: 0x8C040101	            	     lw R4 R0 m_exp
0x00000037: 0x00243826	            	     and R7 R1 R4
0x00000038: 0x00444026	            	     and R8 R2 R4
0x00000039: 0x00E84823	            	     add R9 R7 R8
0x0000003A: 0x8C050104	            	     lw R5 R0 bias_s
0x0000003B: 0x01254822	            	     sub R9 R9 R5
0x0000003C: 0x8C040102	            	     lw R4 R0 m_mant
0x0000003D: 0x00245826	            	     and R11 R1 R4
0x0000003E: 0x00446026	            	     and R12 R2 R4
0x0000003F: 0x8C050103	            	     lw R5 R0 impl_1
0x00000040: 0x01655825	            	     or R11 R11 R5
0x00000041: 0x01856025	            	     or R12 R12 R5
0x00000042: 0x2C0D0000	            	     addi R13 R0 0
0x00000043: 0x2C0E0018	            	     addi R14 R0 24
0x00000044: 0x2C0A0001	            	     addi R10 R0 1
					            	 
0x00000045: 0x018A7826	l_mul:      	 and R15 R12 R10
0x00000046: 0x11FF0001	            	     beqz R15 s_prod
0x00000047: 0x01AB6823	            	     add R13 R13 R11
					            	 
0x00000048: 0x2DCEFFFF	s_prod:     	 addi R14 R14 -1
0x00000049: 0x11DF0003	            	     beqz R14 m_norm
0x0000004A: 0x01BF6802	            	     srli R13 R13
0x0000004B: 0x019F6002	            	     srli R12 R12
0x0000004C: 0x15DFFFF8	            	     bnez R14 l_mul
					            	 
0x0000004D: 0x8C040105	m_norm:     	 lw R4 R0 m_b24
0x0000004E: 0x01A47826	            	     and R15 R13 R4
0x0000004F: 0x11FF0003	            	     beqz R15 pack_r
0x00000050: 0x01BF6802	            	     srli R13 R13
0x00000051: 0x8C040103	            	     lw R4 R0 impl_1
0x00000052: 0x01244823	            	     add R9 R9 R4
					            	 
0x00000053: 0x8C040102	pack_r:     	 lw R4 R0 m_mant
0x00000054: 0x01A46826	            	     and R13 R13 R4
0x00000055: 0x01A91825	            	     or R3 R13 R9
0x00000056: 0x00661825	            	     or R3 R3 R6
0x00000057: 0x5BFF0000	            	     jr R31
					            	 
0x00000058: 0x2C030000	m_zero:     	 addi R3 R0 0    * ůâřú čéôĺě áŕôń: äçćřú 0 îĺçěč ě-R3
0x00000059: 0x5BFF0035	            	     jr R31
					            	 
					            	 * ========================================================
					            	 * ôĺđ÷öééú çéáĺř đ÷ĺăä öôä (FP32 Addition)
					            	 * ========================================================
0x0000005A: 0x103F003D	fpadd:      	 beqz R1 r2_rt
0x0000005B: 0x105F003E	            	     beqz R2 r1_rt
0x0000005C: 0x8C040102	            	     lw R4 R0 m_mant
0x0000005D: 0x8C050101	            	     lw R5 R0 m_exp
0x0000005E: 0x00852025	            	     or R4 R4 R5
0x0000005F: 0x00243826	            	     and R7 R1 R4
0x00000060: 0x00444026	            	     and R8 R2 R4
0x00000061: 0x00E84822	            	     sub R9 R7 R8
0x00000062: 0x8C040100	            	     lw R4 R0 m_sign
0x00000063: 0x01242826	            	     and R5 R9 R4
0x00000064: 0x10BF0003	            	     beqz R5 no_swp
0x00000065: 0x00202023	            	     add R4 R1 R0
0x00000066: 0x00400823	            	     add R1 R2 R0
0x00000067: 0x00801023	            	     add R2 R4 R0
					            	 
0x00000068: 0x8C040101	no_swp:     	 lw R4 R0 m_exp
0x00000069: 0x00243826	            	     and R7 R1 R4
0x0000006A: 0x00444026	            	     and R8 R2 R4
0x0000006B: 0x8C040100	            	     lw R4 R0 m_sign
0x0000006C: 0x00242826	            	     and R5 R1 R4
0x0000006D: 0x00443026	            	     and R6 R2 R4
0x0000006E: 0x8C040102	            	     lw R4 R0 m_mant
0x0000006F: 0x00245826	            	     and R11 R1 R4
0x00000070: 0x00446026	            	     and R12 R2 R4
0x00000071: 0x8C040103	            	     lw R4 R0 impl_1
0x00000072: 0x01645825	            	     or R11 R11 R4
0x00000073: 0x01846025	            	     or R12 R12 R4
0x00000074: 0x00E84822	            	     sub R9 R7 R8
					            	 
0x00000075: 0x113F0004	al_lp:      	 beqz R9 al_dn
0x00000076: 0x019F6002	            	     srli R12 R12
0x00000077: 0x8C040103	            	     lw R4 R0 impl_1
0x00000078: 0x01244822	            	     sub R9 R9 R4
0x00000079: 0x101FFFFB	            	     beqz R0 al_lp
					            	 
0x0000007A: 0x00A62024	al_dn:      	 xor R4 R5 R6
0x0000007B: 0x8C0A0100	            	     lw R10 R0 m_sign
0x0000007C: 0x008A2026	            	     and R4 R4 R10
0x0000007D: 0x149F000A	            	     bnez R4 sb_mnt
0x0000007E: 0x016C6823	            	     add R13 R11 R12
0x0000007F: 0x00A01823	            	     add R3 R5 R0
0x00000080: 0x00E04823	            	     add R9 R7 R0
0x00000081: 0x8C040105	            	     lw R4 R0 m_b24
0x00000082: 0x01A47826	            	     and R15 R13 R4
0x00000083: 0x11FF000F	            	     beqz R15 pk_ad
0x00000084: 0x01BF6802	            	     srli R13 R13
0x00000085: 0x8C040103	            	     lw R4 R0 impl_1
0x00000086: 0x01244823	            	     add R9 R9 R4
0x00000087: 0x101F000B	            	     beqz R0 pk_ad
					            	 
0x00000088: 0x016C6822	sb_mnt:     	 sub R13 R11 R12
0x00000089: 0x00A01823	            	     add R3 R5 R0
0x0000008A: 0x00E04823	            	     add R9 R7 R0
0x0000008B: 0x11BF0010	            	     beqz R13 rt_zr
					            	 
0x0000008C: 0x8C040103	nm_sb:      	 lw R4 R0 impl_1
0x0000008D: 0x01A47826	            	     and R15 R13 R4
0x0000008E: 0x15FF0004	            	     bnez R15 pk_ad
0x0000008F: 0x01BF6800	            	     slli R13 R13
0x00000090: 0x8C040103	            	     lw R4 R0 impl_1
0x00000091: 0x01244822	            	     sub R9 R9 R4
0x00000092: 0x153FFFF9	            	     bnez R9 nm_sb
					            	 
0x00000093: 0x8C040102	pk_ad:      	 lw R4 R0 m_mant
0x00000094: 0x01A46826	            	     and R13 R13 R4
0x00000095: 0x00691825	            	     or R3 R3 R9
0x00000096: 0x006D1825	            	     or R3 R3 R13
0x00000097: 0x5BFF0000	            	     jr R31
					            	 
0x00000098: 0x00401823	r2_rt:      	 add R3 R2 R0
0x00000099: 0x5BFF0000	            	     jr R31
					            	 
0x0000009A: 0x00201823	r1_rt:      	 add R3 R1 R0
0x0000009B: 0x5BFF0000	            	     jr R31
					            	 
0x0000009C: 0x2C030000	rt_zr:      	 addi R3 R0 0
0x0000009D: 0x5BFF0000	            	     jr R31
					            	 
0x00000100: 0x80000000	m_sign:     	 dc 0x80000000
0x00000101: 0x7F800000	m_exp:      	  dc 0x7F800000
0x00000102: 0x007FFFFF	m_mant:     	 dc 0x007FFFFF
0x00000103: 0x00800000	impl_1:     	 dc 0x00800000
0x00000104: 0x3F800000	bias_s:     	 dc 0x3F800000
0x00000105: 0x01000000	m_b24:      	  dc 0x01000000
					            	 
					            	 * ========================================================
0x00000200: 0x3EB510E5	            	 dc 0x3EB510E5
0x00000201: 0xBEC51810	            	 dc 0xBEC51810
0x00000202: 0xBEFBBBD4	            	 dc 0xBEFBBBD4
0x00000203: 0x3DBD2AB1	            	 dc 0x3DBD2AB1
0x00000204: 0x3ECA433A	            	 dc 0x3ECA433A
0x00000205: 0xBE0DBAED	            	 dc 0xBE0DBAED
0x00000206: 0x3F5D8941	            	 dc 0x3F5D8941
0x00000207: 0x3EAA56CE	            	 dc 0x3EAA56CE
0x00000208: 0xBD0C95D5	            	 dc 0xBD0C95D5
0x00000209: 0xBE46D957	            	 dc 0xBE46D957
0x0000020A: 0xBE9086F3	            	 dc 0xBE9086F3
0x0000020B: 0x3ED3179B	            	 dc 0x3ED3179B
0x0000020C: 0xBDE27281	            	 dc 0xBDE27281
0x0000020D: 0xBF4AE682	            	 dc 0xBF4AE682
0x0000020E: 0xBE3BECC2	            	 dc 0xBE3BECC2
0x0000020F: 0x3EDB5629	            	 dc 0x3EDB5629
0x00000210: 0xBF124ECD	            	 dc 0xBF124ECD
0x00000211: 0xBF158D45	            	 dc 0xBF158D45
0x00000212: 0x3D689F39	            	 dc 0x3D689F39
0x00000213: 0x3D6AA88F	            	 dc 0x3D6AA88F
0x00000214: 0x3E77BA54	            	 dc 0x3E77BA54
0x00000215: 0x3F2104A7	            	 dc 0x3F2104A7
0x00000216: 0x3ECEDBA8	            	 dc 0x3ECEDBA8
0x00000217: 0x3E4CA377	            	 dc 0x3E4CA377
0x00000218: 0x3ECD00FA	            	 dc 0x3ECD00FA
0x00000219: 0xBEA3293C	            	 dc 0xBEA3293C
0x0000021A: 0xBE7EC04B	            	 dc 0xBE7EC04B
0x0000021B: 0xBEFA6EBF	            	 dc 0xBEFA6EBF
0x0000021C: 0xBEBE1CF6	            	 dc 0xBEBE1CF6
0x0000021D: 0x3E716A4A	            	 dc 0x3E716A4A
0x0000021E: 0xBF3BF542	            	 dc 0xBF3BF542
0x0000021F: 0xBDF4676C	            	 dc 0xBDF4676C
					            	 * ==========================================================
					            	 * --- Neuron 1 Weights ---
0x00000300: 0x3F02A6D8	            	 dc 0x3F02A6D8
0x00000301: 0x3FAE57E5	            	 dc 0x3FAE57E5
0x00000302: 0x3EB3D827	            	 dc 0x3EB3D827
0x00000303: 0x3F58EF6A	            	 dc 0x3F58EF6A
0x00000304: 0xBD313F19	            	 dc 0xBD313F19
0x00000305: 0xBCFDCFF7	            	 dc 0xBCFDCFF7
0x00000306: 0x3DC2E693	            	 dc 0x3DC2E693
0x00000307: 0x3F429CE6	            	 dc 0x3F429CE6
0x00000308: 0x3EB6A238	            	 dc 0x3EB6A238
0x00000309: 0x3E04E374	            	 dc 0x3E04E374
0x0000030A: 0x3E9970A3	            	 dc 0x3E9970A3
0x0000030B: 0x3FD0E363	            	 dc 0x3FD0E363
0x0000030C: 0x3F1B5F2A	            	 dc 0x3F1B5F2A
0x0000030D: 0x3EA1086B	            	 dc 0x3EA1086B
0x0000030E: 0xBDC01B80	            	 dc 0xBDC01B80
0x0000030F: 0x3DE6B574	            	 dc 0x3DE6B574
0x00000310: 0xBB2BE92C	            	 dc 0xBB2BE92C
0x00000311: 0x3D82CA1A	            	 dc 0x3D82CA1A
0x00000312: 0x3E187AB5	            	 dc 0x3E187AB5
0x00000313: 0x3E48BCFE	            	 dc 0x3E48BCFE
0x00000314: 0x3E29C3E3	            	 dc 0x3E29C3E3
0x00000315: 0x3D0CFEFA	            	 dc 0x3D0CFEFA
0x00000316: 0x3DC7D328	            	 dc 0x3DC7D328
0x00000317: 0x3E82557E	            	 dc 0x3E82557E
0x00000318: 0xBD07DB30	            	 dc 0xBD07DB30
0x00000319: 0x3F12D4A7	            	 dc 0x3F12D4A7
0x0000031A: 0x3C821C04	            	 dc 0x3C821C04
0x0000031B: 0x3E9D099D	            	 dc 0x3E9D099D
0x0000031C: 0x3F16EA38	            	 dc 0x3F16EA38
0x0000031D: 0xBF2F27F2	            	 dc 0xBF2F27F2
0x0000031E: 0x3F12A1C6	            	 dc 0x3F12A1C6
0x0000031F: 0xBEAB696A	            	 dc 0xBEAB696A
					            	 * --- Neuron 2 Weights ---
0x00000320: 0xBE69B40A	            	 dc 0xBE69B40A
0x00000321: 0xBFB82DC5	            	 dc 0xBFB82DC5
0x00000322: 0xBF292861	            	 dc 0xBF292861
0x00000323: 0xBECC84F9	            	 dc 0xBECC84F9
0x00000324: 0x3DF13C41	            	 dc 0x3DF13C41
0x00000325: 0x3E1A4B53	            	 dc 0x3E1A4B53
0x00000326: 0xBC375C83	            	 dc 0xBC375C83
0x00000327: 0xBF43E35F	            	 dc 0xBF43E35F
0x00000328: 0xBF0D1500	            	 dc 0xBF0D1500
0x00000329: 0xBF4F01A8	            	 dc 0xBF4F01A8
0x0000032A: 0x3D0E5738	            	 dc 0x3D0E5738
0x0000032B: 0xBFD794B7	            	 dc 0xBFD794B7
0x0000032C: 0xBF5B792C	            	 dc 0xBF5B792C
0x0000032D: 0xBE0D2B55	            	 dc 0xBE0D2B55
0x0000032E: 0x3D90E370	            	 dc 0x3D90E370
0x0000032F: 0x3DBBCF4C	            	 dc 0x3DBBCF4C
0x00000330: 0xBD983B2D	            	 dc 0xBD983B2D
0x00000331: 0xBEDF2F01	            	 dc 0xBEDF2F01
0x00000332: 0xBEF2EBDD	            	 dc 0xBEF2EBDD
0x00000333: 0xBD479BFD	            	 dc 0xBD479BFD
0x00000334: 0xBF12E190	            	 dc 0xBF12E190
0x00000335: 0xBD9539F8	            	 dc 0xBD9539F8
0x00000336: 0xBDCAA97A	            	 dc 0xBDCAA97A
0x00000337: 0x3BDC997C	            	 dc 0x3BDC997C
0x00000338: 0xBED58034	            	 dc 0xBED58034
0x00000339: 0xBF818CC6	            	 dc 0xBF818CC6
0x0000033A: 0x3E577BC1	            	 dc 0x3E577BC1
0x0000033B: 0xBEF88036	            	 dc 0xBEF88036
0x0000033C: 0xBF0C546F	            	 dc 0xBF0C546F
0x0000033D: 0x3D89484C	            	 dc 0x3D89484C
0x0000033E: 0xBEBE3241	            	 dc 0xBEBE3241
0x0000033F: 0xBDCAFC20	            	 dc 0xBDCAFC20
					            	 * --- Neuron 3 Weights ---
0x00000340: 0x3E630561	            	 dc 0x3E630561
0x00000341: 0x3FB308E8	            	 dc 0x3FB308E8
0x00000342: 0x3F30067F	            	 dc 0x3F30067F
0x00000343: 0x3DE81F0A	            	 dc 0x3DE81F0A
0x00000344: 0xBD62891A	            	 dc 0xBD62891A
0x00000345: 0xBDBF0B40	            	 dc 0xBDBF0B40
0x00000346: 0x3D0BCCDA	            	 dc 0x3D0BCCDA
0x00000347: 0x3F6CF854	            	 dc 0x3F6CF854
0x00000348: 0x3F12B936	            	 dc 0x3F12B936
0x00000349: 0x3ED2441D	            	 dc 0x3ED2441D
0x0000034A: 0xBDFB7AF1	            	 dc 0xBDFB7AF1
0x0000034B: 0x3FB121CD	            	 dc 0x3FB121CD
0x0000034C: 0x3EFFCBD8	            	 dc 0x3EFFCBD8
0x0000034D: 0x3E3EE4BE	            	 dc 0x3E3EE4BE
0x0000034E: 0x3CA3E99A	            	 dc 0x3CA3E99A
0x0000034F: 0x3C2054BF	            	 dc 0x3C2054BF
0x00000350: 0xBE3D36B8	            	 dc 0xBE3D36B8
0x00000351: 0x3E027828	            	 dc 0x3E027828
0x00000352: 0x3EF6FA58	            	 dc 0x3EF6FA58
0x00000353: 0xBE168862	            	 dc 0xBE168862
0x00000354: 0x3F13879C	            	 dc 0x3F13879C
0x00000355: 0xBDCFFC91	            	 dc 0xBDCFFC91
0x00000356: 0x3E92B895	            	 dc 0x3E92B895
0x00000357: 0x3E54E181	            	 dc 0x3E54E181
0x00000358: 0xBD613727	            	 dc 0xBD613727
0x00000359: 0x3F3928D0	            	 dc 0x3F3928D0
0x0000035A: 0x3E8D5DB9	            	 dc 0x3E8D5DB9
0x0000035B: 0x3EB1070E	            	 dc 0x3EB1070E
0x0000035C: 0x3F0F0B13	            	 dc 0x3F0F0B13
0x0000035D: 0x3E0DEEF9	            	 dc 0x3E0DEEF9
0x0000035E: 0x3E880662	            	 dc 0x3E880662
0x0000035F: 0xBE060702	            	 dc 0xBE060702
					            	 * --- Neuron 4 Weights ---
0x00000360: 0x3E7C3D14	            	 dc 0x3E7C3D14
0x00000361: 0xBF9267F3	            	 dc 0xBF9267F3
0x00000362: 0xBF03D92F	            	 dc 0xBF03D92F
0x00000363: 0xBF4F7821	            	 dc 0xBF4F7821
0x00000364: 0xBE689BE3	            	 dc 0xBE689BE3
0x00000365: 0x3E9BD438	            	 dc 0x3E9BD438
0x00000366: 0xBE8D2AB5	            	 dc 0xBE8D2AB5
0x00000367: 0xBF3AD211	            	 dc 0xBF3AD211
0x00000368: 0xBF0647BF	            	 dc 0xBF0647BF
0x00000369: 0xBF3C95AB	            	 dc 0xBF3C95AB
0x0000036A: 0x3DC79C46	            	 dc 0x3DC79C46
0x0000036B: 0xBFBE6E9A	            	 dc 0xBFBE6E9A
0x0000036C: 0xBF3590B1	            	 dc 0xBF3590B1
0x0000036D: 0xBE7B6DC5	            	 dc 0xBE7B6DC5
0x0000036E: 0x3DF28556	            	 dc 0x3DF28556
0x0000036F: 0x3E1CD32E	            	 dc 0x3E1CD32E
0x00000370: 0xBCA0B8BA	            	 dc 0xBCA0B8BA
0x00000371: 0xBED4F19F	            	 dc 0xBED4F19F
0x00000372: 0xBEAC7110	            	 dc 0xBEAC7110
0x00000373: 0xBE3BA73C	            	 dc 0xBE3BA73C
0x00000374: 0xBDA6290A	            	 dc 0xBDA6290A
0x00000375: 0xBEB23442	            	 dc 0xBEB23442
0x00000376: 0xBE8A3088	            	 dc 0xBE8A3088
0x00000377: 0xBEF93FE8	            	 dc 0xBEF93FE8
0x00000378: 0xBE933940	            	 dc 0xBE933940
0x00000379: 0xBF107484	            	 dc 0xBF107484
0x0000037A: 0xBEA76A55	            	 dc 0xBEA76A55
0x0000037B: 0xBE8E9DF4	            	 dc 0xBE8E9DF4
0x0000037C: 0xBEE3469A	            	 dc 0xBEE3469A
0x0000037D: 0xBE81E057	            	 dc 0xBE81E057
0x0000037E: 0xBF101A14	            	 dc 0xBF101A14
0x0000037F: 0xBE4DB779	            	 dc 0xBE4DB779
					            	 * --- Neuron 5 Weights ---
0x00000380: 0x3F116340	            	 dc 0x3F116340
0x00000381: 0x3FC59799	            	 dc 0x3FC59799
0x00000382: 0x3F515831	            	 dc 0x3F515831
0x00000383: 0x3EE60A9A	            	 dc 0x3EE60A9A
0x00000384: 0xBE161EBB	            	 dc 0xBE161EBB
0x00000385: 0xBDAD867D	            	 dc 0xBDAD867D
0x00000386: 0xBD7FDC77	            	 dc 0xBD7FDC77
0x00000387: 0x3F1CDBB8	            	 dc 0x3F1CDBB8
0x00000388: 0x3E84B873	            	 dc 0x3E84B873
0x00000389: 0x3ECB6BAD	            	 dc 0x3ECB6BAD
0x0000038A: 0x3EB5A76D	            	 dc 0x3EB5A76D
0x0000038B: 0x3FD669FF	            	 dc 0x3FD669FF
0x0000038C: 0x3F88F608	            	 dc 0x3F88F608
0x0000038D: 0xBE82556F	            	 dc 0xBE82556F
0x0000038E: 0x3F0114AD	            	 dc 0x3F0114AD
0x0000038F: 0xBDC3C6EC	            	 dc 0xBDC3C6EC
0x00000390: 0xBE01B697	            	 dc 0xBE01B697
0x00000391: 0x3E93CC64	            	 dc 0x3E93CC64
0x00000392: 0x3C5DA067	            	 dc 0x3C5DA067
0x00000393: 0x3D0D2318	            	 dc 0x3D0D2318
0x00000394: 0x3F0CE79C	            	 dc 0x3F0CE79C
0x00000395: 0xBD44C293	            	 dc 0xBD44C293
0x00000396: 0x3E8E4A63	            	 dc 0x3E8E4A63
0x00000397: 0x3E5F9953	            	 dc 0x3E5F9953
0x00000398: 0x3F2C6DC2	            	 dc 0x3F2C6DC2
0x00000399: 0x3EF8C5F0	            	 dc 0x3EF8C5F0
0x0000039A: 0x3ED5ABE5	            	 dc 0x3ED5ABE5
0x0000039B: 0x3DC54829	            	 dc 0x3DC54829
0x0000039C: 0x3F245301	            	 dc 0x3F245301
0x0000039D: 0x3E656E0C	            	 dc 0x3E656E0C
0x0000039E: 0x3EAEC7C2	            	 dc 0x3EAEC7C2
0x0000039F: 0xBD20D70E	            	 dc 0xBD20D70E
					            	 * --- Neuron 6 Weights ---
0x000003A0: 0xBD8B064A	            	 dc 0xBD8B064A
0x000003A1: 0xBF87092E	            	 dc 0xBF87092E
0x000003A2: 0xBED10A95	            	 dc 0xBED10A95
0x000003A3: 0xBE9C893A	            	 dc 0xBE9C893A
0x000003A4: 0x3E260447	            	 dc 0x3E260447
0x000003A5: 0xBEA3A73F	            	 dc 0xBEA3A73F
0x000003A6: 0xBE6279E1	            	 dc 0xBE6279E1
0x000003A7: 0xBF4A7879	            	 dc 0xBF4A7879
0x000003A8: 0xBEDD7BE5	            	 dc 0xBEDD7BE5
0x000003A9: 0xBF49C243	            	 dc 0xBF49C243
0x000003AA: 0xBE205B7D	            	 dc 0xBE205B7D
0x000003AB: 0xBFC3FFE7	            	 dc 0xBFC3FFE7
0x000003AC: 0xBF2526C4	            	 dc 0xBF2526C4
0x000003AD: 0xBE153B16	            	 dc 0xBE153B16
0x000003AE: 0xBE0C3BD6	            	 dc 0xBE0C3BD6
0x000003AF: 0xBEC38F2D	            	 dc 0xBEC38F2D
0x000003B0: 0xBE78B027	            	 dc 0xBE78B027
0x000003B1: 0xBE9DA85E	            	 dc 0xBE9DA85E
0x000003B2: 0xBD20AF72	            	 dc 0xBD20AF72
0x000003B3: 0xBEB88B35	            	 dc 0xBEB88B35
0x000003B4: 0xBEDF33AF	            	 dc 0xBEDF33AF
0x000003B5: 0x3D805E1E	            	 dc 0x3D805E1E
0x000003B6: 0xBE371888	            	 dc 0xBE371888
0x000003B7: 0xBF404068	            	 dc 0xBF404068
0x000003B8: 0xBE3DAD11	            	 dc 0xBE3DAD11
0x000003B9: 0xBF06822E	            	 dc 0xBF06822E
0x000003BA: 0xBC43CBE7	            	 dc 0xBC43CBE7
0x000003BB: 0xBF174845	            	 dc 0xBF174845
0x000003BC: 0xBE7D59EC	            	 dc 0xBE7D59EC
0x000003BD: 0xBD58115B	            	 dc 0xBD58115B
0x000003BE: 0xBEF95B67	            	 dc 0xBEF95B67
0x000003BF: 0xBE0CE535	            	 dc 0xBE0CE535
					            	 * --- Neuron 7 Weights ---
0x000003C0: 0x3E935AFA	            	 dc 0x3E935AFA
0x000003C1: 0x3FB0528A	            	 dc 0x3FB0528A
0x000003C2: 0x3F269F8C	            	 dc 0x3F269F8C
0x000003C3: 0x3E9054E0	            	 dc 0x3E9054E0
0x000003C4: 0x3CA7E19D	            	 dc 0x3CA7E19D
0x000003C5: 0x3D4ECFE3	            	 dc 0x3D4ECFE3
0x000003C6: 0x3E21B1CB	            	 dc 0x3E21B1CB
0x000003C7: 0x3F4F65D9	            	 dc 0x3F4F65D9
0x000003C8: 0x3E2190EB	            	 dc 0x3E2190EB
0x000003C9: 0x3F068472	            	 dc 0x3F068472
0x000003CA: 0xBD0B2D3D	            	 dc 0xBD0B2D3D
0x000003CB: 0x3FBADF9F	            	 dc 0x3FBADF9F
0x000003CC: 0x3EDAD181	            	 dc 0x3EDAD181
0x000003CD: 0xBE3513C7	            	 dc 0xBE3513C7
0x000003CE: 0x3CEFD0A9	            	 dc 0x3CEFD0A9
0x000003CF: 0xBE9180E5	            	 dc 0xBE9180E5
0x000003D0: 0x3E1FC588	            	 dc 0x3E1FC588
0x000003D1: 0x3EBB5B29	            	 dc 0x3EBB5B29
0x000003D2: 0x3EDC603F	            	 dc 0x3EDC603F
0x000003D3: 0x3E2279AA	            	 dc 0x3E2279AA
0x000003D4: 0x3E8F8B5F	            	 dc 0x3E8F8B5F
0x000003D5: 0xBE46B9C0	            	 dc 0xBE46B9C0
0x000003D6: 0x3DFA420E	            	 dc 0x3DFA420E
0x000003D7: 0x3ED57B7B	            	 dc 0x3ED57B7B
0x000003D8: 0x3E5E0687	            	 dc 0x3E5E0687
0x000003D9: 0x3F124E5C	            	 dc 0x3F124E5C
0x000003DA: 0xBD0A5C2D	            	 dc 0xBD0A5C2D
0x000003DB: 0x3EFD712A	            	 dc 0x3EFD712A
0x000003DC: 0x3E39FC39	            	 dc 0x3E39FC39
0x000003DD: 0x3DF50344	            	 dc 0x3DF50344
0x000003DE: 0x3EC37810	            	 dc 0x3EC37810
0x000003DF: 0xBD3C7E7C	            	 dc 0xBD3C7E7C
					            	 * --- Neuron 8 Weights ---
0x000003E0: 0xBEBB9A18	            	 dc 0xBEBB9A18
0x000003E1: 0xBF8E58F7	            	 dc 0xBF8E58F7
0x000003E2: 0xBED3FE19	            	 dc 0xBED3FE19
0x000003E3: 0xBF08CCA5	            	 dc 0xBF08CCA5
0x000003E4: 0xBC99A4E8	            	 dc 0xBC99A4E8
0x000003E5: 0xBE904FD6	            	 dc 0xBE904FD6
0x000003E6: 0xBC5B86FA	            	 dc 0xBC5B86FA
0x000003E7: 0xBF6CB29E	            	 dc 0xBF6CB29E
0x000003E8: 0xBE952B93	            	 dc 0xBE952B93
0x000003E9: 0xBE2D1104	            	 dc 0xBE2D1104
0x000003EA: 0x3E7EF829	            	 dc 0x3E7EF829
0x000003EB: 0xBFCA848D	            	 dc 0xBFCA848D
0x000003EC: 0xBF33A38A	            	 dc 0xBF33A38A
0x000003ED: 0xBDD84349	            	 dc 0xBDD84349
0x000003EE: 0xBE54C686	            	 dc 0xBE54C686
0x000003EF: 0xBE061498	            	 dc 0xBE061498
0x000003F0: 0xBCDC0707	            	 dc 0xBCDC0707
0x000003F1: 0xBF1FC75B	            	 dc 0xBF1FC75B
0x000003F2: 0xBF0A5B17	            	 dc 0xBF0A5B17
0x000003F3: 0xBF16FB3F	            	 dc 0xBF16FB3F
0x000003F4: 0xBED9A8C3	            	 dc 0xBED9A8C3
0x000003F5: 0xBEC30012	            	 dc 0xBEC30012
0x000003F6: 0xBA9CCD66	            	 dc 0xBA9CCD66
0x000003F7: 0x3D1B4754	            	 dc 0x3D1B4754
0x000003F8: 0xBEBBE36B	            	 dc 0xBEBBE36B
0x000003F9: 0xBF44B5DD	            	 dc 0xBF44B5DD
0x000003FA: 0xBE7A1F50	            	 dc 0xBE7A1F50
0x000003FB: 0xBF1442D5	            	 dc 0xBF1442D5
0x000003FC: 0xBEA00735	            	 dc 0xBEA00735
0x000003FD: 0xBE021E16	            	 dc 0xBE021E16
0x000003FE: 0xBEC17E6C	            	 dc 0xBEC17E6C
0x000003FF: 0xBE82A86C	            	 dc 0xBE82A86C
					            	 * --- Neuron 9 Weights ---
0x00000400: 0x3C0D56F6	            	 dc 0x3C0D56F6
0x00000401: 0xBFC52088	            	 dc 0xBFC52088
0x00000402: 0xBEBA358B	            	 dc 0xBEBA358B
0x00000403: 0xBDDD761D	            	 dc 0xBDDD761D
0x00000404: 0xBDD5AC3D	            	 dc 0xBDD5AC3D
0x00000405: 0xBEE7CAD2	            	 dc 0xBEE7CAD2
0x00000406: 0xBE81B8AB	            	 dc 0xBE81B8AB
0x00000407: 0xBF6A7F3A	            	 dc 0xBF6A7F3A
0x00000408: 0xBE6F8F4F	            	 dc 0xBE6F8F4F
0x00000409: 0xBE15AFAE	            	 dc 0xBE15AFAE
0x0000040A: 0xBD3D08AE	            	 dc 0xBD3D08AE
0x0000040B: 0xBFB25851	            	 dc 0xBFB25851
0x0000040C: 0xBF6F4561	            	 dc 0xBF6F4561
0x0000040D: 0xBF2E3D27	            	 dc 0xBF2E3D27
0x0000040E: 0xBB9E63DE	            	 dc 0xBB9E63DE
0x0000040F: 0xBDCA2018	            	 dc 0xBDCA2018
0x00000410: 0xBCEAFF04	            	 dc 0xBCEAFF04
0x00000411: 0xBDD38D5D	            	 dc 0xBDD38D5D
0x00000412: 0xBE902D66	            	 dc 0xBE902D66
0x00000413: 0xBE6F26B2	            	 dc 0xBE6F26B2
0x00000414: 0xBF298131	            	 dc 0xBF298131
0x00000415: 0xBDAEE0E1	            	 dc 0xBDAEE0E1
0x00000416: 0x3D47C533	            	 dc 0x3D47C533
0x00000417: 0xBF162535	            	 dc 0xBF162535
0x00000418: 0xBC082AF3	            	 dc 0xBC082AF3
0x00000419: 0xBF4C2292	            	 dc 0xBF4C2292
0x0000041A: 0x3D5CCE55	            	 dc 0x3D5CCE55
0x0000041B: 0xBEFA417F	            	 dc 0xBEFA417F
0x0000041C: 0xBE34143A	            	 dc 0xBE34143A
0x0000041D: 0xBDAD4552	            	 dc 0xBDAD4552
0x0000041E: 0xBED74853	            	 dc 0xBED74853
0x0000041F: 0xBD87703B	            	 dc 0xBD87703B
					            	 * --- Neuron 10 Weights ---
0x00000420: 0x3C5E638C	            	 dc 0x3C5E638C
0x00000421: 0xBFA319BA	            	 dc 0xBFA319BA
0x00000422: 0xBF0A5C86	            	 dc 0xBF0A5C86
0x00000423: 0xBEFD6822	            	 dc 0xBEFD6822
0x00000424: 0xBDEC1773	            	 dc 0xBDEC1773
0x00000425: 0xBE463ED5	            	 dc 0xBE463ED5
0x00000426: 0x3E2DFD25	            	 dc 0x3E2DFD25
0x00000427: 0xBF767D8D	            	 dc 0xBF767D8D
0x00000428: 0xBEBC7C03	            	 dc 0xBEBC7C03
0x00000429: 0xBEFE06F6	            	 dc 0xBEFE06F6
0x0000042A: 0xBC125070	            	 dc 0xBC125070
0x0000042B: 0xBFB4DB77	            	 dc 0xBFB4DB77
0x0000042C: 0xBF26F164	            	 dc 0xBF26F164
0x0000042D: 0xBEAE07C1	            	 dc 0xBEAE07C1
0x0000042E: 0xBEDFD64C	            	 dc 0xBEDFD64C
0x0000042F: 0xBE44A22D	            	 dc 0xBE44A22D
0x00000430: 0xBEED12B4	            	 dc 0xBEED12B4
0x00000431: 0xBDBACCB1	            	 dc 0xBDBACCB1
0x00000432: 0xBDD8A691	            	 dc 0xBDD8A691
0x00000433: 0x3E0A9E4D	            	 dc 0x3E0A9E4D
0x00000434: 0xBE490347	            	 dc 0xBE490347
0x00000435: 0xBE8E973B	            	 dc 0xBE8E973B
0x00000436: 0x3EDA6C61	            	 dc 0x3EDA6C61
0x00000437: 0x3D0DD4CB	            	 dc 0x3D0DD4CB
0x00000438: 0xBE603FF7	            	 dc 0xBE603FF7
0x00000439: 0xBE9B9162	            	 dc 0xBE9B9162
0x0000043A: 0x3D7DBEE3	            	 dc 0x3D7DBEE3
0x0000043B: 0xBE109141	            	 dc 0xBE109141
0x0000043C: 0xBE33E5F9	            	 dc 0xBE33E5F9
0x0000043D: 0x3F0F80BF	            	 dc 0x3F0F80BF
0x0000043E: 0xBE89E62A	            	 dc 0xBE89E62A
0x0000043F: 0x3E034355	            	 dc 0x3E034355
					            	 * --- Neuron 11 Weights ---
0x00000440: 0xBEB8AC4E	            	 dc 0xBEB8AC4E
0x00000441: 0xBFA5D5BC	            	 dc 0xBFA5D5BC
0x00000442: 0xBEA153A7	            	 dc 0xBEA153A7
0x00000443: 0xBE3DA919	            	 dc 0xBE3DA919
0x00000444: 0xBE9935BE	            	 dc 0xBE9935BE
0x00000445: 0xBE062F44	            	 dc 0xBE062F44
0x00000446: 0xBD18585C	            	 dc 0xBD18585C
0x00000447: 0xBFB30348	            	 dc 0xBFB30348
0x00000448: 0xBEB570D4	            	 dc 0xBEB570D4
0x00000449: 0xBF464B7E	            	 dc 0xBF464B7E
0x0000044A: 0x3E8B3F15	            	 dc 0x3E8B3F15
0x0000044B: 0xBFB859F3	            	 dc 0xBFB859F3
0x0000044C: 0xBF440585	            	 dc 0xBF440585
0x0000044D: 0xBE9B46E7	            	 dc 0xBE9B46E7
0x0000044E: 0x3E190396	            	 dc 0x3E190396
0x0000044F: 0xBEB60C9A	            	 dc 0xBEB60C9A
0x00000450: 0xBD91F389	            	 dc 0xBD91F389
0x00000451: 0xBE38E500	            	 dc 0xBE38E500
0x00000452: 0xBE6AA9DB	            	 dc 0xBE6AA9DB
0x00000453: 0x3D89785B	            	 dc 0x3D89785B
0x00000454: 0xBE6263EC	            	 dc 0xBE6263EC
0x00000455: 0xBE77D0EA	            	 dc 0xBE77D0EA
0x00000456: 0xBE3F3289	            	 dc 0xBE3F3289
0x00000457: 0xBEE23CB8	            	 dc 0xBEE23CB8
0x00000458: 0xBEBB4178	            	 dc 0xBEBB4178
0x00000459: 0xBF96B2C7	            	 dc 0xBF96B2C7
0x0000045A: 0x3CBF1B38	            	 dc 0x3CBF1B38
0x0000045B: 0xBECF49D6	            	 dc 0xBECF49D6
0x0000045C: 0xBED99CA8	            	 dc 0xBED99CA8
0x0000045D: 0x3E5AA314	            	 dc 0x3E5AA314
0x0000045E: 0xBEF3EA24	            	 dc 0xBEF3EA24
0x0000045F: 0x3C4AE4FB	            	 dc 0x3C4AE4FB
					            	 * --- Neuron 12 Weights ---
0x00000460: 0x3EB5E01D	            	 dc 0x3EB5E01D
0x00000461: 0x3F8C0864	            	 dc 0x3F8C0864
0x00000462: 0x3EB0688C	            	 dc 0x3EB0688C
0x00000463: 0x3EA961A8	            	 dc 0x3EA961A8
0x00000464: 0x3E1C3994	            	 dc 0x3E1C3994
0x00000465: 0x3D3543A3	            	 dc 0x3D3543A3
0x00000466: 0xBE4CDF9C	            	 dc 0xBE4CDF9C
0x00000467: 0x3F96F333	            	 dc 0x3F96F333
0x00000468: 0x3E5721A0	            	 dc 0x3E5721A0
0x00000469: 0xBD9D2784	            	 dc 0xBD9D2784
0x0000046A: 0xBEDDE617	            	 dc 0xBEDDE617
0x0000046B: 0x3F9B9FF3	            	 dc 0x3F9B9FF3
0x0000046C: 0x3F464791	            	 dc 0x3F464791
0x0000046D: 0x3E2A456F	            	 dc 0x3E2A456F
0x0000046E: 0x3E989B7C	            	 dc 0x3E989B7C
0x0000046F: 0x3D60D1F4	            	 dc 0x3D60D1F4
0x00000470: 0x3E2787D9	            	 dc 0x3E2787D9
0x00000471: 0x3ECE7BD4	            	 dc 0x3ECE7BD4
0x00000472: 0x3EB6DCA2	            	 dc 0x3EB6DCA2
0x00000473: 0x3E75DE99	            	 dc 0x3E75DE99
0x00000474: 0x3E292977	            	 dc 0x3E292977
0x00000475: 0xBDC3AC13	            	 dc 0xBDC3AC13
0x00000476: 0xBE494EA4	            	 dc 0xBE494EA4
0x00000477: 0xBE5CAF0D	            	 dc 0xBE5CAF0D
0x00000478: 0x3F001A3B	            	 dc 0x3F001A3B
0x00000479: 0x3F407563	            	 dc 0x3F407563
0x0000047A: 0x3E04230C	            	 dc 0x3E04230C
0x0000047B: 0x3E1A3B26	            	 dc 0x3E1A3B26
0x0000047C: 0x3EF6F84F	            	 dc 0x3EF6F84F
0x0000047D: 0x3C6F8C16	            	 dc 0x3C6F8C16
0x0000047E: 0x3EB00DD7	            	 dc 0x3EB00DD7
0x0000047F: 0x3E8E3438	            	 dc 0x3E8E3438
					            	 * --- Neuron 13 Weights ---
0x00000480: 0x3C67A8B8	            	 dc 0x3C67A8B8
0x00000481: 0x3FCB49AC	            	 dc 0x3FCB49AC
0x00000482: 0x3E659A17	            	 dc 0x3E659A17
0x00000483: 0x3E91726A	            	 dc 0x3E91726A
0x00000484: 0x3F09B12F	            	 dc 0x3F09B12F
0x00000485: 0xBC9FF252	            	 dc 0xBC9FF252
0x00000486: 0xBED0F0A2	            	 dc 0xBED0F0A2
0x00000487: 0x3F21E12A	            	 dc 0x3F21E12A
0x00000488: 0x3EFB7D48	            	 dc 0x3EFB7D48
0x00000489: 0x3F1665CD	            	 dc 0x3F1665CD
0x0000048A: 0x3E87EA8F	            	 dc 0x3E87EA8F
0x0000048B: 0x3FA0C1B8	            	 dc 0x3FA0C1B8
0x0000048C: 0x3F1FEAA6	            	 dc 0x3F1FEAA6
0x0000048D: 0x3E5C3124	            	 dc 0x3E5C3124
0x0000048E: 0xBE943065	            	 dc 0xBE943065
0x0000048F: 0xBBA03069	            	 dc 0xBBA03069
0x00000490: 0x3EC0D63C	            	 dc 0x3EC0D63C
0x00000491: 0x3F0A92C0	            	 dc 0x3F0A92C0
0x00000492: 0x3E3A9186	            	 dc 0x3E3A9186
0x00000493: 0xBD326E12	            	 dc 0xBD326E12
0x00000494: 0x3EDA1E18	            	 dc 0x3EDA1E18
0x00000495: 0xBCEF9572	            	 dc 0xBCEF9572
0x00000496: 0xBD3BACA9	            	 dc 0xBD3BACA9
0x00000497: 0xBE04776E	            	 dc 0xBE04776E
0x00000498: 0x3D0E940E	            	 dc 0x3D0E940E
0x00000499: 0x3F2661F1	            	 dc 0x3F2661F1
0x0000049A: 0x3DB08544	            	 dc 0x3DB08544
0x0000049B: 0x3EA86A57	            	 dc 0x3EA86A57
0x0000049C: 0x3F37949C	            	 dc 0x3F37949C
0x0000049D: 0xBD2C111F	            	 dc 0xBD2C111F
0x0000049E: 0x3EAD9216	            	 dc 0x3EAD9216
0x0000049F: 0x3D6E3699	            	 dc 0x3D6E3699
					            	 * --- Neuron 14 Weights ---
0x000004A0: 0xBF3F1292	            	 dc 0xBF3F1292
0x000004A1: 0xBF8FFDE5	            	 dc 0xBF8FFDE5
0x000004A2: 0xBF0CB10D	            	 dc 0xBF0CB10D
0x000004A3: 0xBEEBD5B3	            	 dc 0xBEEBD5B3
0x000004A4: 0xBE2D514B	            	 dc 0xBE2D514B
0x000004A5: 0xBE92E93F	            	 dc 0xBE92E93F
0x000004A6: 0xBE598EC3	            	 dc 0xBE598EC3
0x000004A7: 0xBF38260D	            	 dc 0xBF38260D
0x000004A8: 0xBEB3AF66	            	 dc 0xBEB3AF66
0x000004A9: 0xBF44EF65	            	 dc 0xBF44EF65
0x000004AA: 0xBE3A1A49	            	 dc 0xBE3A1A49
0x000004AB: 0xBFC6EB48	            	 dc 0xBFC6EB48
0x000004AC: 0xBF4131D0	            	 dc 0xBF4131D0
0x000004AD: 0xBD6F5ADD	            	 dc 0xBD6F5ADD
0x000004AE: 0x3E4D67ED	            	 dc 0x3E4D67ED
0x000004AF: 0x3D81E6D7	            	 dc 0x3D81E6D7
0x000004B0: 0xBEA23D99	            	 dc 0xBEA23D99
0x000004B1: 0xBEB02FD5	            	 dc 0xBEB02FD5
0x000004B2: 0xBF14BF44	            	 dc 0xBF14BF44
0x000004B3: 0x3D506B75	            	 dc 0x3D506B75
0x000004B4: 0xBF060399	            	 dc 0xBF060399
0x000004B5: 0xBE088D92	            	 dc 0xBE088D92
0x000004B6: 0xBDC1A456	            	 dc 0xBDC1A456
0x000004B7: 0xBEA2313F	            	 dc 0xBEA2313F
0x000004B8: 0xBE4ADD16	            	 dc 0xBE4ADD16
0x000004B9: 0xBE84F9B2	            	 dc 0xBE84F9B2
0x000004BA: 0xBEAC4D7D	            	 dc 0xBEAC4D7D
0x000004BB: 0x3E1C16D1	            	 dc 0x3E1C16D1
0x000004BC: 0x3C36970E	            	 dc 0x3C36970E
0x000004BD: 0xBE241510	            	 dc 0xBE241510
0x000004BE: 0xBEC745D9	            	 dc 0xBEC745D9
0x000004BF: 0x3E880BDB	            	 dc 0x3E880BDB
					            	 * --- Neuron 15 Weights ---
0x000004C0: 0xBE964336	            	 dc 0xBE964336
0x000004C1: 0xBFB4D447	            	 dc 0xBFB4D447
0x000004C2: 0xBEFAB930	            	 dc 0xBEFAB930
0x000004C3: 0xBF22F6C7	            	 dc 0xBF22F6C7
0x000004C4: 0xBEAF28CD	            	 dc 0xBEAF28CD
0x000004C5: 0xBDA7F1DB	            	 dc 0xBDA7F1DB
0x000004C6: 0x3DCAED4F	            	 dc 0x3DCAED4F
0x000004C7: 0xBF92F03A	            	 dc 0xBF92F03A
0x000004C8: 0xBF04B381	            	 dc 0xBF04B381
0x000004C9: 0xBD8D9DD1	            	 dc 0xBD8D9DD1
0x000004CA: 0x3D1770B3	            	 dc 0x3D1770B3
0x000004CB: 0xBFD96D49	            	 dc 0xBFD96D49
0x000004CC: 0xBF3115A6	            	 dc 0xBF3115A6
0x000004CD: 0x3DF249E1	            	 dc 0x3DF249E1
0x000004CE: 0x3CDC590F	            	 dc 0x3CDC590F
0x000004CF: 0xBE460025	            	 dc 0xBE460025
0x000004D0: 0xBE554496	            	 dc 0xBE554496
0x000004D1: 0xBF5C8184	            	 dc 0xBF5C8184
0x000004D2: 0xBEF7494D	            	 dc 0xBEF7494D
0x000004D3: 0xBDE0196F	            	 dc 0xBDE0196F
0x000004D4: 0xBC77BA2E	            	 dc 0xBC77BA2E
0x000004D5: 0xBD59F408	            	 dc 0xBD59F408
0x000004D6: 0xBE4D22EB	            	 dc 0xBE4D22EB
0x000004D7: 0xBCFACB0C	            	 dc 0xBCFACB0C
0x000004D8: 0xBC96CA62	            	 dc 0xBC96CA62
0x000004D9: 0xBF59D796	            	 dc 0xBF59D796
0x000004DA: 0xBDB3329B	            	 dc 0xBDB3329B
0x000004DB: 0xBDF271CC	            	 dc 0xBDF271CC
0x000004DC: 0xBF21A0DA	            	 dc 0xBF21A0DA
0x000004DD: 0xBE00DBCD	            	 dc 0xBE00DBCD
0x000004DE: 0xBF2F16E0	            	 dc 0xBF2F16E0
0x000004DF: 0xBDBA10A9	            	 dc 0xBDBA10A9
					            	 * --- Neuron 16 Weights ---
0x000004E0: 0x3ECC3750	            	 dc 0x3ECC3750
0x000004E1: 0x3FAC5980	            	 dc 0x3FAC5980
0x000004E2: 0x3EA78B0F	            	 dc 0x3EA78B0F
0x000004E3: 0x3E9C567F	            	 dc 0x3E9C567F
0x000004E4: 0x3DF0989E	            	 dc 0x3DF0989E
0x000004E5: 0xBE8A1151	            	 dc 0xBE8A1151
0x000004E6: 0xBD885C85	            	 dc 0xBD885C85
0x000004E7: 0x3F8B7A05	            	 dc 0x3F8B7A05
0x000004E8: 0x3EC1ED15	            	 dc 0x3EC1ED15
0x000004E9: 0x3FA13535	            	 dc 0x3FA13535
0x000004EA: 0x3E333A6E	            	 dc 0x3E333A6E
0x000004EB: 0x3FD725F6	            	 dc 0x3FD725F6
0x000004EC: 0x3F50E2CA	            	 dc 0x3F50E2CA
0x000004ED: 0x3DC52B2F	            	 dc 0x3DC52B2F
0x000004EE: 0xBE5A41B6	            	 dc 0xBE5A41B6
0x000004EF: 0x3E12BF85	            	 dc 0x3E12BF85
0x000004F0: 0x3E8A7B1B	            	 dc 0x3E8A7B1B
0x000004F1: 0x3E91B80C	            	 dc 0x3E91B80C
0x000004F2: 0xBC9CF436	            	 dc 0xBC9CF436
0x000004F3: 0x3E325284	            	 dc 0x3E325284
0x000004F4: 0x3ECD1D9C	            	 dc 0x3ECD1D9C
0x000004F5: 0x3E870FE4	            	 dc 0x3E870FE4
0x000004F6: 0x3EBFFA4F	            	 dc 0x3EBFFA4F
0x000004F7: 0x3E5BF05F	            	 dc 0x3E5BF05F
0x000004F8: 0x3F579A10	            	 dc 0x3F579A10
0x000004F9: 0x3F155F6F	            	 dc 0x3F155F6F
0x000004FA: 0xBE02311A	            	 dc 0xBE02311A
0x000004FB: 0x3E0F555A	            	 dc 0x3E0F555A
0x000004FC: 0x3EE6B031	            	 dc 0x3EE6B031
0x000004FD: 0x3B76CFD7	            	 dc 0x3B76CFD7
0x000004FE: 0x3EFB4CAA	            	 dc 0x3EFB4CAA
0x000004FF: 0xBE8C925A	            	 dc 0xBE8C925A
					            	 * --- Neuron 17 Weights ---
0x00000500: 0xBE912B26	            	 dc 0xBE912B26
0x00000501: 0xBFA47235	            	 dc 0xBFA47235
0x00000502: 0xBF5B1E27	            	 dc 0xBF5B1E27
0x00000503: 0xBEC156A7	            	 dc 0xBEC156A7
0x00000504: 0xBB1587BB	            	 dc 0xBB1587BB
0x00000505: 0x3D0395DE	            	 dc 0x3D0395DE
0x00000506: 0x3E692384	            	 dc 0x3E692384
0x00000507: 0xBF554372	            	 dc 0xBF554372
0x00000508: 0xBEA8224F	            	 dc 0xBEA8224F
0x00000509: 0xBD9CAFFA	            	 dc 0xBD9CAFFA
0x0000050A: 0x3CC37110	            	 dc 0x3CC37110
0x0000050B: 0xBFAEA0D2	            	 dc 0xBFAEA0D2
0x0000050C: 0xBF0242FB	            	 dc 0xBF0242FB
0x0000050D: 0xBE9B0282	            	 dc 0xBE9B0282
0x0000050E: 0x3D1DC59F	            	 dc 0x3D1DC59F
0x0000050F: 0x3E282710	            	 dc 0x3E282710
0x00000510: 0xBD9C8595	            	 dc 0xBD9C8595
0x00000511: 0xBE3CE026	            	 dc 0xBE3CE026
0x00000512: 0xBD3A58D9	            	 dc 0xBD3A58D9
0x00000513: 0xBBDB0FB7	            	 dc 0xBBDB0FB7
0x00000514: 0xBEA2BBA8	            	 dc 0xBEA2BBA8
0x00000515: 0x3DDEDA3E	            	 dc 0x3DDEDA3E
0x00000516: 0x3DFF1D8A	            	 dc 0x3DFF1D8A
0x00000517: 0xBE0FCE93	            	 dc 0xBE0FCE93
0x00000518: 0xBEF5F094	            	 dc 0xBEF5F094
0x00000519: 0xBF15DF6C	            	 dc 0xBF15DF6C
0x0000051A: 0xBE8C67EE	            	 dc 0xBE8C67EE
0x0000051B: 0xBDB50419	            	 dc 0xBDB50419
0x0000051C: 0xBF2F81BD	            	 dc 0xBF2F81BD
0x0000051D: 0xBE9B6C58	            	 dc 0xBE9B6C58
0x0000051E: 0xBEAD7A7E	            	 dc 0xBEAD7A7E
0x0000051F: 0xBE6983FE	            	 dc 0xBE6983FE
					            	 * --- Neuron 18 Weights ---
0x00000520: 0x3E54E4CE	            	 dc 0x3E54E4CE
0x00000521: 0x3F8D7E23	            	 dc 0x3F8D7E23
0x00000522: 0x3F12F79D	            	 dc 0x3F12F79D
0x00000523: 0x3ECC1883	            	 dc 0x3ECC1883
0x00000524: 0x3ED501BB	            	 dc 0x3ED501BB
0x00000525: 0x3E2DE864	            	 dc 0x3E2DE864
0x00000526: 0x3E3DEB35	            	 dc 0x3E3DEB35
0x00000527: 0x3F321BB6	            	 dc 0x3F321BB6
0x00000528: 0x3EAABDB5	            	 dc 0x3EAABDB5
0x00000529: 0x3F5AB013	            	 dc 0x3F5AB013
0x0000052A: 0xBCFCAAD8	            	 dc 0xBCFCAAD8
0x0000052B: 0x3F9E6CD3	            	 dc 0x3F9E6CD3
0x0000052C: 0x3F386A12	            	 dc 0x3F386A12
0x0000052D: 0x3E1BECAF	            	 dc 0x3E1BECAF
0x0000052E: 0x3D943546	            	 dc 0x3D943546
0x0000052F: 0x3E9C8A6A	            	 dc 0x3E9C8A6A
0x00000530: 0x3F0370B2	            	 dc 0x3F0370B2
0x00000531: 0x3EF4C3C2	            	 dc 0x3EF4C3C2
0x00000532: 0x3DDAF9FE	            	 dc 0x3DDAF9FE
0x00000533: 0xBE820967	            	 dc 0xBE820967
0x00000534: 0x3E888C3D	            	 dc 0x3E888C3D
0x00000535: 0x3E28B42C	            	 dc 0x3E28B42C
0x00000536: 0x3D0EA03E	            	 dc 0x3D0EA03E
0x00000537: 0x3D948E9D	            	 dc 0x3D948E9D
0x00000538: 0x3E0B8449	            	 dc 0x3E0B8449
0x00000539: 0x3EBF5D55	            	 dc 0x3EBF5D55
0x0000053A: 0x3D92A8E0	            	 dc 0x3D92A8E0
0x0000053B: 0x3E5E0FB4	            	 dc 0x3E5E0FB4
0x0000053C: 0x3E9C611C	            	 dc 0x3E9C611C
0x0000053D: 0x3DF3EC09	            	 dc 0x3DF3EC09
0x0000053E: 0x3F31DD68	            	 dc 0x3F31DD68
0x0000053F: 0x3DF8E1BC	            	 dc 0x3DF8E1BC
					            	 * --- Neuron 19 Weights ---
0x00000540: 0x3DE0254A	            	 dc 0x3DE0254A
0x00000541: 0x3FA749F4	            	 dc 0x3FA749F4
0x00000542: 0x3F068808	            	 dc 0x3F068808
0x00000543: 0x3ED7109E	            	 dc 0x3ED7109E
0x00000544: 0x3EC4D9A0	            	 dc 0x3EC4D9A0
0x00000545: 0x3E5418C4	            	 dc 0x3E5418C4
0x00000546: 0x3E00748A	            	 dc 0x3E00748A
0x00000547: 0x3F77C216	            	 dc 0x3F77C216
0x00000548: 0x3F2B0152	            	 dc 0x3F2B0152
0x00000549: 0x3F3FA0C8	            	 dc 0x3F3FA0C8
0x0000054A: 0xBDA57F05	            	 dc 0xBDA57F05
0x0000054B: 0x3FC24C8A	            	 dc 0x3FC24C8A
0x0000054C: 0x3F2CE984	            	 dc 0x3F2CE984
0x0000054D: 0x3E9CCB3B	            	 dc 0x3E9CCB3B
0x0000054E: 0x3EDCE9FB	            	 dc 0x3EDCE9FB
0x0000054F: 0x3EC8A2DA	            	 dc 0x3EC8A2DA
0x00000550: 0xBD8A27E3	            	 dc 0xBD8A27E3
0x00000551: 0x3E508DCD	            	 dc 0x3E508DCD
0x00000552: 0x3E604512	            	 dc 0x3E604512
0x00000553: 0x3EC9258F	            	 dc 0x3EC9258F
0x00000554: 0x3EB99C0A	            	 dc 0x3EB99C0A
0x00000555: 0xBE86642A	            	 dc 0xBE86642A
0x00000556: 0x3F0AA37B	            	 dc 0x3F0AA37B
0x00000557: 0x3EA7F325	            	 dc 0x3EA7F325
0x00000558: 0x3E9600E5	            	 dc 0x3E9600E5
0x00000559: 0x3F8F39D9	            	 dc 0x3F8F39D9
0x0000055A: 0xBC860D0C	            	 dc 0xBC860D0C
0x0000055B: 0x3E88907E	            	 dc 0x3E88907E
0x0000055C: 0x3D8E1731	            	 dc 0x3D8E1731
0x0000055D: 0xBEC79B47	            	 dc 0xBEC79B47
0x0000055E: 0x3D39FAEE	            	 dc 0x3D39FAEE
0x0000055F: 0x3E450F1A	            	 dc 0x3E450F1A
					            	 * --- Neuron 20 Weights ---
0x00000560: 0x3EDDBBE1	            	 dc 0x3EDDBBE1
0x00000561: 0x3FA67C34	            	 dc 0x3FA67C34
0x00000562: 0x3F46E889	            	 dc 0x3F46E889
0x00000563: 0x3D1AC0A3	            	 dc 0x3D1AC0A3
0x00000564: 0xBC0824F0	            	 dc 0xBC0824F0
0x00000565: 0x3EAF7A5C	            	 dc 0x3EAF7A5C
0x00000566: 0x3E9355A6	            	 dc 0x3E9355A6
0x00000567: 0x3F267B69	            	 dc 0x3F267B69
0x00000568: 0x3F3E6825	            	 dc 0x3F3E6825
0x00000569: 0x3F2635AE	            	 dc 0x3F2635AE
0x0000056A: 0xBEB58E4D	            	 dc 0xBEB58E4D
0x0000056B: 0x3FDBBEFE	            	 dc 0x3FDBBEFE
0x0000056C: 0x3F1865C2	            	 dc 0x3F1865C2
0x0000056D: 0x3E654A38	            	 dc 0x3E654A38
0x0000056E: 0xBE843D0C	            	 dc 0xBE843D0C
0x0000056F: 0xBE80C3B2	            	 dc 0xBE80C3B2
0x00000570: 0x3E703376	            	 dc 0x3E703376
0x00000571: 0x3E4D93EC	            	 dc 0x3E4D93EC
0x00000572: 0x3D9EBC2E	            	 dc 0x3D9EBC2E
0x00000573: 0x3E043A15	            	 dc 0x3E043A15
0x00000574: 0x3E80C514	            	 dc 0x3E80C514
0x00000575: 0x3E37A90A	            	 dc 0x3E37A90A
0x00000576: 0xBDF85249	            	 dc 0xBDF85249
0x00000577: 0x3E924CAF	            	 dc 0x3E924CAF
0x00000578: 0x3EE05206	            	 dc 0x3EE05206
0x00000579: 0x3F2DEC74	            	 dc 0x3F2DEC74
0x0000057A: 0x3E0B4B98	            	 dc 0x3E0B4B98
0x0000057B: 0x3E8D95CB	            	 dc 0x3E8D95CB
0x0000057C: 0x3EBD25A8	            	 dc 0x3EBD25A8
0x0000057D: 0x3D814D7F	            	 dc 0x3D814D7F
0x0000057E: 0x3E5AC52C	            	 dc 0x3E5AC52C
0x0000057F: 0x3E09C5F1	            	 dc 0x3E09C5F1
					            	 * --- Neuron 21 Weights ---
0x00000580: 0x3E777E01	            	 dc 0x3E777E01
0x00000581: 0xBFB1D80C	            	 dc 0xBFB1D80C
0x00000582: 0xBE841CBD	            	 dc 0xBE841CBD
0x00000583: 0x3CD25777	            	 dc 0x3CD25777
0x00000584: 0xBEAB4DAE	            	 dc 0xBEAB4DAE
0x00000585: 0xBCC8F1FF	            	 dc 0xBCC8F1FF
0x00000586: 0x3EC8D50F	            	 dc 0x3EC8D50F
0x00000587: 0xBF6119C8	            	 dc 0xBF6119C8
0x00000588: 0xBF0501B3	            	 dc 0xBF0501B3
0x00000589: 0xBF2849DA	            	 dc 0xBF2849DA
0x0000058A: 0x3E55F610	            	 dc 0x3E55F610
0x0000058B: 0xBFC98365	            	 dc 0xBFC98365
0x0000058C: 0xBF055A50	            	 dc 0xBF055A50
0x0000058D: 0x3E0C576A	            	 dc 0x3E0C576A
0x0000058E: 0x3E41AB85	            	 dc 0x3E41AB85
0x0000058F: 0x3E8201C0	            	 dc 0x3E8201C0
0x00000590: 0x3DDF47AF	            	 dc 0x3DDF47AF
0x00000591: 0xBEB0BAB3	            	 dc 0xBEB0BAB3
0x00000592: 0xBEA32BCB	            	 dc 0xBEA32BCB
0x00000593: 0xBDFFE633	            	 dc 0xBDFFE633
0x00000594: 0xBF2BAF99	            	 dc 0xBF2BAF99
0x00000595: 0x3DF9A582	            	 dc 0x3DF9A582
0x00000596: 0xBF07FCB5	            	 dc 0xBF07FCB5
0x00000597: 0xBD3098F8	            	 dc 0xBD3098F8
0x00000598: 0xBE2C7A4D	            	 dc 0xBE2C7A4D
0x00000599: 0xBF38497B	            	 dc 0xBF38497B
0x0000059A: 0xBE9D1F5C	            	 dc 0xBE9D1F5C
0x0000059B: 0xBECCEF81	            	 dc 0xBECCEF81
0x0000059C: 0xBE38B546	            	 dc 0xBE38B546
0x0000059D: 0xBD9D52F5	            	 dc 0xBD9D52F5
0x0000059E: 0xBF08E3E6	            	 dc 0xBF08E3E6
0x0000059F: 0xBB36D384	            	 dc 0xBB36D384
					            	 * --- Neuron 22 Weights ---
0x000005A0: 0xBD552DD5	            	 dc 0xBD552DD5
0x000005A1: 0xBF71A83E	            	 dc 0xBF71A83E
0x000005A2: 0xBF7D4B50	            	 dc 0xBF7D4B50
0x000005A3: 0xBEBECEC7	            	 dc 0xBEBECEC7
0x000005A4: 0xBD9CAAF3	            	 dc 0xBD9CAAF3
0x000005A5: 0xBE273E05	            	 dc 0xBE273E05
0x000005A6: 0xBE977C78	            	 dc 0xBE977C78
0x000005A7: 0xBF86DF22	            	 dc 0xBF86DF22
0x000005A8: 0xBE9D4147	            	 dc 0xBE9D4147
0x000005A9: 0xBEAD23DE	            	 dc 0xBEAD23DE
0x000005AA: 0xBE4F8D9F	            	 dc 0xBE4F8D9F
0x000005AB: 0xBFBEED5D	            	 dc 0xBFBEED5D
0x000005AC: 0xBF9E921F	            	 dc 0xBF9E921F
0x000005AD: 0x3D887622	            	 dc 0x3D887622
0x000005AE: 0xBE980712	            	 dc 0xBE980712
0x000005AF: 0xBD9BE0A1	            	 dc 0xBD9BE0A1
0x000005B0: 0xBEBDA369	            	 dc 0xBEBDA369
0x000005B1: 0xBEE18D27	            	 dc 0xBEE18D27
0x000005B2: 0x3DF70FDB	            	 dc 0x3DF70FDB
0x000005B3: 0xBE4E8D24	            	 dc 0xBE4E8D24
0x000005B4: 0xBEB1D22C	            	 dc 0xBEB1D22C
0x000005B5: 0x3DDD50EE	            	 dc 0x3DDD50EE
0x000005B6: 0xBECAAF13	            	 dc 0xBECAAF13
0x000005B7: 0x3DA9FE38	            	 dc 0x3DA9FE38
0x000005B8: 0x3DAA2BB8	            	 dc 0x3DAA2BB8
0x000005B9: 0xBF63ABFC	            	 dc 0xBF63ABFC
0x000005BA: 0xBE7E69B4	            	 dc 0xBE7E69B4
0x000005BB: 0xBDFA2B3B	            	 dc 0xBDFA2B3B
0x000005BC: 0xBE11947C	            	 dc 0xBE11947C
0x000005BD: 0xBE361022	            	 dc 0xBE361022
0x000005BE: 0xBF01CCA9	            	 dc 0xBF01CCA9
0x000005BF: 0xBE4F96CF	            	 dc 0xBE4F96CF
					            	 * --- Neuron 23 Weights ---
0x000005C0: 0x3E12DB99	            	 dc 0x3E12DB99
0x000005C1: 0x3F6B6786	            	 dc 0x3F6B6786
0x000005C2: 0x3F450660	            	 dc 0x3F450660
0x000005C3: 0x3F63B781	            	 dc 0x3F63B781
0x000005C4: 0xBD91567E	            	 dc 0xBD91567E
0x000005C5: 0xBCA391B0	            	 dc 0xBCA391B0
0x000005C6: 0x3DA778CF	            	 dc 0x3DA778CF
0x000005C7: 0x3F48C1C4	            	 dc 0x3F48C1C4
0x000005C8: 0x3EF7F966	            	 dc 0x3EF7F966
0x000005C9: 0x3F09E42F	            	 dc 0x3F09E42F
0x000005CA: 0x3E1C6495	            	 dc 0x3E1C6495
0x000005CB: 0x3FD5E98D	            	 dc 0x3FD5E98D
0x000005CC: 0x3F840C38	            	 dc 0x3F840C38
0x000005CD: 0xBD556AB5	            	 dc 0xBD556AB5
0x000005CE: 0xBD61F611	            	 dc 0xBD61F611
0x000005CF: 0x3E171CDF	            	 dc 0x3E171CDF
0x000005D0: 0x3CD5356E	            	 dc 0x3CD5356E
0x000005D1: 0x3F28E07A	            	 dc 0x3F28E07A
0x000005D2: 0x3EB03C49	            	 dc 0x3EB03C49
0x000005D3: 0x3F3CA5C1	            	 dc 0x3F3CA5C1
0x000005D4: 0x3EFCEF6D	            	 dc 0x3EFCEF6D
0x000005D5: 0x3DB172D3	            	 dc 0x3DB172D3
0x000005D6: 0x3E9ADBE0	            	 dc 0x3E9ADBE0
0x000005D7: 0x3DF43FFD	            	 dc 0x3DF43FFD
0x000005D8: 0x3DB2D48F	            	 dc 0x3DB2D48F
0x000005D9: 0x3F203972	            	 dc 0x3F203972
0x000005DA: 0x3EA915B8	            	 dc 0x3EA915B8
0x000005DB: 0x3D8538E9	            	 dc 0x3D8538E9
0x000005DC: 0x3ECFF4B6	            	 dc 0x3ECFF4B6
0x000005DD: 0x3E68539B	            	 dc 0x3E68539B
0x000005DE: 0x3EF5862F	            	 dc 0x3EF5862F
0x000005DF: 0x3EF75AED	            	 dc 0x3EF75AED
					            	 * --- Neuron 24 Weights ---
0x000005E0: 0xBE14386A	            	 dc 0xBE14386A
0x000005E1: 0x3F8C9B5B	            	 dc 0x3F8C9B5B
0x000005E2: 0x3F4D6FAE	            	 dc 0x3F4D6FAE
0x000005E3: 0x3F0B3570	            	 dc 0x3F0B3570
0x000005E4: 0x3E8DF185	            	 dc 0x3E8DF185
0x000005E5: 0x3E1505AD	            	 dc 0x3E1505AD
0x000005E6: 0xBCD1D6E5	            	 dc 0xBCD1D6E5
0x000005E7: 0x3F61B2AC	            	 dc 0x3F61B2AC
0x000005E8: 0x3EB7FBA7	            	 dc 0x3EB7FBA7
0x000005E9: 0x3F1C3D8C	            	 dc 0x3F1C3D8C
0x000005EA: 0x3E8A2483	            	 dc 0x3E8A2483
0x000005EB: 0x3FDB214C	            	 dc 0x3FDB214C
0x000005EC: 0x3F333B1A	            	 dc 0x3F333B1A
0x000005ED: 0x3E38C5E9	            	 dc 0x3E38C5E9
0x000005EE: 0x3E63068D	            	 dc 0x3E63068D
0x000005EF: 0x3E1AAEFD	            	 dc 0x3E1AAEFD
0x000005F0: 0x3E9C4CD6	            	 dc 0x3E9C4CD6
0x000005F1: 0x3E4728B0	            	 dc 0x3E4728B0
0x000005F2: 0x3EFE8821	            	 dc 0x3EFE8821
0x000005F3: 0x3DBE1DA8	            	 dc 0x3DBE1DA8
0x000005F4: 0x3F07454F	            	 dc 0x3F07454F
0x000005F5: 0xBD541A10	            	 dc 0xBD541A10
0x000005F6: 0x3DB48555	            	 dc 0x3DB48555
0x000005F7: 0x3EB4D169	            	 dc 0x3EB4D169
0x000005F8: 0x3EF1091B	            	 dc 0x3EF1091B
0x000005F9: 0x3F355749	            	 dc 0x3F355749
0x000005FA: 0x3E202D68	            	 dc 0x3E202D68
0x000005FB: 0x3EA13F65	            	 dc 0x3EA13F65
0x000005FC: 0x3DD7D942	            	 dc 0x3DD7D942
0x000005FD: 0x3DD90213	            	 dc 0x3DD90213
0x000005FE: 0x3F1318C3	            	 dc 0x3F1318C3
0x000005FF: 0x3C166DD8	            	 dc 0x3C166DD8
					            	 * --- Neuron 25 Weights ---
0x00000600: 0xBE1FCC36	            	 dc 0xBE1FCC36
0x00000601: 0x3FD01981	            	 dc 0x3FD01981
0x00000602: 0x3F5795A1	            	 dc 0x3F5795A1
0x00000603: 0x3ED9AD3E	            	 dc 0x3ED9AD3E
0x00000604: 0xBE42C01C	            	 dc 0xBE42C01C
0x00000605: 0xBD139428	            	 dc 0xBD139428
0x00000606: 0xBC8CEBCD	            	 dc 0xBC8CEBCD
0x00000607: 0x3F28F108	            	 dc 0x3F28F108
0x00000608: 0x3D618FD9	            	 dc 0x3D618FD9
0x00000609: 0x3F11207F	            	 dc 0x3F11207F
0x0000060A: 0x3D430016	            	 dc 0x3D430016
0x0000060B: 0x3FD095EC	            	 dc 0x3FD095EC
0x0000060C: 0x3F901EE8	            	 dc 0x3F901EE8
0x0000060D: 0x3EB490C3	            	 dc 0x3EB490C3
0x0000060E: 0x3E4FDAF4	            	 dc 0x3E4FDAF4
0x0000060F: 0x3DB0E6C7	            	 dc 0x3DB0E6C7
0x00000610: 0x3E9031EE	            	 dc 0x3E9031EE
0x00000611: 0xBD2400D3	            	 dc 0xBD2400D3
0x00000612: 0x3E4488E0	            	 dc 0x3E4488E0
0x00000613: 0xBE52DD7B	            	 dc 0xBE52DD7B
0x00000614: 0x3EE0C96F	            	 dc 0x3EE0C96F
0x00000615: 0x3D52671B	            	 dc 0x3D52671B
0x00000616: 0xBE0099ED	            	 dc 0xBE0099ED
0x00000617: 0x3D9DF107	            	 dc 0x3D9DF107
0x00000618: 0x3E1C16F3	            	 dc 0x3E1C16F3
0x00000619: 0x3F03D87C	            	 dc 0x3F03D87C
0x0000061A: 0xBE1C3610	            	 dc 0xBE1C3610
0x0000061B: 0x3D89DE78	            	 dc 0x3D89DE78
0x0000061C: 0x3E76B9DF	            	 dc 0x3E76B9DF
0x0000061D: 0xBE94615A	            	 dc 0xBE94615A
0x0000061E: 0x3D441C10	            	 dc 0x3D441C10
0x0000061F: 0x3E4AF86B	            	 dc 0x3E4AF86B
					            	 * --- Neuron 26 Weights ---
0x00000620: 0xBE0E99F2	            	 dc 0xBE0E99F2
0x00000621: 0xBFAD86DE	            	 dc 0xBFAD86DE
0x00000622: 0xBF7DAC5D	            	 dc 0xBF7DAC5D
0x00000623: 0xBE3DFCF7	            	 dc 0xBE3DFCF7
0x00000624: 0xBD27A359	            	 dc 0xBD27A359
0x00000625: 0x3D0307EA	            	 dc 0x3D0307EA
0x00000626: 0xBDE6DCBD	            	 dc 0xBDE6DCBD
0x00000627: 0xBF39D86E	            	 dc 0xBF39D86E
0x00000628: 0xBE5FCDB1	            	 dc 0xBE5FCDB1
0x00000629: 0xBF3212A5	            	 dc 0xBF3212A5
0x0000062A: 0xBE665D20	            	 dc 0xBE665D20
0x0000062B: 0xBFB5A927	            	 dc 0xBFB5A927
0x0000062C: 0xBF3C835A	            	 dc 0xBF3C835A
0x0000062D: 0x3D48D04D	            	 dc 0x3D48D04D
0x0000062E: 0xBE6BF89C	            	 dc 0xBE6BF89C
0x0000062F: 0xBEB2B3A9	            	 dc 0xBEB2B3A9
0x00000630: 0x3D7BE964	            	 dc 0x3D7BE964
0x00000631: 0xBE5F7DB5	            	 dc 0xBE5F7DB5
0x00000632: 0xBF02A2C8	            	 dc 0xBF02A2C8
0x00000633: 0xBDB7C67E	            	 dc 0xBDB7C67E
0x00000634: 0xBEE6676E	            	 dc 0xBEE6676E
0x00000635: 0xBE09FBAF	            	 dc 0xBE09FBAF
0x00000636: 0xBEB339CE	            	 dc 0xBEB339CE
0x00000637: 0xBE6BA532	            	 dc 0xBE6BA532
0x00000638: 0xBE37A3FC	            	 dc 0xBE37A3FC
0x00000639: 0xBEC29136	            	 dc 0xBEC29136
0x0000063A: 0x3DB495B0	            	 dc 0x3DB495B0
0x0000063B: 0xBE83603A	            	 dc 0xBE83603A
0x0000063C: 0xBEC48EAC	            	 dc 0xBEC48EAC
0x0000063D: 0xBDE13D1B	            	 dc 0xBDE13D1B
0x0000063E: 0xBEB1EC6B	            	 dc 0xBEB1EC6B
0x0000063F: 0xBE6B8D93	            	 dc 0xBE6B8D93
					            	 * --- Neuron 27 Weights ---
0x00000640: 0x3E62B146	            	 dc 0x3E62B146
0x00000641: 0x3F878467	            	 dc 0x3F878467
0x00000642: 0x3E92CE2A	            	 dc 0x3E92CE2A
0x00000643: 0x3ED23853	            	 dc 0x3ED23853
0x00000644: 0xBE1DFF6E	            	 dc 0xBE1DFF6E
0x00000645: 0x3DEB0AF3	            	 dc 0x3DEB0AF3
0x00000646: 0x3C681206	            	 dc 0x3C681206
0x00000647: 0x3F1C0582	            	 dc 0x3F1C0582
0x00000648: 0x3EAFBF9D	            	 dc 0x3EAFBF9D
0x00000649: 0x3EBC9108	            	 dc 0x3EBC9108
0x0000064A: 0xBEACD483	            	 dc 0xBEACD483
0x0000064B: 0x3F9E5233	            	 dc 0x3F9E5233
0x0000064C: 0x3F4D474B	            	 dc 0x3F4D474B
0x0000064D: 0xBDA97EAC	            	 dc 0xBDA97EAC
0x0000064E: 0xBDA71CD2	            	 dc 0xBDA71CD2
0x0000064F: 0xBB876DF2	            	 dc 0xBB876DF2
0x00000650: 0x3E8860BE	            	 dc 0x3E8860BE
0x00000651: 0x3EA4EE8C	            	 dc 0x3EA4EE8C
0x00000652: 0x3E6BBCA8	            	 dc 0x3E6BBCA8
0x00000653: 0x3EF176BD	            	 dc 0x3EF176BD
0x00000654: 0x3EB12E94	            	 dc 0x3EB12E94
0x00000655: 0x3E7AE3E3	            	 dc 0x3E7AE3E3
0x00000656: 0x3E58F198	            	 dc 0x3E58F198
0x00000657: 0x3E083085	            	 dc 0x3E083085
0x00000658: 0x3EA12A79	            	 dc 0x3EA12A79
0x00000659: 0x3F177D0C	            	 dc 0x3F177D0C
0x0000065A: 0x3EA31D54	            	 dc 0x3EA31D54
0x0000065B: 0x3F14D768	            	 dc 0x3F14D768
0x0000065C: 0x3EDFBFC0	            	 dc 0x3EDFBFC0
0x0000065D: 0x3DF72019	            	 dc 0x3DF72019
0x0000065E: 0x3EB6D73B	            	 dc 0x3EB6D73B
0x0000065F: 0x3D4DE0CA	            	 dc 0x3D4DE0CA
					            	 * --- Neuron 28 Weights ---
0x00000660: 0x3DBF666B	            	 dc 0x3DBF666B
0x00000661: 0x3FBD214D	            	 dc 0x3FBD214D
0x00000662: 0x3F1357D3	            	 dc 0x3F1357D3
0x00000663: 0x3E0CDF22	            	 dc 0x3E0CDF22
0x00000664: 0x3D2D75B0	            	 dc 0x3D2D75B0
0x00000665: 0xBD4959ED	            	 dc 0xBD4959ED
0x00000666: 0xBCE4D37B	            	 dc 0xBCE4D37B
0x00000667: 0x3F98B75B	            	 dc 0x3F98B75B
0x00000668: 0x3F00AE79	            	 dc 0x3F00AE79
0x00000669: 0x3F306AE6	            	 dc 0x3F306AE6
0x0000066A: 0x3CB04DA3	            	 dc 0x3CB04DA3
0x0000066B: 0x3FC2381E	            	 dc 0x3FC2381E
0x0000066C: 0x3F447836	            	 dc 0x3F447836
0x0000066D: 0x3D8EDE19	            	 dc 0x3D8EDE19
0x0000066E: 0x3F02BB75	            	 dc 0x3F02BB75
0x0000066F: 0x3E41C69A	            	 dc 0x3E41C69A
0x00000670: 0x3E48DA0F	            	 dc 0x3E48DA0F
0x00000671: 0x3E998844	            	 dc 0x3E998844
0x00000672: 0x3E362C85	            	 dc 0x3E362C85
0x00000673: 0x3E740295	            	 dc 0x3E740295
0x00000674: 0x3F267AC5	            	 dc 0x3F267AC5
0x00000675: 0x3E5B2997	            	 dc 0x3E5B2997
0x00000676: 0x3E2A55CA	            	 dc 0x3E2A55CA
0x00000677: 0x3EB5AA42	            	 dc 0x3EB5AA42
0x00000678: 0xBB9B7057	            	 dc 0xBB9B7057
0x00000679: 0x3F140FC7	            	 dc 0x3F140FC7
0x0000067A: 0xBDF7CA80	            	 dc 0xBDF7CA80
0x0000067B: 0x3F4A33F2	            	 dc 0x3F4A33F2
0x0000067C: 0x3E919931	            	 dc 0x3E919931
0x0000067D: 0x3C677005	            	 dc 0x3C677005
0x0000067E: 0x3ECC9AA2	            	 dc 0x3ECC9AA2
0x0000067F: 0x3EA24755	            	 dc 0x3EA24755
					            	 * --- Neuron 29 Weights ---
0x00000680: 0xBEF1D5D9	            	 dc 0xBEF1D5D9
0x00000681: 0xBF99DC18	            	 dc 0xBF99DC18
0x00000682: 0xBF371174	            	 dc 0xBF371174
0x00000683: 0xBEBF7FF2	            	 dc 0xBEBF7FF2
0x00000684: 0x3E590EFA	            	 dc 0x3E590EFA
0x00000685: 0x3DB37886	            	 dc 0x3DB37886
0x00000686: 0x3E0B8864	            	 dc 0x3E0B8864
0x00000687: 0xBF3E769F	            	 dc 0xBF3E769F
0x00000688: 0xBF0C755C	            	 dc 0xBF0C755C
0x00000689: 0xBE955E89	            	 dc 0xBE955E89
0x0000068A: 0x3D3F9FD2	            	 dc 0x3D3F9FD2
0x0000068B: 0xBFAD45F9	            	 dc 0xBFAD45F9
0x0000068C: 0xBF516518	            	 dc 0xBF516518
0x0000068D: 0x3DAC3535	            	 dc 0x3DAC3535
0x0000068E: 0xBE0A3C39	            	 dc 0xBE0A3C39
0x0000068F: 0xBD10009C	            	 dc 0xBD10009C
0x00000690: 0xBB8D79ED	            	 dc 0xBB8D79ED
0x00000691: 0xBE0E5452	            	 dc 0xBE0E5452
0x00000692: 0x3D9D5237	            	 dc 0x3D9D5237
0x00000693: 0xBE815E0C	            	 dc 0xBE815E0C
0x00000694: 0xBE81216F	            	 dc 0xBE81216F
0x00000695: 0xBE53BB09	            	 dc 0xBE53BB09
0x00000696: 0xBECDB883	            	 dc 0xBECDB883
0x00000697: 0xBDC00FEC	            	 dc 0xBDC00FEC
0x00000698: 0xBF3026A4	            	 dc 0xBF3026A4
0x00000699: 0xBF305AD7	            	 dc 0xBF305AD7
0x0000069A: 0xBE655D6D	            	 dc 0xBE655D6D
0x0000069B: 0xBD02FE3D	            	 dc 0xBD02FE3D
0x0000069C: 0xBE73881F	            	 dc 0xBE73881F
0x0000069D: 0xBD403F66	            	 dc 0xBD403F66
0x0000069E: 0xBEB7CA3B	            	 dc 0xBEB7CA3B
0x0000069F: 0xBCD16068	            	 dc 0xBCD16068
					            	 * --- Neuron 30 Weights ---
0x000006A0: 0xBE06E508	            	 dc 0xBE06E508
0x000006A1: 0xBF8B949D	            	 dc 0xBF8B949D
0x000006A2: 0xBEC971AE	            	 dc 0xBEC971AE
0x000006A3: 0xBEC51972	            	 dc 0xBEC51972
0x000006A4: 0x3E329972	            	 dc 0x3E329972
0x000006A5: 0xBE9FAFB8	            	 dc 0xBE9FAFB8
0x000006A6: 0xBDF0FBC0	            	 dc 0xBDF0FBC0
0x000006A7: 0xBF730267	            	 dc 0xBF730267
0x000006A8: 0xBF289510	            	 dc 0xBF289510
0x000006A9: 0xBED4E853	            	 dc 0xBED4E853
0x000006AA: 0x3E2BDC95	            	 dc 0x3E2BDC95
0x000006AB: 0xBFBC56F2	            	 dc 0xBFBC56F2
0x000006AC: 0xBF4B88D8	            	 dc 0xBF4B88D8
0x000006AD: 0x3DE3A69E	            	 dc 0x3DE3A69E
0x000006AE: 0xBE0AAD2C	            	 dc 0xBE0AAD2C
0x000006AF: 0xBDCAB5AB	            	 dc 0xBDCAB5AB
0x000006B0: 0xBEAE881D	            	 dc 0xBEAE881D
0x000006B1: 0xBE83F1D9	            	 dc 0xBE83F1D9
0x000006B2: 0xBEBE9820	            	 dc 0xBEBE9820
0x000006B3: 0xBD35CAD2	            	 dc 0xBD35CAD2
0x000006B4: 0xBF171593	            	 dc 0xBF171593
0x000006B5: 0x3E34B6BF	            	 dc 0x3E34B6BF
0x000006B6: 0xBE8EF409	            	 dc 0xBE8EF409
0x000006B7: 0xBE71ECE2	            	 dc 0xBE71ECE2
0x000006B8: 0xBE267BD6	            	 dc 0xBE267BD6
0x000006B9: 0xBF21679B	            	 dc 0xBF21679B
0x000006BA: 0xBDF574AA	            	 dc 0xBDF574AA
0x000006BB: 0xBEEE2DDD	            	 dc 0xBEEE2DDD
0x000006BC: 0xBF0C2F39	            	 dc 0xBF0C2F39
0x000006BD: 0xBDEDE052	            	 dc 0xBDEDE052
0x000006BE: 0x3D4D948B	            	 dc 0x3D4D948B
0x000006BF: 0x3D6173CE	            	 dc 0x3D6173CE
					            	 * --- Neuron 31 Weights ---
0x000006C0: 0x3DEC900C	            	 dc 0x3DEC900C
0x000006C1: 0x3F91FB68	            	 dc 0x3F91FB68
0x000006C2: 0x3EA69D23	            	 dc 0x3EA69D23
0x000006C3: 0x3ECAEF1C	            	 dc 0x3ECAEF1C
0x000006C4: 0x3DB33883	            	 dc 0x3DB33883
0x000006C5: 0x3EA7938E	            	 dc 0x3EA7938E
0x000006C6: 0x3EC57058	            	 dc 0x3EC57058
0x000006C7: 0x3F1AE8F3	            	 dc 0x3F1AE8F3
0x000006C8: 0x3E821AC8	            	 dc 0x3E821AC8
0x000006C9: 0x3F0FD65F	            	 dc 0x3F0FD65F
0x000006CA: 0x3D8E8C02	            	 dc 0x3D8E8C02
0x000006CB: 0x3FA08A51	            	 dc 0x3FA08A51
0x000006CC: 0x3F3832D8	            	 dc 0x3F3832D8
0x000006CD: 0x3E90C74C	            	 dc 0x3E90C74C
0x000006CE: 0x3E00C83E	            	 dc 0x3E00C83E
0x000006CF: 0x3E7A5B0F	            	 dc 0x3E7A5B0F
0x000006D0: 0x3D651204	            	 dc 0x3D651204
0x000006D1: 0x3DE9DECE	            	 dc 0x3DE9DECE
0x000006D2: 0x3EBF459D	            	 dc 0x3EBF459D
0x000006D3: 0x3DD18129	            	 dc 0x3DD18129
0x000006D4: 0x3EFC7956	            	 dc 0x3EFC7956
0x000006D5: 0x3E820C89	            	 dc 0x3E820C89
0x000006D6: 0x3EDD1180	            	 dc 0x3EDD1180
0x000006D7: 0x3F1AA99E	            	 dc 0x3F1AA99E
0x000006D8: 0x3DF4B585	            	 dc 0x3DF4B585
0x000006D9: 0x3F0093B8	            	 dc 0x3F0093B8
0x000006DA: 0xBE8F1913	            	 dc 0xBE8F1913
0x000006DB: 0x3F01A989	            	 dc 0x3F01A989
0x000006DC: 0x3F11C148	            	 dc 0x3F11C148
0x000006DD: 0xBDAE289C	            	 dc 0xBDAE289C
0x000006DE: 0x3E936B74	            	 dc 0x3E936B74
0x000006DF: 0x3E8294C6	            	 dc 0x3E8294C6
					            	 * --- Neuron 32 Weights ---
0x000006E0: 0xBE9683C8	            	 dc 0xBE9683C8
0x000006E1: 0xBFCA65DA	            	 dc 0xBFCA65DA
0x000006E2: 0xBE877391	            	 dc 0xBE877391
0x000006E3: 0xBF0EBA1F	            	 dc 0xBF0EBA1F
0x000006E4: 0xBE2D973C	            	 dc 0xBE2D973C
0x000006E5: 0x3E65FD6C	            	 dc 0x3E65FD6C
0x000006E6: 0x3E21BF6D	            	 dc 0x3E21BF6D
0x000006E7: 0xBF6E40B6	            	 dc 0xBF6E40B6
0x000006E8: 0xBE80F7D4	            	 dc 0xBE80F7D4
0x000006E9: 0xBF555123	            	 dc 0xBF555123
0x000006EA: 0xBD870DFA	            	 dc 0xBD870DFA
0x000006EB: 0xB94CC70F	            	 dc xBFA8393E
0x000006EC: 0xBF886FB7	            	 dc 0xBF886FB7
0x000006ED: 0xBD5B6005	            	 dc 0xBD5B6005
0x000006EE: 0xBE8EE3C2	            	 dc 0xBE8EE3C2
0x000006EF: 0xBC3923AE	            	 dc 0xBC3923AE
0x000006F0: 0xBEC532D5	            	 dc 0xBEC532D5
0x000006F1: 0xBEF9DF50	            	 dc 0xBEF9DF50
0x000006F2: 0xBB2009DB	            	 dc 0xBB2009DB
0x000006F3: 0xBEC3DE90	            	 dc 0xBEC3DE90
0x000006F4: 0xBED04B16	            	 dc 0xBED04B16
0x000006F5: 0xBD867CF1	            	 dc 0xBD867CF1
0x000006F6: 0xBE22305A	            	 dc 0xBE22305A
0x000006F7: 0x3E0AE92C	            	 dc 0x3E0AE92C
0x000006F8: 0xBEE12A82	            	 dc 0xBEE12A82
0x000006F9: 0xBF3066D6	            	 dc 0xBF3066D6
0x000006FA: 0x3DAC6222	            	 dc 0x3DAC6222
0x000006FB: 0xBEA0B005	            	 dc 0xBEA0B005
0x000006FC: 0xBF44EDE9	            	 dc 0xBF44EDE9
0x000006FD: 0x3C19C623	            	 dc 0x3C19C623
0x000006FE: 0xBF4DAE65	            	 dc 0xBF4DAE65
0x000006FF: 0xBDF45163	            	 dc 0xBDF45163
					            	 
					            	 * =======================================================
0x00000850: 0x4025667D	            	 dc 0x4025667D
0x00000851: 0xC05FA9A7	            	 dc 0xC05FA9A7
0x00000852: 0x40344587	            	 dc 0x40344587
0x00000853: 0xC00F6F40	            	 dc 0xC00F6F40
0x00000854: 0x404139FB	            	 dc 0x404139FB
0x00000855: 0xC04B4324	            	 dc 0xC04B4324
0x00000856: 0x402143C7	            	 dc 0x402143C7
0x00000857: 0xC04C1A07	            	 dc 0xC04C1A07
0x00000858: 0xC0241ADD	            	 dc 0xC0241ADD
0x00000859: 0xC024B159	            	 dc 0xC024B159
0x0000085A: 0xC01DDDD7	            	 dc 0xC01DDDD7
0x0000085B: 0x40278C13	            	 dc 0x40278C13
0x0000085C: 0x40301E11	            	 dc 0x40301E11
0x0000085D: 0xC027EA4C	            	 dc 0xC027EA4C
0x0000085E: 0xC028C7B8	            	 dc 0xC028C7B8
0x0000085F: 0x404483D0	            	 dc 0x404483D0
0x00000860: 0xC0370661	            	 dc 0xC0370661
0x00000861: 0x402BFF14	            	 dc 0x402BFF14
0x00000862: 0x4021018E	            	 dc 0x4021018E
0x00000863: 0x4019D8A5	            	 dc 0x4019D8A5
0x00000864: 0xC024DC18	            	 dc 0xC024DC18
0x00000865: 0xC041C1AC	            	 dc 0xC041C1AC
0x00000866: 0x4030E3BF	            	 dc 0x4030E3BF
0x00000867: 0x40498A12	            	 dc 0x40498A12
0x00000868: 0x4031C4E1	            	 dc 0x4031C4E1
0x00000869: 0xC0416965	            	 dc 0xC0416965
0x0000086A: 0x4040EA70	            	 dc 0x4040EA70
0x0000086B: 0x4038F326	            	 dc 0x4038F326
0x0000086C: 0xC031829C	            	 dc 0xC031829C
0x0000086D: 0xC027C99F	            	 dc 0xC027C99F
0x0000086E: 0x402BA864	            	 dc 0x402BA864
0x0000086F: 0xC016C26B	            	 dc 0xC016C26B
					            	 
					            	 * =========================================================
0x00000800: 0x00000000	            	 dc 0x0
0x00000801: 0x00000000	            	 dc 0x0
0x00000802: 0x00000000	            	 dc 0x0
0x00000803: 0x00000000	            	 dc 0x0
0x00000804: 0x00000000	            	 dc 0x0
0x00000805: 0x00000000	            	 dc 0x0
0x00000806: 0x00000000	            	 dc 0x0
0x00000807: 0x00000000	            	 dc 0x0
0x00000808: 0x00000000	            	 dc 0x0
0x00000809: 0x00000000	            	 dc 0x0
0x0000080A: 0x00000000	            	 dc 0x0
0x0000080B: 0x00000000	            	 dc 0x0
0x0000080C: 0x00000000	            	 dc 0x0
0x0000080D: 0x00000000	            	 dc 0x0
0x0000080E: 0x00000000	            	 dc 0x0
0x0000080F: 0x00000000	            	 dc 0x0
0x00000810: 0x00000000	            	 dc 0x0
0x00000811: 0x00000000	            	 dc 0x0
0x00000812: 0x00000000	            	 dc 0x0
0x00000813: 0x00000000	            	 dc 0x0
0x00000814: 0x00000000	            	 dc 0x0
0x00000815: 0x00000000	            	 dc 0x0
0x00000816: 0x00000000	            	 dc 0x0
0x00000817: 0x00000000	            	 dc 0x0
0x00000818: 0x00000000	            	 dc 0x0
0x00000819: 0x00000000	            	 dc 0x0
0x0000081A: 0x00000000	            	 dc 0x0
0x0000081B: 0x00000000	            	 dc 0x0
0x0000081C: 0x00000000	            	 dc 0x0
0x0000081D: 0x00000000	            	 dc 0x0
0x0000081E: 0x00000000	            	 dc 0x0
0x0000081F: 0x00000000	            	 dc 0x0
0x00000820: 0x00000000	            	 dc 0x0
0x00000821: 0x00000000	            	 dc 0x0
0x00000822: 0x00000000	            	 dc 0x0
0x00000823: 0x00000000	            	 dc 0x0
0x00000824: 0x00000000	            	 dc 0x0
0x00000825: 0x00000000	            	 dc 0x0
0x00000826: 0x00000000	            	 dc 0x0
0x00000827: 0x00000000	            	 dc 0x0
0x00000828: 0x00000000	            	 dc 0x0
0x00000829: 0x00000000	            	 dc 0x0
0x0000082A: 0x00000000	            	 dc 0x0
0x0000082B: 0x00000000	            	 dc 0x0
0x0000082C: 0x00000000	            	 dc 0x0
0x0000082D: 0x00000000	            	 dc 0x0
0x0000082E: 0x00000000	            	 dc 0x0
0x0000082F: 0x00000000	            	 dc 0x0
0x00000830: 0x00000000	            	 dc 0x0
0x00000831: 0x00000000	            	 dc 0x0
0x00000900: 0x00000000	out_val:    	 dc 0x0
					            	 * ========================================================

Label Report:
main: 3 D: 
h_lp: 9 D: 32
in_lp: 13 D: 23
h_pos: 29 D: 26
f_lp: 38 D: 48
s_fin: 55 D: 52
fpmul: 61 D: 3
l_mul: 82 D: 90
s_prod: 86 D: 83
m_norm: 92 D: 87
pack_r: 99 D: 94
m_zero: 105 D: 61, 62
fpadd: 111 D: 4
no_swp: 126 D: 121
al_lp: 140 D: 144
al_dn: 146 D: 140
sb_mnt: 161 D: 149
nm_sb: 166 D: 172
pk_ad: 174 D: 155, 159, 168
r2_rt: 180 D: 111
r1_rt: 183 D: 112
rt_zr: 186 D: 164
m_sign: 190 D: 24, 49, 64, 119, 129, 147
m_exp: 191 D: 66, 114, 126
m_mant: 192 D: 72, 99, 113, 132, 174
impl_1: 193 D: 75, 96, 135, 142, 157, 166, 170
bias_s: 194 D: 70
m_b24: 195 D: 92, 153
out_val: 1378 D: 55
*XML file date: Wed 20/6/2012 6:49:12
