--------------------------------------------------------------------------------
Release 14.7 Trace  (nt64)
Copyright (c) 1995-2013 Xilinx, Inc.  All rights reserved.

C:\Xilinx\14.7\ISE_DS\ISE\bin\nt64\unwrapped\trce.exe -intstyle ise -v 3 -s 2
-n 3 -fastpaths -xml Top_Level.twx Top_Level.ncd -o Top_Level.twr Top_Level.pcf
-ucf SOURCE.ucf

Design file:              Top_Level.ncd
Physical constraint file: Top_Level.pcf
Device,package,speed:     xc6slx25,ftg256,C,-2 (PRODUCTION 1.23 2013-10-13)
Report level:             verbose report

Environment Variable      Effect 
--------------------      ------ 
NONE                      No environment variables were set
--------------------------------------------------------------------------------

INFO:Timing:3412 - To improve timing, see the Timing Closure User Guide (UG612).
INFO:Timing:2752 - To get complete path coverage, use the unconstrained paths 
   option. All paths that are not constrained will be reported in the 
   unconstrained paths section(s) of the report.
INFO:Timing:3339 - The clock-to-out numbers in this timing report are based on 
   a 50 Ohm transmission line loading model.  For the details of this model, 
   and for more information on accounting for different loading conditions, 
   please see the device datasheet.

================================================================================
Timing constraint: TS_fpgaClk_i = PERIOD TIMEGRP "fpgaClk_i" 12 MHz HIGH 50%;
For more information, see Period Analysis in the Timing Closure User Guide (UG612).

 0 paths analyzed, 0 endpoints analyzed, 0 failing endpoints
 0 timing errors detected. (0 component switching limit errors)
 Minimum period is  32.000ns.
--------------------------------------------------------------------------------

Component Switching Limit Checks: TS_fpgaClk_i = PERIOD TIMEGRP "fpgaClk_i" 12 MHz HIGH 50%;
--------------------------------------------------------------------------------
Slack: 13.667ns (period - min period limit)
  Period: 16.667ns
  Min period limit: 3.000ns (333.333MHz) (Tdcmper_CLKFX)
  Physical resource: XLXI_23/u0/u0/CLKFX
  Logical resource: XLXI_23/u0/u0/CLKFX
  Location pin: DCM_X0Y2.CLKFX
  Clock network: XLXI_23/u0/genClkP_s
--------------------------------------------------------------------------------
Slack: 13.667ns (period - min period limit)
  Period: 16.667ns
  Min period limit: 3.000ns (333.333MHz) (Tdcmper_CLKFX)
  Physical resource: XLXI_23/u0/u0/CLKFX180
  Logical resource: XLXI_23/u0/u0/CLKFX180
  Location pin: DCM_X0Y2.CLKFX180
  Clock network: XLXI_23/u0/genClkN_s
--------------------------------------------------------------------------------
Slack: 51.333ns (period - (min low pulse limit / (low pulse / period)))
  Period: 83.333ns
  Low pulse: 41.666ns
  Low pulse limit: 16.000ns (Tdcmpw_CLKIN_10_25)
  Physical resource: XLXI_23/u0/u0/CLKIN
  Logical resource: XLXI_23/u0/u0/CLKIN
  Location pin: DCM_X0Y2.CLKIN
  Clock network: XLXI_23/u0/u0_ML_NEW_DIVCLK
--------------------------------------------------------------------------------

================================================================================
Timing constraint: TS_XLXI_23_u0_genClkP_s = PERIOD TIMEGRP 
"XLXI_23_u0_genClkP_s" TS_fpgaClk_i *         5 HIGH 50%;
For more information, see Period Analysis in the Timing Closure User Guide (UG612).

 0 paths analyzed, 0 endpoints analyzed, 0 failing endpoints
 0 timing errors detected. (0 component switching limit errors)
 Minimum period is   2.666ns.
--------------------------------------------------------------------------------

Component Switching Limit Checks: TS_XLXI_23_u0_genClkP_s = PERIOD TIMEGRP "XLXI_23_u0_genClkP_s" TS_fpgaClk_i *
        5 HIGH 50%;
--------------------------------------------------------------------------------
Slack: 14.000ns (period - min period limit)
  Period: 16.666ns
  Min period limit: 2.666ns (375.094MHz) (Tbcper_I)
  Physical resource: XLXI_23/u0/genClkP_s_BUFG/I0
  Logical resource: XLXI_23/u0/genClkP_s_BUFG/I0
  Location pin: BUFGMUX_X2Y3.I0
  Clock network: XLXI_23/u0/genClkP_s
--------------------------------------------------------------------------------
Slack: 14.417ns (period - min period limit)
  Period: 16.666ns
  Min period limit: 2.249ns (444.642MHz) (Tockper)
  Physical resource: sdClk_o_OBUF/CLK0
  Logical resource: XLXI_23/u0/u1/u1/CK0
  Location pin: OLOGIC_X23Y34.CLK0
  Clock network: XLXI_23/u0/genClkP_s_BUFG
--------------------------------------------------------------------------------

================================================================================
Timing constraint: TS_XLXI_23_u0_genClkN_s = PERIOD TIMEGRP 
"XLXI_23_u0_genClkN_s" TS_fpgaClk_i *         5 PHASE 8.33333333 ns HIGH 50%;
For more information, see Period Analysis in the Timing Closure User Guide (UG612).

 0 paths analyzed, 0 endpoints analyzed, 0 failing endpoints
 0 timing errors detected. (0 component switching limit errors)
 Minimum period is   2.666ns.
--------------------------------------------------------------------------------

Component Switching Limit Checks: TS_XLXI_23_u0_genClkN_s = PERIOD TIMEGRP "XLXI_23_u0_genClkN_s" TS_fpgaClk_i *
        5 PHASE 8.33333333 ns HIGH 50%;
--------------------------------------------------------------------------------
Slack: 14.000ns (period - min period limit)
  Period: 16.666ns
  Min period limit: 2.666ns (375.094MHz) (Tbcper_I)
  Physical resource: XLXI_23/u0/genClkN_s_BUFG/I0
  Logical resource: XLXI_23/u0/genClkN_s_BUFG/I0
  Location pin: BUFGMUX_X3Y13.I0
  Clock network: XLXI_23/u0/genClkN_s
--------------------------------------------------------------------------------
Slack: 14.626ns (period - min period limit)
  Period: 16.666ns
  Min period limit: 2.040ns (490.196MHz) (Tockper)
  Physical resource: sdClk_o_OBUF/CLK1
  Logical resource: XLXI_23/u0/u1/u1/CK1
  Location pin: OLOGIC_X23Y34.CLK1
  Clock network: XLXI_23/u0/genClkN_s_BUFG
--------------------------------------------------------------------------------


Derived Constraint Report
Derived Constraints for TS_fpgaClk_i
+-------------------------------+-------------+-------------+-------------+-------------+-------------+-------------+-------------+
|                               |   Period    |       Actual Period       |      Timing Errors        |      Paths Analyzed       |
|           Constraint          | Requirement |-------------+-------------|-------------+-------------|-------------+-------------|
|                               |             |   Direct    | Derivative  |   Direct    | Derivative  |   Direct    | Derivative  |
+-------------------------------+-------------+-------------+-------------+-------------+-------------+-------------+-------------+
|TS_fpgaClk_i                   |     83.333ns|     32.000ns|     13.330ns|            0|            0|            0|            0|
| TS_XLXI_23_u0_genClkP_s       |     16.667ns|      2.666ns|          N/A|            0|            0|            0|            0|
| TS_XLXI_23_u0_genClkN_s       |     16.667ns|      2.666ns|          N/A|            0|            0|            0|            0|
+-------------------------------+-------------+-------------+-------------+-------------+-------------+-------------+-------------+

All constraints were met.


Data Sheet report:
-----------------
No constraints were found to generate data for the Data Sheet Report section.
Use the Advanced Analysis (-a) option or generate global constraints for each
clock, its pad to setup and clock to pad paths, and a pad to pad constraint.

Timing summary:
---------------

Timing errors: 0  Score: 0  (Setup/Max: 0, Hold: 0)

Constraints cover 0 paths, 0 nets, and 0 connections

Design statistics:
   Minimum period:  32.000ns{1}   (Maximum frequency:  31.250MHz)


------------------------------------Footnotes-----------------------------------
1)  The minimum period statistic assumes all single cycle delays.

Analysis completed Mon Jun 15 16:10:10 2026 
--------------------------------------------------------------------------------

Trace Settings:
-------------------------
Trace Settings 

Peak Memory Usage: 4597 MB



