Running: C:\Xilinx\14.7\ISE_DS\ISE\bin\nt64\unwrapped\fuse.exe -intstyle ise -incremental -lib unisims_ver -lib unimacro_ver -lib xilinxcorelib_ver -lib secureip -o C:/Users/administrator.CLS-210-PC/Desktop/C8/SOURCE_VER_EXTENDED/BNN_ext_tb_isim_beh.exe -prj C:/Users/administrator.CLS-210-PC/Desktop/C8/SOURCE_VER_EXTENDED/BNN_ext_tb_beh.prj work.BNN_ext_tb work.glbl 
ISim P.20131013 (signature 0x7708f090)
Number of CPUs detected in this system: 8
Turning on mult-threading, number of parallel sub-compilation jobs: 16 
Determining compilation order of HDL files
Analyzing Verilog file "C:/Users/administrator.CLS-210-PC/Desktop/C8/SOURCE_VER_EXTENDED/FP_Adder.v" into library work
Analyzing Verilog file "C:/Users/administrator.CLS-210-PC/Desktop/C8/SOURCE_VER_EXTENDED/BNN_extention.v" into library work
Analyzing Verilog file "C:/Users/administrator.CLS-210-PC/Desktop/C8/SOURCE_VER_EXTENDED/BNN_ext_tb.v" into library work
Analyzing Verilog file "C:/Xilinx/14.7/ISE_DS/ISE//verilog/src/glbl.v" into library work
Starting static elaboration
Completed static elaboration
Compiling module FP_Adder
Compiling module BNN_extention
Compiling module BNN_ext_tb
Compiling module glbl
Time Resolution for simulation is 1ps.
Compiled 4 Verilog Units
Built simulation executable C:/Users/administrator.CLS-210-PC/Desktop/C8/SOURCE_VER_EXTENDED/BNN_ext_tb_isim_beh.exe
Fuse Memory Usage: 30308 KB
Fuse CPU Usage: 968 ms
