					            	 
0x00000000: 0x2C1C0031	main:       	 addi R28 R0 fpmul
0x00000001: 0x2C1D0056	            	     addi R29 R0 fpadd
0x00000002: 0x2C150300	            	     addi R21 R0 0x300
0x00000003: 0x2C190800	            	     addi R25 R0 0x800
0x00000004: 0x2C160020	            	     addi R22 R0 32
					            	 
0x00000005: 0x2C170000	h_lp:       	 addi R23 R0 0
0x00000006: 0x2C140200	            	     addi R20 R0 0x200
0x00000007: 0x2C180020	            	     addi R24 R0 32
					            	 
0x00000008: 0x8E810000	in_lp:      	 lw R1 R20 0
0x00000009: 0x8EA20000	            	     lw R2 R21 0
0x0000000A: 0x5F9F0000	            	     jalr R28
0x0000000B: 0x02E00823	            	     add R1 R23 R0
0x0000000C: 0x00601023	            	     add R2 R3 R0
0x0000000D: 0x5FBF0000	            	     jalr R29
0x0000000E: 0x0060B823	            	     add R23 R3 R0
0x0000000F: 0x2E940001	            	     addi R20 R20 1
0x00000010: 0x2EB50001	            	     addi R21 R21 1
0x00000011: 0x2F18FFFF	            	     addi R24 R24 -1
0x00000012: 0x171FFFF5	            	     bnez R24 in_lp
0x00000013: 0x8C040100	            	     lw R4 R0 m_sign
0x00000014: 0x02E42826	            	     and R5 R23 R4
0x00000015: 0x10BF0001	            	     beqz R5 h_pos
0x00000016: 0x2C170000	            	     addi R23 R0 0
					            	 
0x00000017: 0xAF370000	h_pos:      	 sw R23 R25 0
0x00000018: 0x2F390001	            	     addi R25 R25 1
0x00000019: 0x2ED6FFFF	            	     addi R22 R22 -1
0x0000001A: 0x16DFFFEA	            	     bnez R22 h_lp
0x0000001B: 0x2C170000	            	     addi R23 R0 0
0x0000001C: 0x2C190800	            	     addi R25 R0 0x800
0x0000001D: 0x2C1A0850	            	     addi R26 R0 0x850
0x0000001E: 0x2C180020	            	     addi R24 R0 32
					            	 
0x0000001F: 0x8F210000	f_lp:       	 lw R1 R25 0
0x00000020: 0x8F420000	            	     lw R2 R26 0
0x00000021: 0x5F9F0000	            	     jalr R28
0x00000022: 0x02E00823	            	     add R1 R23 R0
0x00000023: 0x00601023	            	     add R2 R3 R0
0x00000024: 0x5FBF0000	            	     jalr R29
0x00000025: 0x0060B823	            	     add R23 R3 R0
0x00000026: 0x2F390001	            	     addi R25 R25 1
0x00000027: 0x2F5A0001	            	     addi R26 R26 1
0x00000028: 0x2F18FFFF	            	     addi R24 R24 -1
0x00000029: 0x171FFFF5	            	     bnez R24 f_lp
0x0000002A: 0x8C040100	            	     lw R4 R0 m_sign
0x0000002B: 0x02E42826	            	     and R5 R23 R4
0x0000002C: 0x2C1B0001	            	     addi R27 R0 1
0x0000002D: 0x10BF0001	            	     beqz R5 s_fin
0x0000002E: 0x2C1B0000	            	     addi R27 R0 0
					            	 
0x0000002F: 0xAC1B0900	s_fin:      	 sw R27 R0 out_val
0x00000030: 0xFFFF0000	            	     halt
					            	 
0x00000031: 0x00223024	fpmul:      	 xor R6 R1 R2
0x00000032: 0x8C040100	            	     lw R4 R0 m_sign
0x00000033: 0x00C43026	            	     and R6 R6 R4
0x00000034: 0x8C040101	            	     lw R4 R0 m_exp
0x00000035: 0x00243826	            	     and R7 R1 R4
0x00000036: 0x00444026	            	     and R8 R2 R4
0x00000037: 0x00E84823	            	     add R9 R7 R8
0x00000038: 0x8C050104	            	     lw R5 R0 bias_s
0x00000039: 0x01254822	            	     sub R9 R9 R5
0x0000003A: 0x8C040102	            	     lw R4 R0 m_mant
0x0000003B: 0x00245826	            	     and R11 R1 R4
0x0000003C: 0x00446026	            	     and R12 R2 R4
0x0000003D: 0x8C050103	            	     lw R5 R0 impl_1
0x0000003E: 0x01655825	            	     or R11 R11 R5
0x0000003F: 0x01856025	            	     or R12 R12 R5
0x00000040: 0x2C0D0000	            	     addi R13 R0 0
0x00000041: 0x2C0E0018	            	     addi R14 R0 24
0x00000042: 0x2C0A0001	            	     addi R10 R0 1
					            	 
0x00000043: 0x018A7826	l_mul:      	 and R15 R12 R10
0x00000044: 0x11FF0001	            	     beqz R15 s_prod
0x00000045: 0x01AB6823	            	     add R13 R13 R11
					            	 
0x00000046: 0x2DCEFFFF	s_prod:     	 addi R14 R14 -1
0x00000047: 0x11DF0003	            	     beqz R14 m_norm
0x00000048: 0x01BF6802	            	     srli R13 R13
0x00000049: 0x019F6002	            	     srli R12 R12
0x0000004A: 0x15DFFFF8	            	     bnez R14 l_mul
					            	 
0x0000004B: 0x8C040105	m_norm:     	 lw R4 R0 m_b24
0x0000004C: 0x01A47826	            	     and R15 R13 R4
0x0000004D: 0x11FF0003	            	     beqz R15 pack_r
0x0000004E: 0x01BF6802	            	     srli R13 R13
0x0000004F: 0x8C040103	            	     lw R4 R0 impl_1
0x00000050: 0x01244823	            	     add R9 R9 R4
					            	 
0x00000051: 0x8C040102	pack_r:     	 lw R4 R0 m_mant
0x00000052: 0x01A46826	            	     and R13 R13 R4
0x00000053: 0x01A91825	            	     or R3 R13 R9
0x00000054: 0x00661825	            	     or R3 R3 R6
0x00000055: 0x5BFF000F	            	     jr R31
					            	 
0x00000056: 0x00401823	fpadd:      	 add R3 R2 R0
0x00000057: 0x5BFF000F	            	     jr R31
					            	 
					            	 
0x00000100: 0x80000000	m_sign:     	 dc 0x80000000
0x00000101: 0x7F800000	m_exp:      	  dc 0x7F800000
0x00000102: 0x007FFFFF	m_mant:     	 dc 0x007FFFFF
0x00000103: 0x00800000	impl_1:     	 dc 0x00800000
0x00000104: 0x3F800000	bias_s:     	 dc 0x3F800000
0x00000105: 0x01000000	m_b24:      	  dc 0x01000000
					            	 
0x00000200: 0x429CBD71	            	 dc 0x429CBD71
0x00000201: 0x42260000	            	 dc 0x42260000
0x00000202: 0x42620000	            	 dc 0x42620000
0x00000203: 0x42558F5C	            	 dc 0x42558F5C
0x00000204: 0x42A86148	            	 dc 0x42A86148
0x00000205: 0x42A13333	            	 dc 0x42A13333
0x00000206: 0x42BB0F5C	            	 dc 0x42BB0F5C
0x00000207: 0x4234E148	            	 dc 0x4234E148
0x00000208: 0x4282A3D7	            	 dc 0x4282A3D7
0x00000209: 0x422728F6	            	 dc 0x422728F6
0x0000020A: 0x42547AE1	            	 dc 0x42547AE1
0x0000020B: 0x428CA3D7	            	 dc 0x428CA3D7
0x0000020C: 0x42265C29	            	 dc 0x42265C29
0x0000020D: 0x424FB852	            	 dc 0x424FB852
0x0000020E: 0x429DFAE1	            	 dc 0x429DFAE1
0x0000020F: 0x42916666	            	 dc 0x42916666
0x00000210: 0x4254EB85	            	 dc 0x4254EB85
0x00000211: 0x4296B852	            	 dc 0x4296B852
0x00000212: 0x42B123D7	            	 dc 0x42B123D7
0x00000213: 0x42218F5C	            	 dc 0x42218F5C
0x00000214: 0x42B0B333	            	 dc 0x42B0B333
0x00000215: 0x42A3C7AE	            	 dc 0x42A3C7AE
0x00000216: 0x4271AE14	            	 dc 0x4271AE14
0x00000217: 0x424551EC	            	 dc 0x424551EC
0x00000218: 0x42C2DC29	            	 dc 0x42C2DC29
0x00000219: 0x4270CCCD	            	 dc 0x4270CCCD
0x0000021A: 0x42363D71	            	 dc 0x42363D71
0x0000021B: 0x42373333	            	 dc 0x42373333
0x0000021C: 0x42B5B333	            	 dc 0x42B5B333
0x0000021D: 0x429870A4	            	 dc 0x429870A4
0x0000021E: 0x42B0DC29	            	 dc 0x42B0DC29
0x0000021F: 0x42A78F5C	            	 dc 0x42A78F5C
					            	 
					            	 * --- Neuron 1 Weights ---
0x00000300: 0xBDB49346	            	 dc 0xBDB49346
0x00000301: 0xBF0EBA32	            	 dc 0xBF0EBA32
0x00000302: 0xBE747DE3	            	 dc 0xBE747DE3
0x00000303: 0xBE3349C3	            	 dc 0xBE3349C3
0x00000304: 0x39BA8AD2	            	 dc 0x39BA8AD2
0x00000305: 0xBC67E409	            	 dc 0xBC67E409
0x00000306: 0xBC05B8E1	            	 dc 0xBC05B8E1
0x00000307: 0xBEB55F48	            	 dc 0xBEB55F48
0x00000308: 0xBE42B91E	            	 dc 0xBE42B91E
0x00000309: 0xBE828F43	            	 dc 0xBE828F43
0x0000030A: 0xBBAD27B8	            	 dc 0xBBAD27B8
0x0000030B: 0xBF2900CA	            	 dc 0xBF2900CA
0x0000030C: 0xBEAB10AC	            	 dc 0xBEAB10AC
0x0000030D: 0xBD2EDF3C	            	 dc 0xBD2EDF3C
0x0000030E: 0xBD0E3BCD	            	 dc 0xBD0E3BCD
0x0000030F: 0xBD11D07F	            	 dc 0xBD11D07F
0x00000310: 0xBD81E1EB	            	 dc 0xBD81E1EB
0x00000311: 0xBE21A313	            	 dc 0xBE21A313
0x00000312: 0xBDFA2E42	            	 dc 0xBDFA2E42
0x00000313: 0xBD9A3C76	            	 dc 0xBD9A3C76
0x00000314: 0xBE34D733	            	 dc 0xBE34D733
0x00000315: 0xBD4A1666	            	 dc 0xBD4A1666
0x00000316: 0xBD8EA513	            	 dc 0xBD8EA513
0x00000317: 0xBD8E185D	            	 dc 0xBD8E185D
0x00000318: 0xBE092EA7	            	 dc 0xBE092EA7
0x00000319: 0xBE8BCF00	            	 dc 0xBE8BCF00
0x0000031A: 0xBD5E2D43	            	 dc 0xBD5E2D43
0x0000031B: 0xBE08EADE	            	 dc 0xBE08EADE
0x0000031C: 0xBE3F0D9E	            	 dc 0xBE3F0D9E
0x0000031D: 0xBC56FDFC	            	 dc 0xBC56FDFC
0x0000031E: 0xBE22B16E	            	 dc 0xBE22B16E
0x0000031F: 0xBC9F17AE	            	 dc 0xBC9F17AE
					            	 * --- Neuron 2 Weights ---
0x00000320: 0xBDB2A564	            	 dc 0xBDB2A564
0x00000321: 0xBF117176	            	 dc 0xBF117176
0x00000322: 0xBE711A2C	            	 dc 0xBE711A2C
0x00000323: 0xBE3328E9	            	 dc 0xBE3328E9
0x00000324: 0x3AB341D6	            	 dc 0x3AB341D6
0x00000325: 0xBC685A6B	            	 dc 0xBC685A6B
0x00000326: 0xBBE1AC0B	            	 dc 0xBBE1AC0B
0x00000327: 0xBEB82075	            	 dc 0xBEB82075
0x00000328: 0xBE42345D	            	 dc 0xBE42345D
0x00000329: 0xBE835B33	            	 dc 0xBE835B33
0x0000032A: 0xBA11B434	            	 dc 0xBA11B434
0x0000032B: 0xBF2AA859	            	 dc 0xBF2AA859
0x0000032C: 0xBEAB602A	            	 dc 0xBEAB602A
0x0000032D: 0xBD333EDF	            	 dc 0xBD333EDF
0x0000032E: 0xBD04E672	            	 dc 0xBD04E672
0x0000032F: 0xBD0EDF5B	            	 dc 0xBD0EDF5B
0x00000330: 0xBD843C85	            	 dc 0xBD843C85
0x00000331: 0xBE1FE355	            	 dc 0xBE1FE355
0x00000332: 0xBDF81799	            	 dc 0xBDF81799
0x00000333: 0xBD965D10	            	 dc 0xBD965D10
0x00000334: 0xBE345B62	            	 dc 0xBE345B62
0x00000335: 0xBD387443	            	 dc 0xBD387443
0x00000336: 0xBD8810E6	            	 dc 0xBD8810E6
0x00000337: 0xBD8EE79D	            	 dc 0xBD8EE79D
0x00000338: 0xBE06024F	            	 dc 0xBE06024F
0x00000339: 0xBE8B1381	            	 dc 0xBE8B1381
0x0000033A: 0xBD60E3F2	            	 dc 0xBD60E3F2
0x0000033B: 0xBE06C808	            	 dc 0xBE06C808
0x0000033C: 0xBE3C5AFE	            	 dc 0xBE3C5AFE
0x0000033D: 0xBC1DFE48	            	 dc 0xBC1DFE48
0x0000033E: 0xBE236E3C	            	 dc 0xBE236E3C
0x0000033F: 0xBCAF6C05	            	 dc 0xBCAF6C05
					            	 * --- Neuron 3 Weights ---
0x00000340: 0xBDB37CCD	            	 dc 0xBDB37CCD
0x00000341: 0xBF13EE32	            	 dc 0xBF13EE32
0x00000342: 0xBE6D982D	            	 dc 0xBE6D982D
0x00000343: 0xBE333EC1	            	 dc 0xBE333EC1
0x00000344: 0x3B8D7864	            	 dc 0x3B8D7864
0x00000345: 0xBC264D5E	            	 dc 0xBC264D5E
0x00000346: 0xBB532441	            	 dc 0xBB532441
0x00000347: 0xBEB796B7	            	 dc 0xBEB796B7
0x00000348: 0xBE3E3A70	            	 dc 0xBE3E3A70
0x00000349: 0xBE82055D	            	 dc 0xBE82055D
0x0000034A: 0x3B086BD2	            	 dc 0x3B086BD2
0x0000034B: 0xBF340FD7	            	 dc 0xBF340FD7
0x0000034C: 0xBEAB5DFC	            	 dc 0xBEAB5DFC
0x0000034D: 0xBD244DAA	            	 dc 0xBD244DAA
0x0000034E: 0xBCE34F05	            	 dc 0xBCE34F05
0x0000034F: 0xBD086829	            	 dc 0xBD086829
0x00000350: 0xBD778372	            	 dc 0xBD778372
0x00000351: 0xBE1DA37D	            	 dc 0xBE1DA37D
0x00000352: 0xBDF150D7	            	 dc 0xBDF150D7
0x00000353: 0xBD8E18D5	            	 dc 0xBD8E18D5
0x00000354: 0xBE30FA8B	            	 dc 0xBE30FA8B
0x00000355: 0xBD3217DD	            	 dc 0xBD3217DD
0x00000356: 0xBD8833A6	            	 dc 0xBD8833A6
0x00000357: 0xBD8CF885	            	 dc 0xBD8CF885
0x00000358: 0xBE02351B	            	 dc 0xBE02351B
0x00000359: 0xBE8B3C9F	            	 dc 0xBE8B3C9F
0x0000035A: 0xBD66E309	            	 dc 0xBD66E309
0x0000035B: 0xBE05C046	            	 dc 0xBE05C046
0x0000035C: 0xBE3B0B9A	            	 dc 0xBE3B0B9A
0x0000035D: 0xBC13507A	            	 dc 0xBC13507A
0x0000035E: 0xBE238D31	            	 dc 0xBE238D31
0x0000035F: 0xBC8A1CA6	            	 dc 0xBC8A1CA6
					            	 * --- Neuron 4 Weights ---
0x00000360: 0xBDB40824	            	 dc 0xBDB40824
0x00000361: 0xBF1134A4	            	 dc 0xBF1134A4
0x00000362: 0xBE714FB6	            	 dc 0xBE714FB6
0x00000363: 0xBE33BB94	            	 dc 0xBE33BB94
0x00000364: 0x3AE12443	            	 dc 0x3AE12443
0x00000365: 0xBC63561C	            	 dc 0xBC63561C
0x00000366: 0xBC0044D1	            	 dc 0xBC0044D1
0x00000367: 0xBEB76C47	            	 dc 0xBEB76C47
0x00000368: 0xBE41B17D	            	 dc 0xBE41B17D
0x00000369: 0xBE8274BD	            	 dc 0xBE8274BD
0x0000036A: 0xBB1E3F9D	            	 dc 0xBB1E3F9D
0x0000036B: 0xBF2CD4F8	            	 dc 0xBF2CD4F8
0x0000036C: 0xBEAAD15C	            	 dc 0xBEAAD15C
0x0000036D: 0xBD2AAA3F	            	 dc 0xBD2AAA3F
0x0000036E: 0xBD00A16C	            	 dc 0xBD00A16C
0x0000036F: 0xBD0FF18E	            	 dc 0xBD0FF18E
0x00000370: 0xBD817959	            	 dc 0xBD817959
0x00000371: 0xBE1FAEC9	            	 dc 0xBE1FAEC9
0x00000372: 0xBDF68B60	            	 dc 0xBDF68B60
0x00000373: 0xBD95FAC8	            	 dc 0xBD95FAC8
0x00000374: 0xBE316ABF	            	 dc 0xBE316ABF
0x00000375: 0xBD3AEA45	            	 dc 0xBD3AEA45
0x00000376: 0xBD88CB2A	            	 dc 0xBD88CB2A
0x00000377: 0xBD91BDED	            	 dc 0xBD91BDED
0x00000378: 0xBE04B0E8	            	 dc 0xBE04B0E8
0x00000379: 0xBE8BBADE	            	 dc 0xBE8BBADE
0x0000037A: 0xBD65E08A	            	 dc 0xBD65E08A
0x0000037B: 0xBE065221	            	 dc 0xBE065221
0x0000037C: 0xBE3B89BE	            	 dc 0xBE3B89BE
0x0000037D: 0xBC2F6F7C	            	 dc 0xBC2F6F7C
0x0000037E: 0xBE243318	            	 dc 0xBE243318
0x0000037F: 0xBC9A0D46	            	 dc 0xBC9A0D46
					            	 * --- Neuron 5 Weights ---
0x00000380: 0xBDAE2FE1	            	 dc 0xBDAE2FE1
0x00000381: 0xBF19520D	            	 dc 0xBF19520D
0x00000382: 0xBE6A894B	            	 dc 0xBE6A894B
0x00000383: 0xBE327FEF	            	 dc 0xBE327FEF
0x00000384: 0x3BF26B5B	            	 dc 0x3BF26B5B
0x00000385: 0xBBD75D97	            	 dc 0xBBD75D97
0x00000386: 0xBB72E532	            	 dc 0xBB72E532
0x00000387: 0xBEBC01D1	            	 dc 0xBEBC01D1
0x00000388: 0xBE3D0B29	            	 dc 0xBE3D0B29
0x00000389: 0xBE81C171	            	 dc 0xBE81C171
0x0000038A: 0x3B8A9570	            	 dc 0x3B8A9570
0x0000038B: 0xBF388799	            	 dc 0xBF388799
0x0000038C: 0xBEAD2014	            	 dc 0xBEAD2014
0x0000038D: 0xBD0A6F71	            	 dc 0xBD0A6F71
0x0000038E: 0xBCA39798	            	 dc 0xBCA39798
0x0000038F: 0xBCEF3F5D	            	 dc 0xBCEF3F5D
0x00000390: 0xBD5E0D3F	            	 dc 0xBD5E0D3F
0x00000391: 0xBE1D7BE2	            	 dc 0xBE1D7BE2
0x00000392: 0xBDE87843	            	 dc 0xBDE87843
0x00000393: 0xBD84E76E	            	 dc 0xBD84E76E
0x00000394: 0xBE32BE81	            	 dc 0xBE32BE81
0x00000395: 0xBD2B9FE3	            	 dc 0xBD2B9FE3
0x00000396: 0xBD869676	            	 dc 0xBD869676
0x00000397: 0xBD83C982	            	 dc 0xBD83C982
0x00000398: 0xBDFC92AB	            	 dc 0xBDFC92AB
0x00000399: 0xBE8A0CF3	            	 dc 0xBE8A0CF3
0x0000039A: 0xBD52F62E	            	 dc 0xBD52F62E
0x0000039B: 0xBE056423	            	 dc 0xBE056423
0x0000039C: 0xBE3C211C	            	 dc 0xBE3C211C
0x0000039D: 0xBB6D27F5	            	 dc 0xBB6D27F5
0x0000039E: 0xBE23C194	            	 dc 0xBE23C194
0x0000039F: 0xBC2B8989	            	 dc 0xBC2B8989
					            	 * --- Neuron 6 Weights ---
0x000003A0: 0xBDB20ACB	            	 dc 0xBDB20ACB
0x000003A1: 0xBF0F3603	            	 dc 0xBF0F3603
0x000003A2: 0xBE745C19	            	 dc 0xBE745C19
0x000003A3: 0xBE332A61	            	 dc 0xBE332A61
0x000003A4: 0x3A43412F	            	 dc 0x3A43412F
0x000003A5: 0xBC62D7DF	            	 dc 0xBC62D7DF
0x000003A6: 0xBC0081F9	            	 dc 0xBC0081F9
0x000003A7: 0xBEB64E59	            	 dc 0xBEB64E59
0x000003A8: 0xBE44B3C1	            	 dc 0xBE44B3C1
0x000003A9: 0xBE8335B5	            	 dc 0xBE8335B5
0x000003AA: 0xBBBA7DB7	            	 dc 0xBBBA7DB7
0x000003AB: 0xBF28D428	            	 dc 0xBF28D428
0x000003AC: 0xBEAA5B7B	            	 dc 0xBEAA5B7B
0x000003AD: 0xBD3770A4	            	 dc 0xBD3770A4
0x000003AE: 0xBD0BB6A8	            	 dc 0xBD0BB6A8
0x000003AF: 0xBD130D44	            	 dc 0xBD130D44
0x000003B0: 0xBD8006C8	            	 dc 0xBD8006C8
0x000003B1: 0xBE1FE6BB	            	 dc 0xBE1FE6BB
0x000003B2: 0xBDF82BEF	            	 dc 0xBDF82BEF
0x000003B3: 0xBD99CA62	            	 dc 0xBD99CA62
0x000003B4: 0xBE33B3B7	            	 dc 0xBE33B3B7
0x000003B5: 0xBD469D45	            	 dc 0xBD469D45
0x000003B6: 0xBD8D6AE0	            	 dc 0xBD8D6AE0
0x000003B7: 0xBD8EA15B	            	 dc 0xBD8EA15B
0x000003B8: 0xBE07657C	            	 dc 0xBE07657C
0x000003B9: 0xBE8BF5CC	            	 dc 0xBE8BF5CC
0x000003BA: 0xBD5D350E	            	 dc 0xBD5D350E
0x000003BB: 0xBE07E14D	            	 dc 0xBE07E14D
0x000003BC: 0xBE3D886C	            	 dc 0xBE3D886C
0x000003BD: 0xBC655B0A	            	 dc 0xBC655B0A
0x000003BE: 0xBE22F67E	            	 dc 0xBE22F67E
0x000003BF: 0xBC9F4575	            	 dc 0xBC9F4575
					            	 * --- Neuron 7 Weights ---
0x000003C0: 0xBDB3C474	            	 dc 0xBDB3C474
0x000003C1: 0xBF0FB124	            	 dc 0xBF0FB124
0x000003C2: 0xBE72E2A1	            	 dc 0xBE72E2A1
0x000003C3: 0xBE31E4B6	            	 dc 0xBE31E4B6
0x000003C4: 0x3AAE255A	            	 dc 0x3AAE255A
0x000003C5: 0xBC7A3DEC	            	 dc 0xBC7A3DEC
0x000003C6: 0xBC0D1D67	            	 dc 0xBC0D1D67
0x000003C7: 0xBEB66C8B	            	 dc 0xBEB66C8B
0x000003C8: 0xBE430492	            	 dc 0xBE430492
0x000003C9: 0xBE828802	            	 dc 0xBE828802
0x000003CA: 0xBB4B2DC7	            	 dc 0xBB4B2DC7
0x000003CB: 0xBF2AFA16	            	 dc 0xBF2AFA16
0x000003CC: 0xBEAAEE6E	            	 dc 0xBEAAEE6E
0x000003CD: 0xBD2FADF2	            	 dc 0xBD2FADF2
0x000003CE: 0xBD06412E	            	 dc 0xBD06412E
0x000003CF: 0xBD1488F8	            	 dc 0xBD1488F8
0x000003D0: 0xBD81E98C	            	 dc 0xBD81E98C
0x000003D1: 0xBE1E0C2D	            	 dc 0xBE1E0C2D
0x000003D2: 0xBDF8E7B8	            	 dc 0xBDF8E7B8
0x000003D3: 0xBD9887A9	            	 dc 0xBD9887A9
0x000003D4: 0xBE3501A6	            	 dc 0xBE3501A6
0x000003D5: 0xBD3A6B4E	            	 dc 0xBD3A6B4E
0x000003D6: 0xBD8BBE54	            	 dc 0xBD8BBE54
0x000003D7: 0xBD8E0817	            	 dc 0xBD8E0817
0x000003D8: 0xBE072D18	            	 dc 0xBE072D18
0x000003D9: 0xBE8B2DF7	            	 dc 0xBE8B2DF7
0x000003DA: 0xBD617AFC	            	 dc 0xBD617AFC
0x000003DB: 0xBE087E95	            	 dc 0xBE087E95
0x000003DC: 0xBE3BFA1A	            	 dc 0xBE3BFA1A
0x000003DD: 0xBC542D30	            	 dc 0xBC542D30
0x000003DE: 0xBE2405A0	            	 dc 0xBE2405A0
0x000003DF: 0xBC9ACAE3	            	 dc 0xBC9ACAE3
					            	 * --- Neuron 8 Weights ---
0x000003E0: 0xBDB7DDA8	            	 dc 0xBDB7DDA8
0x000003E1: 0xBF0ED681	            	 dc 0xBF0ED681
0x000003E2: 0xBE75692D	            	 dc 0xBE75692D
0x000003E3: 0xBE35946C	            	 dc 0xBE35946C
0x000003E4: 0x3AC20844	            	 dc 0x3AC20844
0x000003E5: 0xBC6D47B2	            	 dc 0xBC6D47B2
0x000003E6: 0xBC24BB4B	            	 dc 0xBC24BB4B
0x000003E7: 0xBEB6C6EF	            	 dc 0xBEB6C6EF
0x000003E8: 0xBE43FAED	            	 dc 0xBE43FAED
0x000003E9: 0xBE83165A	            	 dc 0xBE83165A
0x000003EA: 0xBB98ACF9	            	 dc 0xBB98ACF9
0x000003EB: 0xBF284BB9	            	 dc 0xBF284BB9
0x000003EC: 0xBEAB237F	            	 dc 0xBEAB237F
0x000003ED: 0xBD3439E5	            	 dc 0xBD3439E5
0x000003EE: 0xBD0C66BE	            	 dc 0xBD0C66BE
0x000003EF: 0xBD11D5BD	            	 dc 0xBD11D5BD
0x000003F0: 0xBD7F7A63	            	 dc 0xBD7F7A63
0x000003F1: 0xBE21D561	            	 dc 0xBE21D561
0x000003F2: 0xBDF7BBF9	            	 dc 0xBDF7BBF9
0x000003F3: 0xBD97A505	            	 dc 0xBD97A505
0x000003F4: 0xBE347C15	            	 dc 0xBE347C15
0x000003F5: 0xBD409193	            	 dc 0xBD409193
0x000003F6: 0xBD874B50	            	 dc 0xBD874B50
0x000003F7: 0xBD8EDED0	            	 dc 0xBD8EDED0
0x000003F8: 0xBE07D5C1	            	 dc 0xBE07D5C1
0x000003F9: 0xBE8B14E7	            	 dc 0xBE8B14E7
0x000003FA: 0xBD612C7D	            	 dc 0xBD612C7D
0x000003FB: 0xBE06089B	            	 dc 0xBE06089B
0x000003FC: 0xBE3D3609	            	 dc 0xBE3D3609
0x000003FD: 0xBC5D2622	            	 dc 0xBC5D2622
0x000003FE: 0xBE2479E3	            	 dc 0xBE2479E3
0x000003FF: 0xBCA67EB7	            	 dc 0xBCA67EB7
					            	 * --- Neuron 9 Weights ---
0x00000400: 0xBDB7171A	            	 dc 0xBDB7171A
0x00000401: 0xBF13F19C	            	 dc 0xBF13F19C
0x00000402: 0xBE7199B3	            	 dc 0xBE7199B3
0x00000403: 0xBE330DD3	            	 dc 0xBE330DD3
0x00000404: 0x3A839BEB	            	 dc 0x3A839BEB
0x00000405: 0xBC536CE7	            	 dc 0xBC536CE7
0x00000406: 0xBBBCC639	            	 dc 0xBBBCC639
0x00000407: 0xBEB9B7B2	            	 dc 0xBEB9B7B2
0x00000408: 0xBE4070A0	            	 dc 0xBE4070A0
0x00000409: 0xBE8215DE	            	 dc 0xBE8215DE
0x0000040A: 0xBA3E0730	            	 dc 0xBA3E0730
0x0000040B: 0xBF2E2554	            	 dc 0xBF2E2554
0x0000040C: 0xBEABFEA1	            	 dc 0xBEABFEA1
0x0000040D: 0xBD2A19CF	            	 dc 0xBD2A19CF
0x0000040E: 0xBCF98326	            	 dc 0xBCF98326
0x0000040F: 0xBD068639	            	 dc 0xBD068639
0x00000410: 0xBD751A2D	            	 dc 0xBD751A2D
0x00000411: 0xBE1E33EF	            	 dc 0xBE1E33EF
0x00000412: 0xBDF42553	            	 dc 0xBDF42553
0x00000413: 0xBD90905A	            	 dc 0xBD90905A
0x00000414: 0xBE31B2E6	            	 dc 0xBE31B2E6
0x00000415: 0xBD31D3AC	            	 dc 0xBD31D3AC
0x00000416: 0xBD89471B	            	 dc 0xBD89471B
0x00000417: 0xBD8B7F8B	            	 dc 0xBD8B7F8B
0x00000418: 0xBE04809D	            	 dc 0xBE04809D
0x00000419: 0xBE8B98E4	            	 dc 0xBE8B98E4
0x0000041A: 0xBD5835EC	            	 dc 0xBD5835EC
0x0000041B: 0xBE05D800	            	 dc 0xBE05D800
0x0000041C: 0xBE3CE4E0	            	 dc 0xBE3CE4E0
0x0000041D: 0xBBE7CFB9	            	 dc 0xBBE7CFB9
0x0000041E: 0xBE23B8AB	            	 dc 0xBE23B8AB
0x0000041F: 0xBC9F7426	            	 dc 0xBC9F7426
					            	 * --- Neuron 10 Weights ---
0x00000420: 0xBDB14AD7	            	 dc 0xBDB14AD7
0x00000421: 0xBF0FC566	            	 dc 0xBF0FC566
0x00000422: 0xBE743759	            	 dc 0xBE743759
0x00000423: 0xBE32CB78	            	 dc 0xBE32CB78
0x00000424: 0xB994120F	            	 dc 0xB994120F
0x00000425: 0xBC5AB8D1	            	 dc 0xBC5AB8D1
0x00000426: 0xBBFE0650	            	 dc 0xBBFE0650
0x00000427: 0xBEB7F6DB	            	 dc 0xBEB7F6DB
0x00000428: 0xBE426D67	            	 dc 0xBE426D67
0x00000429: 0xBE82E810	            	 dc 0xBE82E810
0x0000042A: 0xBB018A65	            	 dc 0xBB018A65
0x0000042B: 0xBF2A49A1	            	 dc 0xBF2A49A1
0x0000042C: 0xBEABA97A	            	 dc 0xBEABA97A
0x0000042D: 0xBD31571D	            	 dc 0xBD31571D
0x0000042E: 0xBD074684	            	 dc 0xBD074684
0x0000042F: 0xBD12E4D6	            	 dc 0xBD12E4D6
0x00000430: 0xBD8319C8	            	 dc 0xBD8319C8
0x00000431: 0xBE1FB1F5	            	 dc 0xBE1FB1F5
0x00000432: 0xBDFD7891	            	 dc 0xBDFD7891
0x00000433: 0xBD967197	            	 dc 0xBD967197
0x00000434: 0xBE31D806	            	 dc 0xBE31D806
0x00000435: 0xBD406A38	            	 dc 0xBD406A38
0x00000436: 0xBD891BD0	            	 dc 0xBD891BD0
0x00000437: 0xBD8C4E78	            	 dc 0xBD8C4E78
0x00000438: 0xBE082E83	            	 dc 0xBE082E83
0x00000439: 0xBE8C2C30	            	 dc 0xBE8C2C30
0x0000043A: 0xBD5EC2FF	            	 dc 0xBD5EC2FF
0x0000043B: 0xBE0672A9	            	 dc 0xBE0672A9
0x0000043C: 0xBE3B8681	            	 dc 0xBE3B8681
0x0000043D: 0xBC46423E	            	 dc 0xBC46423E
0x0000043E: 0xBE235239	            	 dc 0xBE235239
0x0000043F: 0xBCAA21D4	            	 dc 0xBCAA21D4
					            	 * --- Neuron 11 Weights ---
0x00000440: 0xBDB1FF29	            	 dc 0xBDB1FF29
0x00000441: 0xBF1703A5	            	 dc 0xBF1703A5
0x00000442: 0xBE6FB34B	            	 dc 0xBE6FB34B
0x00000443: 0xBE338762	            	 dc 0xBE338762
0x00000444: 0x3B765598	            	 dc 0x3B765598
0x00000445: 0xBC241A50	            	 dc 0xBC241A50
0x00000446: 0xBB933A4F	            	 dc 0xBB933A4F
0x00000447: 0xBEBC7B76	            	 dc 0xBEBC7B76
0x00000448: 0xBE3DD77A	            	 dc 0xBE3DD77A
0x00000449: 0xBE82A8D8	            	 dc 0xBE82A8D8
0x0000044A: 0x3B7A7B2B	            	 dc 0x3B7A7B2B
0x0000044B: 0xBF33218E	            	 dc 0xBF33218E
0x0000044C: 0xBEACDA46	            	 dc 0xBEACDA46
0x0000044D: 0xBD1951CF	            	 dc 0xBD1951CF
0x0000044E: 0xBCBEDCCD	            	 dc 0xBCBEDCCD
0x0000044F: 0xBCFC21FB	            	 dc 0xBCFC21FB
0x00000450: 0xBD67A447	            	 dc 0xBD67A447
0x00000451: 0xBE1E4950	            	 dc 0xBE1E4950
0x00000452: 0xBDF42602	            	 dc 0xBDF42602
0x00000453: 0xBD8C21F9	            	 dc 0xBD8C21F9
0x00000454: 0xBE33B746	            	 dc 0xBE33B746
0x00000455: 0xBD2B4A1B	            	 dc 0xBD2B4A1B
0x00000456: 0xBD8520FE	            	 dc 0xBD8520FE
0x00000457: 0xBD8577AC	            	 dc 0xBD8577AC
0x00000458: 0xBE01D11B	            	 dc 0xBE01D11B
0x00000459: 0xBE8B16FB	            	 dc 0xBE8B16FB
0x0000045A: 0xBD5B45F2	            	 dc 0xBD5B45F2
0x0000045B: 0xBE0544F7	            	 dc 0xBE0544F7
0x0000045C: 0xBE3C3D11	            	 dc 0xBE3C3D11
0x0000045D: 0xBB5E0ED6	            	 dc 0xBB5E0ED6
0x0000045E: 0xBE21F07B	            	 dc 0xBE21F07B
0x0000045F: 0xBC452636	            	 dc 0xBC452636
					            	 * --- Neuron 12 Weights ---
0x00000460: 0xBDB3FFDD	            	 dc 0xBDB3FFDD
0x00000461: 0xBF0DAF64	            	 dc 0xBF0DAF64
0x00000462: 0xBE761273	            	 dc 0xBE761273
0x00000463: 0xBE33EA63	            	 dc 0xBE33EA63
0x00000464: 0xB9C9C454	            	 dc 0xB9C9C454
0x00000465: 0xBC5BC173	            	 dc 0xBC5BC173
0x00000466: 0xBC10E34C	            	 dc 0xBC10E34C
0x00000467: 0xBEB67033	            	 dc 0xBEB67033
0x00000468: 0xBE44734A	            	 dc 0xBE44734A
0x00000469: 0xBE83B21B	            	 dc 0xBE83B21B
0x0000046A: 0xBBBED4EC	            	 dc 0xBBBED4EC
0x0000046B: 0xBF26E6F5	            	 dc 0xBF26E6F5
0x0000046C: 0xBEAADD9C	            	 dc 0xBEAADD9C
0x0000046D: 0xBD34F150	            	 dc 0xBD34F150
0x0000046E: 0xBD0B9DC4	            	 dc 0xBD0B9DC4
0x0000046F: 0xBD170703	            	 dc 0xBD170703
0x00000470: 0xBD83B355	            	 dc 0xBD83B355
0x00000471: 0xBE21378F	            	 dc 0xBE21378F
0x00000472: 0xBDFE5E9F	            	 dc 0xBDFE5E9F
0x00000473: 0xBD99EDE8	            	 dc 0xBD99EDE8
0x00000474: 0xBE3542A2	            	 dc 0xBE3542A2
0x00000475: 0xBD44C2D3	            	 dc 0xBD44C2D3
0x00000476: 0xBD89330E	            	 dc 0xBD89330E
0x00000477: 0xBD90BCD3	            	 dc 0xBD90BCD3
0x00000478: 0xBE095C80	            	 dc 0xBE095C80
0x00000479: 0xBE8C41A0	            	 dc 0xBE8C41A0
0x0000047A: 0xBD60B8A7	            	 dc 0xBD60B8A7
0x0000047B: 0xBE077069	            	 dc 0xBE077069
0x0000047C: 0xBE3DCD4A	            	 dc 0xBE3DCD4A
0x0000047D: 0xBC8CCD93	            	 dc 0xBC8CCD93
0x0000047E: 0xBE22BAF8	            	 dc 0xBE22BAF8
0x0000047F: 0xBCAA3A67	            	 dc 0xBCAA3A67
					            	 * --- Neuron 13 Weights ---
0x00000480: 0xBDB1E6CA	            	 dc 0xBDB1E6CA
0x00000481: 0xBF0F86E8	            	 dc 0xBF0F86E8
0x00000482: 0xBE72CF74	            	 dc 0xBE72CF74
0x00000483: 0xBE318220	            	 dc 0xBE318220
0x00000484: 0xB9F1B1C2	            	 dc 0xB9F1B1C2
0x00000485: 0xBC481670	            	 dc 0xBC481670
0x00000486: 0xBBAF62A4	            	 dc 0xBBAF62A4
0x00000487: 0xBEB5969D	            	 dc 0xBEB5969D
0x00000488: 0xBE4299E8	            	 dc 0xBE4299E8
0x00000489: 0xBE818FF0	            	 dc 0xBE818FF0
0x0000048A: 0xBAC61507	            	 dc 0xBAC61507
0x0000048B: 0xBF2EB057	            	 dc 0xBF2EB057
0x0000048C: 0xBEABB45A	            	 dc 0xBEABB45A
0x0000048D: 0xBD2C63FA	            	 dc 0xBD2C63FA
0x0000048E: 0xBD0C7158	            	 dc 0xBD0C7158
0x0000048F: 0xBD0D9FFF	            	 dc 0xBD0D9FFF
0x00000490: 0xBD827B99	            	 dc 0xBD827B99
0x00000491: 0xBE1EED58	            	 dc 0xBE1EED58
0x00000492: 0xBDF2AD1E	            	 dc 0xBDF2AD1E
0x00000493: 0xBD955208	            	 dc 0xBD955208
0x00000494: 0xBE2EFFA8	            	 dc 0xBE2EFFA8
0x00000495: 0xBD378892	            	 dc 0xBD378892
0x00000496: 0xBD8BBB96	            	 dc 0xBD8BBB96
0x00000497: 0xBD8F50B9	            	 dc 0xBD8F50B9
0x00000498: 0xBE054800	            	 dc 0xBE054800
0x00000499: 0xBE8AC7AA	            	 dc 0xBE8AC7AA
0x0000049A: 0xBD696B75	            	 dc 0xBD696B75
0x0000049B: 0xBE06E536	            	 dc 0xBE06E536
0x0000049C: 0xBE3BE2E8	            	 dc 0xBE3BE2E8
0x0000049D: 0xBC3981D3	            	 dc 0xBC3981D3
0x0000049E: 0xBE23CD5D	            	 dc 0xBE23CD5D
0x0000049F: 0xBC97ABBC	            	 dc 0xBC97ABBC
					            	 * --- Neuron 14 Weights ---
0x000004A0: 0xBDB5ADA4	            	 dc 0xBDB5ADA4
0x000004A1: 0xBF0F7042	            	 dc 0xBF0F7042
0x000004A2: 0xBE732B56	            	 dc 0xBE732B56
0x000004A3: 0xBE33FF53	            	 dc 0xBE33FF53
0x000004A4: 0x3AD7C88A	            	 dc 0x3AD7C88A
0x000004A5: 0xBC63AAE1	            	 dc 0xBC63AAE1
0x000004A6: 0xBBC8FE33	            	 dc 0xBBC8FE33
0x000004A7: 0xBEB54F0A	            	 dc 0xBEB54F0A
0x000004A8: 0xBE40E699	            	 dc 0xBE40E699
0x000004A9: 0xBE81D5F8	            	 dc 0xBE81D5F8
0x000004AA: 0xBA2B1FF6	            	 dc 0xBA2B1FF6
0x000004AB: 0xBF2DA400	            	 dc 0xBF2DA400
0x000004AC: 0xBEAB8303	            	 dc 0xBEAB8303
0x000004AD: 0xBD2CD9A1	            	 dc 0xBD2CD9A1
0x000004AE: 0xBD08B5F2	            	 dc 0xBD08B5F2
0x000004AF: 0xBD12D9AA	            	 dc 0xBD12D9AA
0x000004B0: 0xBD844F02	            	 dc 0xBD844F02
0x000004B1: 0xBE1F2595	            	 dc 0xBE1F2595
0x000004B2: 0xBDF4D8FA	            	 dc 0xBDF4D8FA
0x000004B3: 0xBD938FEA	            	 dc 0xBD938FEA
0x000004B4: 0xBE326F98	            	 dc 0xBE326F98
0x000004B5: 0xBD36CED2	            	 dc 0xBD36CED2
0x000004B6: 0xBD8AE164	            	 dc 0xBD8AE164
0x000004B7: 0xBD91D26D	            	 dc 0xBD91D26D
0x000004B8: 0xBE0718AA	            	 dc 0xBE0718AA
0x000004B9: 0xBE8B2953	            	 dc 0xBE8B2953
0x000004BA: 0xBD708521	            	 dc 0xBD708521
0x000004BB: 0xBE069626	            	 dc 0xBE069626
0x000004BC: 0xBE3BBDF7	            	 dc 0xBE3BBDF7
0x000004BD: 0xBC4D520D	            	 dc 0xBC4D520D
0x000004BE: 0xBE241538	            	 dc 0xBE241538
0x000004BF: 0xBC953171	            	 dc 0xBC953171
					            	 * --- Neuron 15 Weights ---
0x000004C0: 0xBDB2FCEB	            	 dc 0xBDB2FCEB
0x000004C1: 0xBF175FCE	            	 dc 0xBF175FCE
0x000004C2: 0xBE6B7C4D	            	 dc 0xBE6B7C4D
0x000004C3: 0xBE30EA64	            	 dc 0xBE30EA64
0x000004C4: 0x3BF77877	            	 dc 0x3BF77877
0x000004C5: 0xBC10B499	            	 dc 0xBC10B499
0x000004C6: 0xBB17BDB3	            	 dc 0xBB17BDB3
0x000004C7: 0xBEB8EDA8	            	 dc 0xBEB8EDA8
0x000004C8: 0xBE3C0144	            	 dc 0xBE3C0144
0x000004C9: 0xBE80DC25	            	 dc 0xBE80DC25
0x000004CA: 0x3B9CE53E	            	 dc 0x3B9CE53E
0x000004CB: 0xBF38BB8D	            	 dc 0xBF38BB8D
0x000004CC: 0xBEAD3BED	            	 dc 0xBEAD3BED
0x000004CD: 0xBD11BD3D	            	 dc 0xBD11BD3D
0x000004CE: 0xBCD2065D	            	 dc 0xBCD2065D
0x000004CF: 0xBCF6D601	            	 dc 0xBCF6D601
0x000004D0: 0xBD63B35E	            	 dc 0xBD63B35E
0x000004D1: 0xBE1E98A3	            	 dc 0xBE1E98A3
0x000004D2: 0xBDF0BD64	            	 dc 0xBDF0BD64
0x000004D3: 0xBD892B43	            	 dc 0xBD892B43
0x000004D4: 0xBE3327E4	            	 dc 0xBE3327E4
0x000004D5: 0xBD28A412	            	 dc 0xBD28A412
0x000004D6: 0xBD846C5B	            	 dc 0xBD846C5B
0x000004D7: 0xBD8341B3	            	 dc 0xBD8341B3
0x000004D8: 0xBE00B61D	            	 dc 0xBE00B61D
0x000004D9: 0xBE8A55E1	            	 dc 0xBE8A55E1
0x000004DA: 0xBD57CE21	            	 dc 0xBD57CE21
0x000004DB: 0xBE0337A3	            	 dc 0xBE0337A3
0x000004DC: 0xBE3B90C7	            	 dc 0xBE3B90C7
0x000004DD: 0xBB9D36A4	            	 dc 0xBB9D36A4
0x000004DE: 0xBE2494E9	            	 dc 0xBE2494E9
0x000004DF: 0xBC1FA4B7	            	 dc 0xBC1FA4B7
					            	 * --- Neuron 16 Weights ---
0x000004E0: 0xBDB67AB0	            	 dc 0xBDB67AB0
0x000004E1: 0xBF123235	            	 dc 0xBF123235
0x000004E2: 0xBE72DE25	            	 dc 0xBE72DE25
0x000004E3: 0xBE346ED4	            	 dc 0xBE346ED4
0x000004E4: 0x3AC999B8	            	 dc 0x3AC999B8
0x000004E5: 0xBC72F895	            	 dc 0xBC72F895
0x000004E6: 0xBBCF251E	            	 dc 0xBBCF251E
0x000004E7: 0xBEB7168F	            	 dc 0xBEB7168F
0x000004E8: 0xBE4265D1	            	 dc 0xBE4265D1
0x000004E9: 0xBE8420CB	            	 dc 0xBE8420CB
0x000004EA: 0x3995F0D6	            	 dc 0x3995F0D6
0x000004EB: 0xBF2BA538	            	 dc 0xBF2BA538
0x000004EC: 0xBEAB08B4	            	 dc 0xBEAB08B4
0x000004ED: 0xBD2A2721	            	 dc 0xBD2A2721
0x000004EE: 0xBCFD51C9	            	 dc 0xBCFD51C9
0x000004EF: 0xBD0BEF91	            	 dc 0xBD0BEF91
0x000004F0: 0xBD7864E4	            	 dc 0xBD7864E4
0x000004F1: 0xBE1FACD8	            	 dc 0xBE1FACD8
0x000004F2: 0xBDF4EE51	            	 dc 0xBDF4EE51
0x000004F3: 0xBD953CE2	            	 dc 0xBD953CE2
0x000004F4: 0xBE32DB82	            	 dc 0xBE32DB82
0x000004F5: 0xBD39081A	            	 dc 0xBD39081A
0x000004F6: 0xBD8C6E2D	            	 dc 0xBD8C6E2D
0x000004F7: 0xBD8E9F5B	            	 dc 0xBD8E9F5B
0x000004F8: 0xBE054343	            	 dc 0xBE054343
0x000004F9: 0xBE8C1B03	            	 dc 0xBE8C1B03
0x000004FA: 0xBD6037F0	            	 dc 0xBD6037F0
0x000004FB: 0xBE06C0FB	            	 dc 0xBE06C0FB
0x000004FC: 0xBE3CFE25	            	 dc 0xBE3CFE25
0x000004FD: 0xBC3C2820	            	 dc 0xBC3C2820
0x000004FE: 0xBE23486A	            	 dc 0xBE23486A
0x000004FF: 0xBC9CCED0	            	 dc 0xBC9CCED0
					            	 * --- Neuron 17 Weights ---
0x00000500: 0xBDB5FAD4	            	 dc 0xBDB5FAD4
0x00000501: 0xBF115656	            	 dc 0xBF115656
0x00000502: 0xBE726044	            	 dc 0xBE726044
0x00000503: 0xBE32E2DF	            	 dc 0xBE32E2DF
0x00000504: 0xB93BAD90	            	 dc 0xB93BAD90
0x00000505: 0xBC7001F8	            	 dc 0xBC7001F8
0x00000506: 0xBC01B9D2	            	 dc 0xBC01B9D2
0x00000507: 0xBEB68F1B	            	 dc 0xBEB68F1B
0x00000508: 0xBE4262E7	            	 dc 0xBE4262E7
0x00000509: 0xBE82A143	            	 dc 0xBE82A143
0x0000050A: 0xBB8DAB42	            	 dc 0xBB8DAB42
0x0000050B: 0xBF285F5C	            	 dc 0xBF285F5C
0x0000050C: 0xBEA9FBA0	            	 dc 0xBEA9FBA0
0x0000050D: 0xBD387B6D	            	 dc 0xBD387B6D
0x0000050E: 0xBD097BF6	            	 dc 0xBD097BF6
0x0000050F: 0xBD13353C	            	 dc 0xBD13353C
0x00000510: 0xBD85B84F	            	 dc 0xBD85B84F
0x00000511: 0xBE214E60	            	 dc 0xBE214E60
0x00000512: 0xBDFA84F9	            	 dc 0xBDFA84F9
0x00000513: 0xBD9A852C	            	 dc 0xBD9A852C
0x00000514: 0xBE346526	            	 dc 0xBE346526
0x00000515: 0xBD4407F7	            	 dc 0xBD4407F7
0x00000516: 0xBD89685F	            	 dc 0xBD89685F
0x00000517: 0xBD8ED3A5	            	 dc 0xBD8ED3A5
0x00000518: 0xBE07899E	            	 dc 0xBE07899E
0x00000519: 0xBE8B84F1	            	 dc 0xBE8B84F1
0x0000051A: 0xBD59DD14	            	 dc 0xBD59DD14
0x0000051B: 0xBE072507	            	 dc 0xBE072507
0x0000051C: 0xBE3C83D0	            	 dc 0xBE3C83D0
0x0000051D: 0xBC67CBB0	            	 dc 0xBC67CBB0
0x0000051E: 0xBE21A7C0	            	 dc 0xBE21A7C0
0x0000051F: 0xBCA208C4	            	 dc 0xBCA208C4
					            	 * --- Neuron 18 Weights ---
0x00000520: 0xBDB4759F	            	 dc 0xBDB4759F
0x00000521: 0xBF0E43CF	            	 dc 0xBF0E43CF
0x00000522: 0xBE74E9ED	            	 dc 0xBE74E9ED
0x00000523: 0xBE3303DA	            	 dc 0xBE3303DA
0x00000524: 0xB9BDB57E	            	 dc 0xB9BDB57E
0x00000525: 0xBC72DBE2	            	 dc 0xBC72DBE2
0x00000526: 0xBC2F1A42	            	 dc 0xBC2F1A42
0x00000527: 0xBEB65FB5	            	 dc 0xBEB65FB5
0x00000528: 0xBE43865A	            	 dc 0xBE43865A
0x00000529: 0xBE822C60	            	 dc 0xBE822C60
0x0000052A: 0xBBBE0C2E	            	 dc 0xBBBE0C2E
0x0000052B: 0xBF280F02	            	 dc 0xBF280F02
0x0000052C: 0xBEAB3FAD	            	 dc 0xBEAB3FAD
0x0000052D: 0xBD3499E7	            	 dc 0xBD3499E7
0x0000052E: 0xBD112A7B	            	 dc 0xBD112A7B
0x0000052F: 0xBD07CA58	            	 dc 0xBD07CA58
0x00000530: 0xBD833E55	            	 dc 0xBD833E55
0x00000531: 0xBE21E061	            	 dc 0xBE21E061
0x00000532: 0xBDF9A7EE	            	 dc 0xBDF9A7EE
0x00000533: 0xBD9B80BD	            	 dc 0xBD9B80BD
0x00000534: 0xBE34768F	            	 dc 0xBE34768F
0x00000535: 0xBD4AA3CE	            	 dc 0xBD4AA3CE
0x00000536: 0xBD8ABF1D	            	 dc 0xBD8ABF1D
0x00000537: 0xBD91318A	            	 dc 0xBD91318A
0x00000538: 0xBE098BD1	            	 dc 0xBE098BD1
0x00000539: 0xBE8C430B	            	 dc 0xBE8C430B
0x0000053A: 0xBD58D908	            	 dc 0xBD58D908
0x0000053B: 0xBE08387C	            	 dc 0xBE08387C
0x0000053C: 0xBE3DB4A5	            	 dc 0xBE3DB4A5
0x0000053D: 0xBC639ECE	            	 dc 0xBC639ECE
0x0000053E: 0xBE218955	            	 dc 0xBE218955
0x0000053F: 0xBCAFD94B	            	 dc 0xBCAFD94B
					            	 * --- Neuron 19 Weights ---
0x00000540: 0xBDB4AE03	            	 dc 0xBDB4AE03
0x00000541: 0xBF121A20	            	 dc 0xBF121A20
0x00000542: 0xBE7032AC	            	 dc 0xBE7032AC
0x00000543: 0xBE306260	            	 dc 0xBE306260
0x00000544: 0x3A8C78CD	            	 dc 0x3A8C78CD
0x00000545: 0xBC4AC02C	            	 dc 0xBC4AC02C
0x00000546: 0xBB920D0F	            	 dc 0xBB920D0F
0x00000547: 0xBEB7F2EC	            	 dc 0xBEB7F2EC
0x00000548: 0xBE410C17	            	 dc 0xBE410C17
0x00000549: 0xBE827BF2	            	 dc 0xBE827BF2
0x0000054A: 0x3931EC5E	            	 dc 0x3931EC5E
0x0000054B: 0xBF2F73A2	            	 dc 0xBF2F73A2
0x0000054C: 0xBEAB5BCA	            	 dc 0xBEAB5BCA
0x0000054D: 0xBD27C71A	            	 dc 0xBD27C71A
0x0000054E: 0xBD0380FA	            	 dc 0xBD0380FA
0x0000054F: 0xBD0A9E36	            	 dc 0xBD0A9E36
0x00000550: 0xBD780E4F	            	 dc 0xBD780E4F
0x00000551: 0xBE1F38AE	            	 dc 0xBE1F38AE
0x00000552: 0xBDF2B021	            	 dc 0xBDF2B021
0x00000553: 0xBD965E01	            	 dc 0xBD965E01
0x00000554: 0xBE3060C7	            	 dc 0xBE3060C7
0x00000555: 0xBD3171FE	            	 dc 0xBD3171FE
0x00000556: 0xBD87B4AC	            	 dc 0xBD87B4AC
0x00000557: 0xBD8D3974	            	 dc 0xBD8D3974
0x00000558: 0xBE047A12	            	 dc 0xBE047A12
0x00000559: 0xBE8B2DFC	            	 dc 0xBE8B2DFC
0x0000055A: 0xBD68B56F	            	 dc 0xBD68B56F
0x0000055B: 0xBE073AD9	            	 dc 0xBE073AD9
0x0000055C: 0xBE3C59A5	            	 dc 0xBE3C59A5
0x0000055D: 0xBC0B98E4	            	 dc 0xBC0B98E4
0x0000055E: 0xBE229DFD	            	 dc 0xBE229DFD
0x0000055F: 0xBC8DFEA5	            	 dc 0xBC8DFEA5
					            	 * --- Neuron 20 Weights ---
0x00000560: 0xBDB50219	            	 dc 0xBDB50219
0x00000561: 0xBF11F0A9	            	 dc 0xBF11F0A9
0x00000562: 0xBE70988D	            	 dc 0xBE70988D
0x00000563: 0xBE333108	            	 dc 0xBE333108
0x00000564: 0x3ACF2EDA	            	 dc 0x3ACF2EDA
0x00000565: 0xBC511821	            	 dc 0xBC511821
0x00000566: 0xBBE588C1	            	 dc 0xBBE588C1
0x00000567: 0xBEB81998	            	 dc 0xBEB81998
0x00000568: 0xBE42CA45	            	 dc 0xBE42CA45
0x00000569: 0xBE8376F1	            	 dc 0xBE8376F1
0x0000056A: 0x3A8458CB	            	 dc 0x3A8458CB
0x0000056B: 0xBF2E56A9	            	 dc 0xBF2E56A9
0x0000056C: 0xBEAAE811	            	 dc 0xBEAAE811
0x0000056D: 0xBD2DB64C	            	 dc 0xBD2DB64C
0x0000056E: 0xBCF3DC3F	            	 dc 0xBCF3DC3F
0x0000056F: 0xBD10AE15	            	 dc 0xBD10AE15
0x00000570: 0xBD8077D5	            	 dc 0xBD8077D5
0x00000571: 0xBE1E9B27	            	 dc 0xBE1E9B27
0x00000572: 0xBDF26D8F	            	 dc 0xBDF26D8F
0x00000573: 0xBD923F17	            	 dc 0xBD923F17
0x00000574: 0xBE32A378	            	 dc 0xBE32A378
0x00000575: 0xBD377603	            	 dc 0xBD377603
0x00000576: 0xBD89D6EB	            	 dc 0xBD89D6EB
0x00000577: 0xBD8D0102	            	 dc 0xBD8D0102
0x00000578: 0xBE04C269	            	 dc 0xBE04C269
0x00000579: 0xBE8B4032	            	 dc 0xBE8B4032
0x0000057A: 0xBD5CBABD	            	 dc 0xBD5CBABD
0x0000057B: 0xBE075D7F	            	 dc 0xBE075D7F
0x0000057C: 0xBE3AB3C0	            	 dc 0xBE3AB3C0
0x0000057D: 0xBBF50AED	            	 dc 0xBBF50AED
0x0000057E: 0xBE23E496	            	 dc 0xBE23E496
0x0000057F: 0xBC9804A5	            	 dc 0xBC9804A5
					            	 * --- Neuron 21 Weights ---
0x00000580: 0xBDB396C3	            	 dc 0xBDB396C3
0x00000581: 0xBF131A1A	            	 dc 0xBF131A1A
0x00000582: 0xBE6F58C5	            	 dc 0xBE6F58C5
0x00000583: 0xBE31A7B7	            	 dc 0xBE31A7B7
0x00000584: 0x3ABC0D9B	            	 dc 0x3ABC0D9B
0x00000585: 0xBC5FE7C7	            	 dc 0xBC5FE7C7
0x00000586: 0xBBB3ED7D	            	 dc 0xBBB3ED7D
0x00000587: 0xBEB8214E	            	 dc 0xBEB8214E
0x00000588: 0xBE41C7D0	            	 dc 0xBE41C7D0
0x00000589: 0xBE834BBB	            	 dc 0xBE834BBB
0x0000058A: 0xB91F7308	            	 dc 0xB91F7308
0x0000058B: 0xBF2DBAE9	            	 dc 0xBF2DBAE9
0x0000058C: 0xBEAA3174	            	 dc 0xBEAA3174
0x0000058D: 0xBD282162	            	 dc 0xBD282162
0x0000058E: 0xBCFD0AD0	            	 dc 0xBCFD0AD0
0x0000058F: 0xBD0BE2A4	            	 dc 0xBD0BE2A4
0x00000590: 0xBD783C97	            	 dc 0xBD783C97
0x00000591: 0xBE203254	            	 dc 0xBE203254
0x00000592: 0xBDF28D5F	            	 dc 0xBDF28D5F
0x00000593: 0xBD915524	            	 dc 0xBD915524
0x00000594: 0xBE3307F6	            	 dc 0xBE3307F6
0x00000595: 0xBD3703C2	            	 dc 0xBD3703C2
0x00000596: 0xBD8DBB32	            	 dc 0xBD8DBB32
0x00000597: 0xBD8DC04F	            	 dc 0xBD8DC04F
0x00000598: 0xBE05464B	            	 dc 0xBE05464B
0x00000599: 0xBE8C23C0	            	 dc 0xBE8C23C0
0x0000059A: 0xBD5D4128	            	 dc 0xBD5D4128
0x0000059B: 0xBE08942A	            	 dc 0xBE08942A
0x0000059C: 0xBE3C7F4A	            	 dc 0xBE3C7F4A
0x0000059D: 0xBC03E051	            	 dc 0xBC03E051
0x0000059E: 0xBE223565	            	 dc 0xBE223565
0x0000059F: 0xBC93D3DF	            	 dc 0xBC93D3DF
					            	 * --- Neuron 22 Weights ---
0x000005A0: 0xBDB3E16D	            	 dc 0xBDB3E16D
0x000005A1: 0xBF0F673D	            	 dc 0xBF0F673D
0x000005A2: 0xBE73AB70	            	 dc 0xBE73AB70
0x000005A3: 0xBE33451A	            	 dc 0xBE33451A
0x000005A4: 0x3A7E794E	            	 dc 0x3A7E794E
0x000005A5: 0xBC5A4CB4	            	 dc 0xBC5A4CB4
0x000005A6: 0xBBFEA32E	            	 dc 0xBBFEA32E
0x000005A7: 0xBEB71670	            	 dc 0xBEB71670
0x000005A8: 0xBE4261B5	            	 dc 0xBE4261B5
0x000005A9: 0xBE830936	            	 dc 0xBE830936
0x000005AA: 0xBB19168D	            	 dc 0xBB19168D
0x000005AB: 0xBF29B2C5	            	 dc 0xBF29B2C5
0x000005AC: 0xBEAB55FD	            	 dc 0xBEAB55FD
0x000005AD: 0xBD35EF8D	            	 dc 0xBD35EF8D
0x000005AE: 0xBD12A413	            	 dc 0xBD12A413
0x000005AF: 0xBD1021CF	            	 dc 0xBD1021CF
0x000005B0: 0xBD8180DB	            	 dc 0xBD8180DB
0x000005B1: 0xBE1F7237	            	 dc 0xBE1F7237
0x000005B2: 0xBDFB9213	            	 dc 0xBDFB9213
0x000005B3: 0xBD9A12A8	            	 dc 0xBD9A12A8
0x000005B4: 0xBE321194	            	 dc 0xBE321194
0x000005B5: 0xBD45433E	            	 dc 0xBD45433E
0x000005B6: 0xBD8D8898	            	 dc 0xBD8D8898
0x000005B7: 0xBD8ABFBC	            	 dc 0xBD8ABFBC
0x000005B8: 0xBE0939B6	            	 dc 0xBE0939B6
0x000005B9: 0xBE8B296C	            	 dc 0xBE8B296C
0x000005BA: 0xBD5E84B0	            	 dc 0xBD5E84B0
0x000005BB: 0xBE07348C	            	 dc 0xBE07348C
0x000005BC: 0xBE3CB3FE	            	 dc 0xBE3CB3FE
0x000005BD: 0xBC56B12D	            	 dc 0xBC56B12D
0x000005BE: 0xBE24B760	            	 dc 0xBE24B760
0x000005BF: 0xBCA57436	            	 dc 0xBCA57436
					            	 * --- Neuron 23 Weights ---
0x000005C0: 0xBDAFBBCC	            	 dc 0xBDAFBBCC
0x000005C1: 0xBF1AEF16	            	 dc 0xBF1AEF16
0x000005C2: 0xBE6BCEE7	            	 dc 0xBE6BCEE7
0x000005C3: 0xBE31DCF2	            	 dc 0xBE31DCF2
0x000005C4: 0x3B9AAF06	            	 dc 0x3B9AAF06
0x000005C5: 0xBBEF5CF0	            	 dc 0xBBEF5CF0
0x000005C6: 0xBAD33AE8	            	 dc 0xBAD33AE8
0x000005C7: 0xBEBA25A5	            	 dc 0xBEBA25A5
0x000005C8: 0xBE3CCDD7	            	 dc 0xBE3CCDD7
0x000005C9: 0xBE81B18B	            	 dc 0xBE81B18B
0x000005CA: 0x3B30ACE0	            	 dc 0x3B30ACE0
0x000005CB: 0xBF32463A	            	 dc 0xBF32463A
0x000005CC: 0xBEAC5233	            	 dc 0xBEAC5233
0x000005CD: 0xBD155B64	            	 dc 0xBD155B64
0x000005CE: 0xBCC5291A	            	 dc 0xBCC5291A
0x000005CF: 0xBD008F58	            	 dc 0xBD008F58
0x000005D0: 0xBD5E928E	            	 dc 0xBD5E928E
0x000005D1: 0xBE1E47BB	            	 dc 0xBE1E47BB
0x000005D2: 0xBDF0D3B2	            	 dc 0xBDF0D3B2
0x000005D3: 0xBD8AA966	            	 dc 0xBD8AA966
0x000005D4: 0xBE354379	            	 dc 0xBE354379
0x000005D5: 0xBD3308CD	            	 dc 0xBD3308CD
0x000005D6: 0xBD868833	            	 dc 0xBD868833
0x000005D7: 0xBD8673DD	            	 dc 0xBD8673DD
0x000005D8: 0xBE0213DB	            	 dc 0xBE0213DB
0x000005D9: 0xBE8AE090	            	 dc 0xBE8AE090
0x000005DA: 0xBD5BC3F5	            	 dc 0xBD5BC3F5
0x000005DB: 0xBE052696	            	 dc 0xBE052696
0x000005DC: 0xBE3C5F22	            	 dc 0xBE3C5F22
0x000005DD: 0xBB26D365	            	 dc 0xBB26D365
0x000005DE: 0xBE218208	            	 dc 0xBE218208
0x000005DF: 0xBC5BA571	            	 dc 0xBC5BA571
					            	 * --- Neuron 24 Weights ---
0x000005E0: 0xBDB450CC	            	 dc 0xBDB450CC
0x000005E1: 0xBF176143	            	 dc 0xBF176143
0x000005E2: 0xBE6A0F6D	            	 dc 0xBE6A0F6D
0x000005E3: 0xBE2EA323	            	 dc 0xBE2EA323
0x000005E4: 0x3B9EDE40	            	 dc 0x3B9EDE40
0x000005E5: 0xBC311CD9	            	 dc 0xBC311CD9
0x000005E6: 0xB9F01420	            	 dc 0xB9F01420
0x000005E7: 0xBEB6DF3C	            	 dc 0xBEB6DF3C
0x000005E8: 0xBE3BBDE2	            	 dc 0xBE3BBDE2
0x000005E9: 0xBE817485	            	 dc 0xBE817485
0x000005EA: 0x3B60C559	            	 dc 0x3B60C559
0x000005EB: 0xBF36529F	            	 dc 0xBF36529F
0x000005EC: 0xBEAC17C8	            	 dc 0xBEAC17C8
0x000005ED: 0xBD0F3767	            	 dc 0xBD0F3767
0x000005EE: 0xBCD96552	            	 dc 0xBCD96552
0x000005EF: 0xBCF86045	            	 dc 0xBCF86045
0x000005F0: 0xBD725006	            	 dc 0xBD725006
0x000005F1: 0xBE1E7AAF	            	 dc 0xBE1E7AAF
0x000005F2: 0xBDEE018A	            	 dc 0xBDEE018A
0x000005F3: 0xBD8D20BB	            	 dc 0xBD8D20BB
0x000005F4: 0xBE34D8DF	            	 dc 0xBE34D8DF
0x000005F5: 0xBD330DCD	            	 dc 0xBD330DCD
0x000005F6: 0xBD878722	            	 dc 0xBD878722
0x000005F7: 0xBD8736D1	            	 dc 0xBD8736D1
0x000005F8: 0xBE00A80F	            	 dc 0xBE00A80F
0x000005F9: 0xBE8A195A	            	 dc 0xBE8A195A
0x000005FA: 0xBD5B2D5B	            	 dc 0xBD5B2D5B
0x000005FB: 0xBE04DD8C	            	 dc 0xBE04DD8C
0x000005FC: 0xBE3BF241	            	 dc 0xBE3BF241
0x000005FD: 0xBBC07D5C	            	 dc 0xBBC07D5C
0x000005FE: 0xBE2287A9	            	 dc 0xBE2287A9
0x000005FF: 0xBC637508	            	 dc 0xBC637508
					            	 * --- Neuron 25 Weights ---
0x00000600: 0xBDB2D89B	            	 dc 0xBDB2D89B
0x00000601: 0xBF14AA17	            	 dc 0xBF14AA17
0x00000602: 0xBE6D649D	            	 dc 0xBE6D649D
0x00000603: 0xBE31D154	            	 dc 0xBE31D154
0x00000604: 0x3BA4F586	            	 dc 0x3BA4F586
0x00000605: 0xBC14E5D2	            	 dc 0xBC14E5D2
0x00000606: 0xBB0E9238	            	 dc 0xBB0E9238
0x00000607: 0xBEBA5E0F	            	 dc 0xBEBA5E0F
0x00000608: 0xBE3E0106	            	 dc 0xBE3E0106
0x00000609: 0xBE80A8C8	            	 dc 0xBE80A8C8
0x0000060A: 0x3B86D5AB	            	 dc 0x3B86D5AB
0x0000060B: 0xBF373588	            	 dc 0xBF373588
0x0000060C: 0xBEAD564C	            	 dc 0xBEAD564C
0x0000060D: 0xBD1AA5B1	            	 dc 0xBD1AA5B1
0x0000060E: 0xBCDF1788	            	 dc 0xBCDF1788
0x0000060F: 0xBCEA505C	            	 dc 0xBCEA505C
0x00000610: 0xBD678CE3	            	 dc 0xBD678CE3
0x00000611: 0xBE1DCA3C	            	 dc 0xBE1DCA3C
0x00000612: 0xBDF06ACB	            	 dc 0xBDF06ACB
0x00000613: 0xBD8BB7AE	            	 dc 0xBD8BB7AE
0x00000614: 0xBE333D3B	            	 dc 0xBE333D3B
0x00000615: 0xBD2EC219	            	 dc 0xBD2EC219
0x00000616: 0xBD863F68	            	 dc 0xBD863F68
0x00000617: 0xBD870E20	            	 dc 0xBD870E20
0x00000618: 0xBE007AE2	            	 dc 0xBE007AE2
0x00000619: 0xBE89F27C	            	 dc 0xBE89F27C
0x0000061A: 0xBD5D2113	            	 dc 0xBD5D2113
0x0000061B: 0xBE03FA0E	            	 dc 0xBE03FA0E
0x0000061C: 0xBE3CD2BC	            	 dc 0xBE3CD2BC
0x0000061D: 0xBBB85C4B	            	 dc 0xBBB85C4B
0x0000061E: 0xBE2611E5	            	 dc 0xBE2611E5
0x0000061F: 0xBC4900CD	            	 dc 0xBC4900CD
					            	 * --- Neuron 26 Weights ---
0x00000620: 0xBDB36787	            	 dc 0xBDB36787
0x00000621: 0xBF0F818F	            	 dc 0xBF0F818F
0x00000622: 0xBE748761	            	 dc 0xBE748761
0x00000623: 0xBE33F859	            	 dc 0xBE33F859
0x00000624: 0x395B1469	            	 dc 0x395B1469
0x00000625: 0xBC6E7E08	            	 dc 0xBC6E7E08
0x00000626: 0xBBEE7A39	            	 dc 0xBBEE7A39
0x00000627: 0xBEB6794C	            	 dc 0xBEB6794C
0x00000628: 0xBE42F8E6	            	 dc 0xBE42F8E6
0x00000629: 0xBE83B525	            	 dc 0xBE83B525
0x0000062A: 0xBB8B06A2	            	 dc 0xBB8B06A2
0x0000062B: 0xBF294E21	            	 dc 0xBF294E21
0x0000062C: 0xBEAB25F1	            	 dc 0xBEAB25F1
0x0000062D: 0xBD33751D	            	 dc 0xBD33751D
0x0000062E: 0xBD0B6C69	            	 dc 0xBD0B6C69
0x0000062F: 0xBD12B609	            	 dc 0xBD12B609
0x00000630: 0xBD7FEE4E	            	 dc 0xBD7FEE4E
0x00000631: 0xBE211580	            	 dc 0xBE211580
0x00000632: 0xBDF79C2D	            	 dc 0xBDF79C2D
0x00000633: 0xBD9B40CE	            	 dc 0xBD9B40CE
0x00000634: 0xBE34A641	            	 dc 0xBE34A641
0x00000635: 0xBD3F6AF5	            	 dc 0xBD3F6AF5
0x00000636: 0xBD8AA55E	            	 dc 0xBD8AA55E
0x00000637: 0xBD8F93C0	            	 dc 0xBD8F93C0
0x00000638: 0xBE088B4D	            	 dc 0xBE088B4D
0x00000639: 0xBE8B4ACE	            	 dc 0xBE8B4ACE
0x0000063A: 0xBD57A131	            	 dc 0xBD57A131
0x0000063B: 0xBE0813A4	            	 dc 0xBE0813A4
0x0000063C: 0xBE3BFB5F	            	 dc 0xBE3BFB5F
0x0000063D: 0xBC4EA89D	            	 dc 0xBC4EA89D
0x0000063E: 0xBE22AB87	            	 dc 0xBE22AB87
0x0000063F: 0xBCA55F95	            	 dc 0xBCA55F95
					            	 * --- Neuron 27 Weights ---
0x00000640: 0xBDB30D6C	            	 dc 0xBDB30D6C
0x00000641: 0xBF0E5160	            	 dc 0xBF0E5160
0x00000642: 0xBE7483F7	            	 dc 0xBE7483F7
0x00000643: 0xBE33AB8B	            	 dc 0xBE33AB8B
0x00000644: 0xB9D755DC	            	 dc 0xB9D755DC
0x00000645: 0xBC759481	            	 dc 0xBC759481
0x00000646: 0xBC353855	            	 dc 0xBC353855
0x00000647: 0xBEB70EE9	            	 dc 0xBEB70EE9
0x00000648: 0xBE440933	            	 dc 0xBE440933
0x00000649: 0xBE8349F8	            	 dc 0xBE8349F8
0x0000064A: 0xBBA3CFF5	            	 dc 0xBBA3CFF5
0x0000064B: 0xBF274D2C	            	 dc 0xBF274D2C
0x0000064C: 0xBEAB1AEA	            	 dc 0xBEAB1AEA
0x0000064D: 0xBD37FDEF	            	 dc 0xBD37FDEF
0x0000064E: 0xBD104381	            	 dc 0xBD104381
0x0000064F: 0xBD0DC83A	            	 dc 0xBD0DC83A
0x00000650: 0xBD8318C4	            	 dc 0xBD8318C4
0x00000651: 0xBE215100	            	 dc 0xBE215100
0x00000652: 0xBDFA3BBF	            	 dc 0xBDFA3BBF
0x00000653: 0xBD9C6AF6	            	 dc 0xBD9C6AF6
0x00000654: 0xBE32A223	            	 dc 0xBE32A223
0x00000655: 0xBD4BBB6D	            	 dc 0xBD4BBB6D
0x00000656: 0xBD8C9108	            	 dc 0xBD8C9108
0x00000657: 0xBD8F489C	            	 dc 0xBD8F489C
0x00000658: 0xBE085807	            	 dc 0xBE085807
0x00000659: 0xBE8C03F6	            	 dc 0xBE8C03F6
0x0000065A: 0xBD5D4062	            	 dc 0xBD5D4062
0x0000065B: 0xBE07C771	            	 dc 0xBE07C771
0x0000065C: 0xBE3F06AB	            	 dc 0xBE3F06AB
0x0000065D: 0xBC6C09EC	            	 dc 0xBC6C09EC
0x0000065E: 0xBE20DA83	            	 dc 0xBE20DA83
0x0000065F: 0xBCA86A00	            	 dc 0xBCA86A00
					            	 * --- Neuron 28 Weights ---
0x00000660: 0x3DBF475B	            	 dc 0x3DBF475B
0x00000661: 0x3F0569EA	            	 dc 0x3F0569EA
0x00000662: 0x3E7F17EB	            	 dc 0x3E7F17EB
0x00000663: 0x3E304BAE	            	 dc 0x3E304BAE
0x00000664: 0x3BD8827C	            	 dc 0x3BD8827C
0x00000665: 0x3CBA809E	            	 dc 0x3CBA809E
0x00000666: 0x3C452E70	            	 dc 0x3C452E70
0x00000667: 0x3EB4E6A3	            	 dc 0x3EB4E6A3
0x00000668: 0x3E4C6519	            	 dc 0x3E4C6519
0x00000669: 0x3E83785B	            	 dc 0x3E83785B
0x0000066A: 0x3C23EE31	            	 dc 0x3C23EE31
0x0000066B: 0x3F16C4FE	            	 dc 0x3F16C4FE
0x0000066C: 0x3EA6651F	            	 dc 0x3EA6651F
0x0000066D: 0x3D4AC87A	            	 dc 0x3D4AC87A
0x0000066E: 0x3D69651E	            	 dc 0x3D69651E
0x0000066F: 0x3D2A38FD	            	 dc 0x3D2A38FD
0x00000670: 0x3D8A1D6B	            	 dc 0x3D8A1D6B
0x00000671: 0x3E2DEB9A	            	 dc 0x3E2DEB9A
0x00000672: 0x3DF95BE7	            	 dc 0x3DF95BE7
0x00000673: 0x3DB2D357	            	 dc 0x3DB2D357
0x00000674: 0x3E3A5658	            	 dc 0x3E3A5658
0x00000675: 0x3D69D1D9	            	 dc 0x3D69D1D9
0x00000676: 0x3D97CE2C	            	 dc 0x3D97CE2C
0x00000677: 0x3D99D834	            	 dc 0x3D99D834
0x00000678: 0x3E14DB92	            	 dc 0x3E14DB92
0x00000679: 0x3E8A56D0	            	 dc 0x3E8A56D0
0x0000067A: 0x3D4C09C0	            	 dc 0x3D4C09C0
0x0000067B: 0x3E1403A9	            	 dc 0x3E1403A9
0x0000067C: 0x3E4BE0F8	            	 dc 0x3E4BE0F8
0x0000067D: 0x3CC7395B	            	 dc 0x3CC7395B
0x0000067E: 0x3E1E3E47	            	 dc 0x3E1E3E47
0x0000067F: 0x3CC225B3	            	 dc 0x3CC225B3
					            	 * --- Neuron 29 Weights ---
0x00000680: 0xBDB2D854	            	 dc 0xBDB2D854
0x00000681: 0xBF101228	            	 dc 0xBF101228
0x00000682: 0xBE745961	            	 dc 0xBE745961
0x00000683: 0xBE3339A0	            	 dc 0xBE3339A0
0x00000684: 0xB9963062	            	 dc 0xB9963062
0x00000685: 0xBC64C8B6	            	 dc 0xBC64C8B6
0x00000686: 0xBBF7A46C	            	 dc 0xBBF7A46C
0x00000687: 0xBEB6EED9	            	 dc 0xBEB6EED9
0x00000688: 0xBE435712	            	 dc 0xBE435712
0x00000689: 0xBE82AA98	            	 dc 0xBE82AA98
0x0000068A: 0xBB3DB3C0	            	 dc 0xBB3DB3C0
0x0000068B: 0xBF29BB99	            	 dc 0xBF29BB99
0x0000068C: 0xBEAAE799	            	 dc 0xBEAAE799
0x0000068D: 0xBD323B9C	            	 dc 0xBD323B9C
0x0000068E: 0xBD06077C	            	 dc 0xBD06077C
0x0000068F: 0xBD0CFF56	            	 dc 0xBD0CFF56
0x00000690: 0xBD806902	            	 dc 0xBD806902
0x00000691: 0xBE2085C2	            	 dc 0xBE2085C2
0x00000692: 0xBDF80F65	            	 dc 0xBDF80F65
0x00000693: 0xBD986803	            	 dc 0xBD986803
0x00000694: 0xBE332F98	            	 dc 0xBE332F98
0x00000695: 0xBD449D43	            	 dc 0xBD449D43
0x00000696: 0xBD8D1D27	            	 dc 0xBD8D1D27
0x00000697: 0xBD8C797B	            	 dc 0xBD8C797B
0x00000698: 0xBE07EFA1	            	 dc 0xBE07EFA1
0x00000699: 0xBE8B8941	            	 dc 0xBE8B8941
0x0000069A: 0xBD609602	            	 dc 0xBD609602
0x0000069B: 0xBE074CE6	            	 dc 0xBE074CE6
0x0000069C: 0xBE3C75F5	            	 dc 0xBE3C75F5
0x0000069D: 0xBC69593C	            	 dc 0xBC69593C
0x0000069E: 0xBE24026C	            	 dc 0xBE24026C
0x0000069F: 0xBC9E2EFA	            	 dc 0xBC9E2EFA
					            	 * --- Neuron 30 Weights ---
0x000006A0: 0xBDB27270	            	 dc 0xBDB27270
0x000006A1: 0xBF10215A	            	 dc 0xBF10215A
0x000006A2: 0xBE716BE5	            	 dc 0xBE716BE5
0x000006A3: 0xBE3321E0	            	 dc 0xBE3321E0
0x000006A4: 0x3A895B0C	            	 dc 0x3A895B0C
0x000006A5: 0xBC5FD216	            	 dc 0xBC5FD216
0x000006A6: 0xBC119801	            	 dc 0xBC119801
0x000006A7: 0xBEB6CCF3	            	 dc 0xBEB6CCF3
0x000006A8: 0xBE411822	            	 dc 0xBE411822
0x000006A9: 0xBE82CEB0	            	 dc 0xBE82CEB0
0x000006AA: 0xBB2937D5	            	 dc 0xBB2937D5
0x000006AB: 0xBF2B7746	            	 dc 0xBF2B7746
0x000006AC: 0xBEAB75F5	            	 dc 0xBEAB75F5
0x000006AD: 0xBD389A97	            	 dc 0xBD389A97
0x000006AE: 0xBD0BC998	            	 dc 0xBD0BC998
0x000006AF: 0xBD13C5D8	            	 dc 0xBD13C5D8
0x000006B0: 0xBD80CD3F	            	 dc 0xBD80CD3F
0x000006B1: 0xBE1E9752	            	 dc 0xBE1E9752
0x000006B2: 0xBDF8499C	            	 dc 0xBDF8499C
0x000006B3: 0xBD9937B8	            	 dc 0xBD9937B8
0x000006B4: 0xBE33C184	            	 dc 0xBE33C184
0x000006B5: 0xBD3F3BAE	            	 dc 0xBD3F3BAE
0x000006B6: 0xBD86B4B6	            	 dc 0xBD86B4B6
0x000006B7: 0xBD914C7E	            	 dc 0xBD914C7E
0x000006B8: 0xBE0765A9	            	 dc 0xBE0765A9
0x000006B9: 0xBE8B878B	            	 dc 0xBE8B878B
0x000006BA: 0xBD66246C	            	 dc 0xBD66246C
0x000006BB: 0xBE085CA3	            	 dc 0xBE085CA3
0x000006BC: 0xBE3A6FFD	            	 dc 0xBE3A6FFD
0x000006BD: 0xBC245E33	            	 dc 0xBC245E33
0x000006BE: 0xBE23C272	            	 dc 0xBE23C272
0x000006BF: 0xBCA3754C	            	 dc 0xBCA3754C
					            	 * --- Neuron 31 Weights ---
0x000006C0: 0xBDB378BE	            	 dc 0xBDB378BE
0x000006C1: 0xBF0E2F05	            	 dc 0xBF0E2F05
0x000006C2: 0xBE75C0AC	            	 dc 0xBE75C0AC
0x000006C3: 0xBE34804F	            	 dc 0xBE34804F
0x000006C4: 0xBAA9050C	            	 dc 0xBAA9050C
0x000006C5: 0xBC79BFBC	            	 dc 0xBC79BFBC
0x000006C6: 0xBC1FA2A8	            	 dc 0xBC1FA2A8
0x000006C7: 0xBEB6DEA0	            	 dc 0xBEB6DEA0
0x000006C8: 0xBE45761E	            	 dc 0xBE45761E
0x000006C9: 0xBE843C23	            	 dc 0xBE843C23
0x000006CA: 0xBBDEC08F	            	 dc 0xBBDEC08F
0x000006CB: 0xBF2709EC	            	 dc 0xBF2709EC
0x000006CC: 0xBEAAD050	            	 dc 0xBEAAD050
0x000006CD: 0xBD376049	            	 dc 0xBD376049
0x000006CE: 0xBD1320B2	            	 dc 0xBD1320B2
0x000006CF: 0xBD0EC43C	            	 dc 0xBD0EC43C
0x000006D0: 0xBD82A5E1	            	 dc 0xBD82A5E1
0x000006D1: 0xBE22E368	            	 dc 0xBE22E368
0x000006D2: 0xBDF958D5	            	 dc 0xBDF958D5
0x000006D3: 0xBD999EBD	            	 dc 0xBD999EBD
0x000006D4: 0xBE34A276	            	 dc 0xBE34A276
0x000006D5: 0xBD44842F	            	 dc 0xBD44842F
0x000006D6: 0xBD8B78CB	            	 dc 0xBD8B78CB
0x000006D7: 0xBD91D2B6	            	 dc 0xBD91D2B6
0x000006D8: 0xBE08BF8A	            	 dc 0xBE08BF8A
0x000006D9: 0xBE8B603B	            	 dc 0xBE8B603B
0x000006DA: 0xBD5CE6E0	            	 dc 0xBD5CE6E0
0x000006DB: 0xBE07509F	            	 dc 0xBE07509F
0x000006DC: 0xBE3C5024	            	 dc 0xBE3C5024
0x000006DD: 0xBC88D1A2	            	 dc 0xBC88D1A2
0x000006DE: 0xBE22788B	            	 dc 0xBE22788B
0x000006DF: 0xBCA73F45	            	 dc 0xBCA73F45
					            	 * --- Neuron 32 Weights ---
0x000006E0: 0xBDACCDAE	            	 dc 0xBDACCDAE
0x000006E1: 0xBF19522F	            	 dc 0xBF19522F
0x000006E2: 0xBE6CDE24	            	 dc 0xBE6CDE24
0x000006E3: 0xBE30CD1D	            	 dc 0xBE30CD1D
0x000006E4: 0x3B85A3DC	            	 dc 0x3B85A3DC
0x000006E5: 0xBC3393F0	            	 dc 0xBC3393F0
0x000006E6: 0xBB7C4A55	            	 dc 0xBB7C4A55
0x000006E7: 0xBEBB9AC4	            	 dc 0xBEBB9AC4
0x000006E8: 0xBE3AFE0F	            	 dc 0xBE3AFE0F
0x000006E9: 0xBE82A31B	            	 dc 0xBE82A31B
0x000006EA: 0x3B26AF9F	            	 dc 0x3B26AF9F
0x000006EB: 0xBF32B0D0	            	 dc 0xBF32B0D0
0x000006EC: 0xBEAC37A4	            	 dc 0xBEAC37A4
0x000006ED: 0xBD1E4AFB	            	 dc 0xBD1E4AFB
0x000006EE: 0xBCBB4E24	            	 dc 0xBCBB4E24
0x000006EF: 0xBCF25B89	            	 dc 0xBCF25B89
0x000006F0: 0xBD6B7CE8	            	 dc 0xBD6B7CE8
0x000006F1: 0xBE1DB9F9	            	 dc 0xBE1DB9F9
0x000006F2: 0xBDECE612	            	 dc 0xBDECE612
0x000006F3: 0xBD904CB6	            	 dc 0xBD904CB6
0x000006F4: 0xBE355C2C	            	 dc 0xBE355C2C
0x000006F5: 0xBD309203	            	 dc 0xBD309203
0x000006F6: 0xBD8A679A	            	 dc 0xBD8A679A
0x000006F7: 0xBD819633	            	 dc 0xBD819633
0x000006F8: 0xBE028687	            	 dc 0xBE028687
0x000006F9: 0xBE8B191D	            	 dc 0xBE8B191D
0x000006FA: 0xBD50BC81	            	 dc 0xBD50BC81
0x000006FB: 0xBE04A623	            	 dc 0xBE04A623
0x000006FC: 0xBE3BEAE1	            	 dc 0xBE3BEAE1
0x000006FD: 0xBB8F0DB7	            	 dc 0xBB8F0DB7
0x000006FE: 0xBE22CFF3	            	 dc 0xBE22CFF3
0x000006FF: 0xBC4E803D	            	 dc 0xBC4E803D
					            	 
0x00000850: 0xC09DEAB5	            	 dc 0xC09DEAB5
0x00000851: 0xC06C65F4	            	 dc 0xC06C65F4
0x00000852: 0xC0AC187F	            	 dc 0xC0AC187F
0x00000853: 0xC0A8FB5C	            	 dc 0xC0A8FB5C
0x00000854: 0xC0A184C1	            	 dc 0xC0A184C1
0x00000855: 0xC079B3CA	            	 dc 0xC079B3CA
0x00000856: 0xC0AB2827	            	 dc 0xC0AB2827
0x00000857: 0xC090EE88	            	 dc 0xC090EE88
0x00000858: 0xC07FF9BA	            	 dc 0xC07FF9BA
0x00000859: 0xC080E13F	            	 dc 0xC080E13F
0x0000085A: 0xC0A925EB	            	 dc 0xC0A925EB
0x0000085B: 0xC09F7533	            	 dc 0xC09F7533
0x0000085C: 0xC0AE2720	            	 dc 0xC0AE2720
0x0000085D: 0xC07D0331	            	 dc 0xC07D0331
0x0000085E: 0xC08E3CD2	            	 dc 0xC08E3CD2
0x0000085F: 0xC07A4D0F	            	 dc 0xC07A4D0F
0x00000860: 0xC0794791	            	 dc 0xC0794791
0x00000861: 0xC0A70A88	            	 dc 0xC0A70A88
0x00000862: 0xC09F1C9B	            	 dc 0xC09F1C9B
0x00000863: 0xC0B764EC	            	 dc 0xC0B764EC
0x00000864: 0xC07775C6	            	 dc 0xC07775C6
0x00000865: 0xC067DC96	            	 dc 0xC067DC96
0x00000866: 0xC0A16C47	            	 dc 0xC0A16C47
0x00000867: 0xC0A47B6C	            	 dc 0xC0A47B6C
0x00000868: 0xC0A91CF3	            	 dc 0xC0A91CF3
0x00000869: 0xC0698D5B	            	 dc 0xC0698D5B
0x0000086A: 0xC0AD159C	            	 dc 0xC0AD159C
0x0000086B: 0x405AAD4C	            	 dc 0x405AAD4C
0x0000086C: 0xC0722445	            	 dc 0xC0722445
0x0000086D: 0xC09632FC	            	 dc 0xC09632FC
0x0000086E: 0xC095366C	            	 dc 0xC095366C
0x0000086F: 0xC0A8292C	            	 dc 0xC0A8292C
					            	 
0x00000800: 0x00000000	            	 dc 0x0
0x00000801: 0x00000000	            	 dc 0x0
0x00000802: 0x00000000	            	 dc 0x0
0x00000803: 0x00000000	            	 dc 0x0
0x00000804: 0x00000000	            	 dc 0x0
0x00000805: 0x00000000	            	 dc 0x0
0x00000806: 0x00000000	            	 dc 0x0
0x00000807: 0x00000000	            	 dc 0x0
0x00000808: 0x00000000	            	 dc 0x0
0x00000809: 0x00000000	            	 dc 0x0
0x0000080A: 0x00000000	            	 dc 0x0
0x0000080B: 0x00000000	            	 dc 0x0
0x0000080C: 0x00000000	            	 dc 0x0
0x0000080D: 0x00000000	            	 dc 0x0
0x0000080E: 0x00000000	            	 dc 0x0
0x0000080F: 0x00000000	            	 dc 0x0
0x00000810: 0x00000000	            	 dc 0x0
0x00000811: 0x00000000	            	 dc 0x0
0x00000812: 0x00000000	            	 dc 0x0
0x00000813: 0x00000000	            	 dc 0x0
0x00000814: 0x00000000	            	 dc 0x0
0x00000815: 0x00000000	            	 dc 0x0
0x00000816: 0x00000000	            	 dc 0x0
0x00000817: 0x00000000	            	 dc 0x0
0x00000818: 0x00000000	            	 dc 0x0
0x00000819: 0x00000000	            	 dc 0x0
0x0000081A: 0x00000000	            	 dc 0x0
0x0000081B: 0x00000000	            	 dc 0x0
0x0000081C: 0x00000000	            	 dc 0x0
0x0000081D: 0x00000000	            	 dc 0x0
0x0000081E: 0x00000000	            	 dc 0x0
0x0000081F: 0x00000000	            	 dc 0x0
0x00000820: 0x00000000	            	 dc 0x0
0x00000821: 0x00000000	            	 dc 0x0
0x00000822: 0x00000000	            	 dc 0x0
0x00000823: 0x00000000	            	 dc 0x0
0x00000824: 0x00000000	            	 dc 0x0
0x00000825: 0x00000000	            	 dc 0x0
0x00000826: 0x00000000	            	 dc 0x0
0x00000827: 0x00000000	            	 dc 0x0
0x00000828: 0x00000000	            	 dc 0x0
0x00000829: 0x00000000	            	 dc 0x0
0x0000082A: 0x00000000	            	 dc 0x0
0x0000082B: 0x00000000	            	 dc 0x0
0x0000082C: 0x00000000	            	 dc 0x0
0x0000082D: 0x00000000	            	 dc 0x0
0x0000082E: 0x00000000	            	 dc 0x0
0x0000082F: 0x00000000	            	 dc 0x0
0x00000830: 0x00000000	            	 dc 0x0
0x00000831: 0x00000000	            	 dc 0x0
					            	 
0x00000900: 0x00000000	out_val:    	 dc 0x0
					            	 

Label Report:
main: 3 D: 
h_lp: 9 D: 32
in_lp: 13 D: 23
h_pos: 29 D: 26
f_lp: 38 D: 48
s_fin: 55 D: 52
fpmul: 58 D: 3
l_mul: 77 D: 85
s_prod: 81 D: 78
m_norm: 87 D: 82
pack_r: 94 D: 89
fpadd: 100 D: 4
m_sign: 105 D: 24, 49, 59
m_exp: 106 D: 61
m_mant: 107 D: 67, 94
impl_1: 108 D: 70, 91
bias_s: 109 D: 65
m_b24: 110 D: 87
out_val: 1291 D: 55
*XML file date: Wed 20/6/2012 6:49:12
