					            	 
0x00000000: 0x2C1C0031	main:       	 addi R28 R0 fpmul
0x00000001: 0x2C1D0056	            	     addi R29 R0 fpadd
0x00000002: 0x2C150300	            	     addi R21 R0 0x300
0x00000003: 0x2C190800	            	     addi R25 R0 0x800
0x00000004: 0x2C160020	            	     addi R22 R0 32
					            	 
0x00000005: 0x2C170000	h_lp:       	 addi R23 R0 0
0x00000006: 0x2C140200	            	     addi R20 R0 0x200
0x00000007: 0x2C180020	            	     addi R24 R0 32
					            	 
0x00000008: 0x8E810000	in_lp:      	 lw R1 R20 0
0x00000009: 0x8EA20000	            	     lw R2 R21 0
0x0000000A: 0x5F9F3A6C	            	     jalr R28
0x0000000B: 0x02E00823	            	     add R1 R23 R0
0x0000000C: 0x00601023	            	     add R2 R3 R0
0x0000000D: 0x5FBF0000	            	     jalr R29
0x0000000E: 0x0060B823	            	     add R23 R3 R0
0x0000000F: 0x2E940004	            	     addi R20 R20 4
0x00000010: 0x2EB50004	            	     addi R21 R21 4
0x00000011: 0x2F18FFFF	            	     addi R24 R24 -1
0x00000012: 0x171FFFF5	            	     bnez R24 in_lp
0x00000013: 0x8C040100	            	     lw R4 R0 m_sign
0x00000014: 0x02E42826	            	     and R5 R23 R4
0x00000015: 0x10BF0001	            	     beqz R5 h_pos
0x00000016: 0x2C170000	            	     addi R23 R0 0
					            	 
0x00000017: 0xAF370000	h_pos:      	 sw R23 R25 0
0x00000018: 0x2F390004	            	     addi R25 R25 4
0x00000019: 0x2ED6FFFF	            	     addi R22 R22 -1
0x0000001A: 0x16DFFFEA	            	     bnez R22 h_lp
0x0000001B: 0x2C170000	            	     addi R23 R0 0
0x0000001C: 0x2C190800	            	     addi R25 R0 0x800
0x0000001D: 0x2C1A0880	            	     addi R26 R0 0x880
0x0000001E: 0x2C180020	            	     addi R24 R0 32
					            	 
0x0000001F: 0x8F210000	f_lp:       	 lw R1 R25 0
0x00000020: 0x8F420000	            	     lw R2 R26 0
0x00000021: 0x5F9F0000	            	     jalr R28
0x00000022: 0x02E00823	            	     add R1 R23 R0
0x00000023: 0x00601023	            	     add R2 R3 R0
0x00000024: 0x5FBF0000	            	     jalr R29
0x00000025: 0x0060B823	            	     add R23 R3 R0
0x00000026: 0x2F390004	            	     addi R25 R25 4
0x00000027: 0x2F5A0004	            	     addi R26 R26 4
0x00000028: 0x2F18FFFF	            	     addi R24 R24 -1
0x00000029: 0x171FFFF5	            	     bnez R24 f_lp
0x0000002A: 0x8C040100	            	     lw R4 R0 m_sign
0x0000002B: 0x02E42826	            	     and R5 R23 R4
0x0000002C: 0x2C1B0001	            	     addi R27 R0 1
0x0000002D: 0x10BF0001	            	     beqz R5 s_fin
0x0000002E: 0x2C1B0000	            	     addi R27 R0 0
					            	 
0x0000002F: 0xAC1B0950	s_fin:      	 sw R27 R0 out_val
0x00000030: 0xFFFF0000	            	     halt
					            	 
0x00000031: 0x00223024	fpmul:      	 xor R6 R1 R2
0x00000032: 0x8C040100	            	     lw R4 R0 m_sign
0x00000033: 0x00C43026	            	     and R6 R6 R4
0x00000034: 0x8C040101	            	     lw R4 R0 m_exp
0x00000035: 0x00243826	            	     and R7 R1 R4
0x00000036: 0x00444026	            	     and R8 R2 R4
0x00000037: 0x00E84823	            	     add R9 R7 R8
0x00000038: 0x8C050104	            	     lw R5 R0 bias_s
0x00000039: 0x01254822	            	     sub R9 R9 R5
0x0000003A: 0x8C040102	            	     lw R4 R0 m_mant
0x0000003B: 0x00245826	            	     and R11 R1 R4
0x0000003C: 0x00446026	            	     and R12 R2 R4
0x0000003D: 0x8C050103	            	     lw R5 R0 impl_1
0x0000003E: 0x01655825	            	     or R11 R11 R5
0x0000003F: 0x01856025	            	     or R12 R12 R5
0x00000040: 0x2C0D0000	            	     addi R13 R0 0
0x00000041: 0x2C0E0018	            	     addi R14 R0 24
0x00000042: 0x2C0A0001	            	     addi R10 R0 1
					            	 
0x00000043: 0x018A7826	l_mul:      	 and R15 R12 R10
0x00000044: 0x11FF0001	            	     beqz R15 s_prod
0x00000045: 0x01AB6823	            	     add R13 R13 R11
					            	 
0x00000046: 0x2DCEFFFF	s_prod:     	 addi R14 R14 -1
0x00000047: 0x11DF0003	            	     beqz R14 m_norm
0x00000048: 0x01BF6802	            	     srli R13 R13
0x00000049: 0x019F6002	            	     srli R12 R12
0x0000004A: 0x15DFFFF8	            	     bnez R14 l_mul
					            	 
0x0000004B: 0x8C040105	m_norm:     	 lw R4 R0 m_b24
0x0000004C: 0x01A47826	            	     and R15 R13 R4
0x0000004D: 0x11FF0003	            	     beqz R15 pack_r
0x0000004E: 0x01BF6802	            	     srli R13 R13
0x0000004F: 0x8C040103	            	     lw R4 R0 impl_1
0x00000050: 0x01244823	            	     add R9 R9 R4
					            	 
0x00000051: 0x8C040102	pack_r:     	 lw R4 R0 m_mant
0x00000052: 0x01A46826	            	     and R13 R13 R4
0x00000053: 0x01A91825	            	     or R3 R13 R9
0x00000054: 0x00661825	            	     or R3 R3 R6
0x00000055: 0x5BFF0000	            	     jr R31
					            	 
0x00000056: 0x00401823	fpadd:      	 add R3 R2 R0
0x00000057: 0x5BFF0000	            	     jr R31
					            	 
					            	 
0x00000100: 0x80000000	m_sign:     	 dc 0x80000000
0x00000101: 0x7F800000	m_exp:      	  dc 0x7F800000
0x00000102: 0x007FFFFF	m_mant:     	 dc 0x007FFFFF
0x00000103: 0x00800000	impl_1:     	 dc 0x00800000
0x00000104: 0x3F800000	bias_s:     	 dc 0x3F800000
0x00000105: 0x01000000	m_b24:      	  dc 0x01000000
					            	 
0x00000200: 0x3EC92F38	            	 dc 0x3EC92F38
0x00000201: 0xBEDAFE4A	            	 dc 0xBEDAFE4A
0x00000202: 0xBF0BDA21	            	 dc 0xBF0BDA21
0x00000203: 0x3DD22F6F	            	 dc 0x3DD22F6F
0x00000204: 0x3EE0BC7A	            	 dc 0x3EE0BC7A
0x00000205: 0xBECE1EBB	            	 dc 0xBECE1EBB
0x00000206: 0xBF7CD2E1	            	 dc 0xBF7CD2E1
0x00000207: 0x3F301463	            	 dc 0x3F301463
0x00000208: 0xBF009A8F	            	 dc 0xBF009A8F
0x00000209: 0x3EC3DBDF	            	 dc 0x3EC3DBDF
0x0000020A: 0x3EE3C0DF	            	 dc 0x3EE3C0DF
0x0000020B: 0x3F3A4BC8	            	 dc 0x3F3A4BC8
0x0000020C: 0xBF53F57D	            	 dc 0xBF53F57D
0x0000020D: 0xBF1AA6B7	            	 dc 0xBF1AA6B7
0x0000020E: 0xBE05BCEE	            	 dc 0xbe05bcee
0x0000020F: 0x3F3CA3E0	            	 dc 0x3F3CA3E0
0x00000210: 0xBE285BD3	            	 dc 0xBE285BD3
0x00000211: 0x3ECE1A42	            	 dc 0x3ECE1A42
0x00000212: 0xBF416B99	            	 dc 0xBF416B99
0x00000213: 0x3ED5EFBB	            	 dc 0x3ED5EFBB
0x00000214: 0xBD928802	            	 dc 0xBD928802
0x00000215: 0xBF4F0CD2	            	 dc 0xBF4F0CD2
0x00000216: 0x3F3A4B8F	            	 dc 0x3F3A4B8F
0x00000217: 0xBECE39A5	            	 dc 0xBECE39A5
0x00000218: 0xBE08EAD3	            	 dc 0xBE08EAD3
0x00000219: 0xBF49FAEC	            	 dc 0xBF49FAEC
0x0000021A: 0xBD965D10	            	 dc 0xBD965D10
0x0000021B: 0x3F4CD6C9	            	 dc 0x3F4CD6C9
0x0000021C: 0x3EAEFE16	            	 dc 0x3EAEFE16
0x0000021D: 0x3EEAAFCE	            	 dc 0x3EEAAFCE
0x0000021E: 0x3EE5BC48	            	 dc 0x3EE5BC48
0x0000021F: 0xBF1EBC4A	            	 dc 0xBF1EBC4A
					            	 
					            	 * --- Neuron 1 Weights ---
0x00000300: 0x3F02A6D8	            	 dc 0x3F02A6D8
0x00000301: 0x3FAE57E5	            	 dc 0x3FAE57E5
0x00000302: 0x3EB3D827	            	 dc 0x3EB3D827
0x00000303: 0x3F58EF6A	            	 dc 0x3F58EF6A
0x00000304: 0xBD313F19	            	 dc 0xBD313F19
0x00000305: 0xBCFDCFF7	            	 dc 0xBCFDCFF7
0x00000306: 0x3DC2E693	            	 dc 0x3DC2E693
0x00000307: 0x3F429CE6	            	 dc 0x3F429CE6
0x00000308: 0x3EB6A238	            	 dc 0x3EB6A238
0x00000309: 0x3E04E374	            	 dc 0x3E04E374
0x0000030A: 0x3E9970A3	            	 dc 0x3E9970A3
0x0000030B: 0x3FD0E363	            	 dc 0x3FD0E363
0x0000030C: 0x3F1B5F2A	            	 dc 0x3F1B5F2A
0x0000030D: 0xBE285BD0	            	 dc 0xBE285BD0
0x0000030E: 0x3E6CDFE7	            	 dc 0x3E6CDFE7
0x0000030F: 0xBE8EE043	            	 dc 0xBE8EE043
0x00000310: 0xBE88AC03	            	 dc 0xBE88AC03
0x00000311: 0xBEB7A2BE	            	 dc 0xBEB7A2BE
0x00000312: 0xBE40A5D8	            	 dc 0xBE40A5D8
0x00000313: 0x3E4EAFFA	            	 dc 0x3E4EAFFA
0x00000314: 0x3EE09D94	            	 dc 0x3EE09D94
0x00000315: 0x3EEF9790	            	 dc 0x3EEF9790
0x00000316: 0x3EAA4E65	            	 dc 0x3EAA4E65
0x00000317: 0xBD7AE7E5	            	 dc 0xBD7AE7E5
0x00000318: 0x3EB16BBF	            	 dc 0x3EB16BBF
0x00000319: 0xBEA5EF12	            	 dc 0xBEA5EF12
0x0000031A: 0x3EA6229F	            	 dc 0x3EA6229F
0x0000031B: 0x3EE04DCB	            	 dc 0x3EE04DCB
0x0000031C: 0xBEAA647D	            	 dc 0xBEAA647D
0x0000031D: 0xBDD54AC3	            	 dc 0xBDD54AC3
0x0000031E: 0x3F05256D	            	 dc 0x3F05256D
0x0000031F: 0x3EE6C6FB	            	 dc 0x3EE6C6FB
					            	 * --- Neuron 2 Weights ---
0x00000320: 0xBE08C9EC	            	 dc 0xBE08C9EC
0x00000321: 0xBE3C715A	            	 dc 0xBE3C715A
0x00000322: 0x3DFDE44E	            	 dc 0x3DFDE44E
0x00000323: 0xBE1DC40A	            	 dc 0xBE1DC40A
0x00000324: 0x3F5B0CD8	            	 dc 0x3F5B0CD8
0x00000325: 0x3F57B6CD	            	 dc 0x3F57B6CD
0x00000326: 0xBE1AF1D9	            	 dc 0xBE1AF1D9
0x00000327: 0xBDFF057B	            	 dc 0xBDFF057B
0x00000328: 0xBE1424E6	            	 dc 0xBE1424E6
0x00000329: 0xBE747CE1	            	 dc 0xBE747CE1
0x0000032A: 0xBE37078C	            	 dc 0xBE37078C
0x0000032B: 0xBDFF586E	            	 dc 0xBDFF586E
0x0000032C: 0xBE27CB36	            	 dc 0xBE27CB36
0x0000032D: 0x3F4AD26C	            	 dc 0x3F4AD26C
0x0000032E: 0xBDFA0B33	            	 dc 0xBDFA0B33
0x0000032F: 0x3F34F5DF	            	 dc 0x3F34F5DF
0x00000330: 0x3F3A0CD4	            	 dc 0x3F3A0CD4
0x00000331: 0x3F0BB6C9	            	 dc 0x3F0BB6C9
0x00000332: 0x3F5DAFC9	            	 dc 0x3F5DAFC9
0x00000333: 0xBDC462D6	            	 dc 0xBDC462D6
0x00000334: 0xBE3C3F8A	            	 dc 0xBE3C3F8A
0x00000335: 0xBE1DF07C	            	 dc 0xBE1DF07C
0x00000336: 0xBE3981DA	            	 dc 0xBE3981DA
0x00000337: 0x3F2AA863	            	 dc 0x3F2AA863
0x00000338: 0xBE4EFE6B	            	 dc 0xBE4EFE6B
0x00000339: 0x3F2BA1D1	            	 dc 0x3F2BA1D1
0x0000033A: 0xBE4B64EC	            	 dc 0xBE4B64EC
0x0000033B: 0xBE1E0D1B	            	 dc 0xBE1E0D1B
0x0000033C: 0x3F3F72B5	            	 dc 0x3F3F72B5
0x0000033D: 0x3F4D2BA2	            	 dc 0x3F4D2BA2
0x0000033E: 0xBDFA2E3E	            	 dc 0xBDFA2E3E
0x0000033F: 0xBE1A5F58	            	 dc 0xBE1A5F58
					            	 * --- Neuron 3 Weights ---
0x00000340: 0x3F062E52	            	 dc 0x3F062E52
0x00000341: 0x3F9A10CE	            	 dc 0x3F9A10CE
0x00000342: 0x3EA3B331	            	 dc 0x3EA3B331
0x00000343: 0x3F5BE1D6	            	 dc 0x3F5BE1D6
0x00000344: 0xBD184CB2	            	 dc 0xBD184CB2
0x00000345: 0xBCACDA44	            	 dc 0xBCACDA44
0x00000346: 0x3E1C5AE0	            	 dc 0x3E1C5AE0
0x00000347: 0x3F4E5BD4	            	 dc 0x3F4E5BD4
0x00000348: 0x3EA9B26D	            	 dc 0x3EA9B26D
0x00000349: 0x3E170DC4	            	 dc 0x3E170DC4
0x0000034A: 0x3EA116EE	            	 dc 0x3EA116EE
0x0000034B: 0x3FCE136F	            	 dc 0x3FCE136F
0x0000034C: 0x3F285F5D	            	 dc 0x3F285F5D
0x0000034D: 0xBE1EBDA0	            	 dc 0xBE1EBDA0
0x0000034E: 0x3E4E08B3	            	 dc 0x3E4E08B3
0x0000034F: 0xBE8BBED0	            	 dc 0xBE8BBED0
0x00000350: 0xBE8D7E30	            	 dc 0xBE8D7E30
0x00000351: 0xBEA5239E	            	 dc 0xBEA5239E
0x00000352: 0xBE47EA30	            	 dc 0xBE47EA30
0x00000353: 0x3E3887AC	            	 dc 0x3E3887AC
0x00000354: 0x3EE0AD2A	            	 dc 0x3EE0AD2A
0x00000355: 0x3EEAADCE	            	 dc 0x3EEAADCE
0x00000356: 0x3EA577F4	            	 dc 0x3EA577F4
0x00000357: 0xBD928801	            	 dc 0xBD928801
0x00000358: 0x3EB1BD5E	            	 dc 0x3EB1BD5E
0x00000359: 0xBEAF24E9	            	 dc 0xBEAF24E9
0x0000035A: 0x3EA57BE4	            	 dc 0x3EA57BE4
0x0000035B: 0x3EDB3372	            	 dc 0x3EDB3372
0x0000035C: 0xBEAB9EDE	            	 dc 0xBEAB9EDE
0x0000035D: 0xBDCE1802	            	 dc 0xBDCE1802
0x0000035E: 0x3F08639F	            	 dc 0x3F08639F
0x0000035F: 0x3EEC5F3C	            	 dc 0x3EEC5F3C
					            	 * --- Neuron 4 Weights ---
0x00000360: 0xBE08A9E4	            	 dc 0xBE08A9E4
0x00000361: 0xBE3E4DC5	            	 dc 0xBE3E4DC5
0x00000362: 0x3E1AD3FA	            	 dc 0x3E1AD3FA
0x00000363: 0xBE1F04AC	            	 dc 0xBE1F04AC
0x00000364: 0x3F5A0CD2	            	 dc 0x3F5A0CD2
0x00000365: 0x3F54F96E	            	 dc 0x3F54F96E
0x00000366: 0xBE1DA3C7	            	 dc 0xBE1DA3C7
0x00000367: 0xBE0C53C7	            	 dc 0xBE0C53C7
0x00000368: 0xBE181ED3	            	 dc 0xBE181ED3
0x00000369: 0xBE74D83B	            	 dc 0xBE74D83B
0x0000036A: 0xBE3DF07D	            	 dc 0xBE3DF07D
0x0000036B: 0xBE0221E5	            	 dc 0xBE0221E5
0x0000036C: 0xBE28BD27	            	 dc 0xBE28BD27
0x0000036D: 0x3F4E0867	            	 dc 0x3F4E0867
0x0000036E: 0xBDFFE3DA	            	 dc 0xBDFFE3DA
0x0000036F: 0x3F387DAF	            	 dc 0x3F387DAF
0x00000370: 0x3F3F5AD4	            	 dc 0x3F3F5AD4
0x00000371: 0x3F0CBCE4	            	 dc 0x3F0CBCE4
0x00000372: 0x3F5FAA7C	            	 dc 0x3F5FAA7C
0x00000373: 0xBDCA1AD2	            	 dc 0xBDCA1AD2
0x00000374: 0xBE3CEF6B	            	 dc 0xBE3CEF6B
0x00000375: 0xBE1E0C4F	            	 dc 0xBE1E0C4F
0x00000376: 0xBE3B90B9	            	 dc 0xBE3B90B9
0x00000377: 0x3F2B6CAD	            	 dc 0x3F2B6CAD
0x00000378: 0xBE4CD8EA	            	 dc 0xBE4CD8EA
0x00000379: 0x3F2E08BD	            	 dc 0x3F2E08BD
0x0000037A: 0xBE4E08C6	            	 dc 0xBE4E08C6
0x0000037B: 0xBE1F17E3	            	 dc 0xBE1F17E3
0x0000037C: 0x3F3EE4FA	            	 dc 0x3F3EE4FA
0x0000037D: 0x3F50DF7D	            	 dc 0x3F50DF7D
0x0000037E: 0xBDFA0695	            	 dc 0xBDFA0695
0x0000037F: 0xBE1C2A54	            	 dc 0xBE1C2A54
					            	 * --- Neuron 5 Weights ---
0x00000380: 0x3EEC5D73	            	 dc 0x3EEC5D73
0x00000381: 0x3F88EF2D	            	 dc 0x3F88EF2D
0x00000382: 0x3E9D0A3E	            	 dc 0x3E9D0A3E
0x00000383: 0x3F4AE3DB	            	 dc 0x3F4AE3DB
0x00000384: 0xBD3EE4D8	            	 dc 0xBD3EE4D8
0x00000385: 0xBCFFD4E9	            	 dc 0xBCFFD4E9
0x00000386: 0x3DC0BCE6	            	 dc 0x3DC0BCE6
0x00000387: 0x3F34B3D4	            	 dc 0x3F34B3D4
0x00000388: 0x3EA3B38A	            	 dc 0x3EA3B38A
0x00000389: 0x3DEF7AE4	            	 dc 0x3DEF7AE4
0x0000038A: 0x3E8E5BD5	            	 dc 0x3E8E5BD5
0x0000038B: 0x3FBC12F7	            	 dc 0x3FBC12F7
0x0000038C: 0x3F08EADC	            	 dc 0x3F08EADC
0x0000038D: 0xBE3B0DCF	            	 dc 0xBE3B0DCF
0x0000038E: 0x3E716AC7	            	 dc 0x3E716AC7
0x0000038F: 0xBE8EE5C0	            	 dc 0xBE8EE5C0
0x00000390: 0xBE847DCB	            	 dc 0xBE847DCB
0x00000391: 0xBECE4DCB	            	 dc 0xBECE4DCB
0x00000392: 0xBE339CDA	            	 dc 0xBE339CDA
0x00000393: 0x3E54A3DA	            	 dc 0x3E54A3DA
0x00000394: 0x3EDE45D2	            	 dc 0x3EDE45D2
0x00000395: 0x3EE6C5BC	            	 dc 0x3EE6C5BC
0x00000396: 0x3EA6BD32	            	 dc 0x3EA6BD32
0x00000397: 0xBD63C7EE	            	 dc 0xBD63C7EE
0x00000398: 0x3EAEFE24	            	 dc 0x3EAEFE24
0x00000399: 0xBE9ADCE7	            	 dc 0xBE9ADCE7
0x0000039A: 0x3EA7A2B6	            	 dc 0x3EA7A2B6
0x0000039B: 0x3EDE1A4B	            	 dc 0x3EDE1A4B
0x0000039C: 0xBEA5EFB9	            	 dc 0xBEA5EFB9
0x0000039D: 0xBDDECFF4	            	 dc 0xBDDECFF4
0x0000039E: 0x3EFFEBCE	            	 dc 0x3EFFEBCE
0x0000039F: 0x3EE09D43	            	 dc 0x3EE09D43
					            	 * --- Neuron 6 Weights ---
0x000003A0: 0x3EEAADCE	            	 dc 0x3EEAADCE
0x000003A1: 0x3F8AA4D2	            	 dc 0x3F8AA4D2
0x000003A2: 0x3EAA5BCE	            	 dc 0x3EAA5BCE
0x000003A3: 0x3F4CD6C4	            	 dc 0x3F4CD6C4
0x000003A4: 0xBD40A9A3	            	 dc 0xBD40A9A3
0x000003A5: 0xBD0BAE52	            	 dc 0xBD0BAE52
0x000003A6: 0x3DDAA4B5	            	 dc 0x3DDAA4B5
0x000003A7: 0x3F3D87D8	            	 dc 0x3F3D87D8
0x000003A8: 0x3EA9F8AA	            	 dc 0x3EA9F8AA
0x000003A9: 0x3DEC26AC	            	 dc 0x3DEC26AC
0x000003AA: 0x3E8CE4DB	            	 dc 0x3E8CE4DB
0x000003AB: 0x3FBD2BD0	            	 dc 0x3FBD2BD0
0x000003AC: 0x3F10CDAA	            	 dc 0x3F10CDAA
0x000003AD: 0xBE370CE0	            	 dc 0xBE370CE0
0x000003AE: 0x3E6FBBDB	            	 dc 0x3E6FBBDB
0x000003AF: 0xBE90CDA8	            	 dc 0xBE90CDA8
0x000003B0: 0xBE80CD35	            	 dc 0xBE80CD35
0x000003B1: 0xBEC4CE37	            	 dc 0xBEC4CE37
0x000003B2: 0xBE326CAC	            	 dc 0xBE326CAC
0x000003B3: 0x3E526D3F	            	 dc 0x3E526D3F
0x000003B4: 0x3EDCE457	            	 dc 0x3EDCE457
0x000003B5: 0x3EE8CDA5	            	 dc 0x3EE8CDA5
0x000003B6: 0x3EAAF5B2	            	 dc 0x3EAAF5B2
0x000003B7: 0xBD5BBDBF	            	 dc 0xBD5BBDBF
0x000003B8: 0x3EACCE3A	            	 dc 0x3EACCE3A
0x000003B9: 0xBEA3BD4F	            	 dc 0xBEA3BD4F
0x000003BA: 0x3EA5BBDE	            	 dc 0x3EA5BBDE
0x000003BB: 0x3EDFAEDF	            	 dc 0x3EDFAEDF
0x000003BC: 0xBEA67CD0	            	 dc 0xBEA67CD0
0x000003BD: 0xBDDCE266	            	 dc 0xBDDCE266
0x000003BE: 0x3F026CDC	            	 dc 0x3F026CDC
0x000003BF: 0x3EE0C2BE	            	 dc 0x3EE0C2BE
					            	 * --- Neuron 7 Weights ---
0x000003C0: 0xBE0FB9E6	            	 dc 0xBE0FB9E6
0x000003C1: 0xBE4071BD	            	 dc 0xBE4071BD
0x000003C2: 0x3DFBBDA5	            	 dc 0x3DFBBDA5
0x000003C3: 0xBE1FC3C0	            	 dc 0xBE1FC3C0
0x000003C4: 0x3F57B6CD	            	 dc 0x3F57B6CD
0x000003C5: 0x3F54AD54	            	 dc 0x3F54AD54
0x000003C6: 0xBE1CDAA3	            	 dc 0xBE1CDAA3
0x000003C7: 0xBDFAF87F	            	 dc 0xBDFAF87F
0x000003C8: 0xBE14227E	            	 dc 0xBE14227E
0x000003C9: 0xBE763D40	            	 dc 0xBE763D40
0x000003CA: 0xBE3CFE3A	            	 dc 0xBE3CFE3A
0x000003CB: 0xBDFAF0DF	            	 dc 0xBDFAF0DF
0x000003CC: 0xBE28CD3E	            	 dc 0xBE28CD3E
0x000003CD: 0x3F4CD6CE	            	 dc 0x3F4CD6CE
0x000003CE: 0xBDFA047F	            	 dc 0xBDFA047F
0x000003CF: 0x3F38A7E0	            	 dc 0x3F38A7E0
0x000003D0: 0x3F3FAA3A	            	 dc 0x3F3FAA3A
0x000003D1: 0x3F0FBAA5	            	 dc 0x3F0FBAA5
0x000003D2: 0x3F5BEE35	            	 dc 0x3F5BEE35
0x000003D3: 0xBDC61BDB	            	 dc 0xBDC61BDB
0x000003D4: 0xBE3F047E	            	 dc 0xBE3F047E
0x000003D5: 0xBE1E0C4F	            	 dc 0xBE1E0C4F
0x000003D6: 0xBE3A0CD4	            	 dc 0xBE3A0CD4
0x000003D7: 0x3F2B1ACC	            	 dc 0x3F2B1ACC
0x000003D8: 0xBE4E08B4	            	 dc 0xBE4E08B4
0x000003D9: 0x3F2C23AE	            	 dc 0x3F2C23AE
0x000003DA: 0xBE4D7A52	            	 dc 0xBE4D7A52
0x000003DB: 0xBE1DF04F	            	 dc 0xBE1DF04F
0x000003DC: 0x3F3F5AEE	            	 dc 0x3F3F5AEE
0x000003DD: 0x3F4CD7EF	            	 dc 0x3F4CD7EF
0x000003DE: 0xBDF82BAE	            	 dc 0xBDF82BAE
0x000003DF: 0xBE19AC5A	            	 dc 0xBE19AC5A
					            	 * --- Neuron 8 Weights ---
0x000003E0: 0x3EFF13EA	            	 dc 0x3EFF13EA
0x000003E1: 0x3F9DAFB3	            	 dc 0x3F9DAFB3
0x000003E2: 0x3EAA5BCE	            	 dc 0x3EAA5BCE
0x000003E3: 0x3F5FEE3C	            	 dc 0x3F5FEE3C
0x000003E4: 0xBD186CDC	            	 dc 0xBD186CDC
0x000003E5: 0xBCBA4DA5	            	 dc 0xBCBA4DA5
0x000003E6: 0x3E28BCE3	            	 dc 0x3E28BCE3
0x000003E7: 0x3F4FFAED	            	 dc 0x3F4FFAED
0x000003E8: 0x3EAA4EE5	            	 dc 0x3EAA4EE5
0x000003E9: 0x3E1FAED5	            	 dc 0x3E1FAED5
0x000003EA: 0x3EA7CD7E	            	 dc 0x3EA7CD7E
0x000003EB: 0x3FCFAEF0	            	 dc 0x3FCFAEF0
0x000003EC: 0x3F2BA5D8	            	 dc 0x3F2BA5D8
0x000003ED: 0xBE1EEA7B	            	 dc 0xBE1EEA7B
0x000003EE: 0x3E52BC32	            	 dc 0x3E52BC32
0x000003EF: 0xBE8C21AA	            	 dc 0xBE8C21AA
0x000003F0: 0xBE8BA4DC	            	 dc 0xBE8BA4DC
0x000003F1: 0xBEA4CD6F	            	 dc 0xBEA4CD6F
0x000003F2: 0xBE49FAED	            	 dc 0xBE49FAED
0x000003F3: 0x3E3C7A2E	            	 dc 0x3E3C7A2E
0x000003F4: 0x3EE1ACE6	            	 dc 0x3EE1ACE6
0x000003F5: 0x3EEBA7EF	            	 dc 0x3EEBA7EF
0x000003F6: 0x3EA716A8	            	 dc 0x3EA716A8
0x000003F7: 0xBD99ACF9	            	 dc 0xBD99ACF9
0x000003F8: 0x3EB2BBDF	            	 dc 0x3EB2BBDF
0x000003F9: 0xBEAEBB3A	            	 dc 0xBEAEBB3A
0x000003FA: 0x3EA7A2B6	            	 dc 0x3EA7A2B6
0x000003FB: 0x3EE1BDB6	            	 dc 0x3EE1BDB6
0x000003FC: 0xBEABA3A4	            	 dc 0xBEABA3A4
0x000003FD: 0xBDCF2BA2	            	 dc 0xBDCF2BA2
0x000003FE: 0x3F08EADC	            	 dc 0x3F08EADC
0x000003FF: 0x3EEDFBC2	            	 dc 0x3EEDFBC2
					            	 * --- Neuron 9 Weights ---
0x00000400: 0xBE0F3A22	            	 dc 0xBE0F3A22
0x00000401: 0xBE40CE53	            	 dc 0xBE40CE53
0x00000402: 0x3DEC26AC	            	 dc 0x3DEC26AC
0x00000403: 0xBE1FE3C4	            	 dc 0xBE1FE3C4
0x00000404: 0x3F5A4D1A	            	 dc 0x3F5A4D1A
0x00000405: 0x3F54A3DA	            	 dc 0x3F54A3DA
0x00000406: 0xBE1D5BD2	            	 dc 0xBE1D5BD2
0x00000407: 0xBDFAEE60	            	 dc 0xBDFAEE60
0x00000408: 0xBE126CDC	            	 dc 0xBE126CDC
0x00000409: 0xBE756BDE	            	 dc 0xBE756BDE
0x0000040A: 0xBE3BE3D9	            	 dc 0xBE3BE3D9
0x0000040B: 0xBDFAF8B3	            	 dc 0xBDFAF8B3
0x0000040C: 0xBE285BD0	            	 dc 0xBE285BD0
0x0000040D: 0x3F4CE2AA	            	 dc 0x3F4CE2AA
0x0000040E: 0xBDFA4F0C	            	 dc 0xBDFA4F0C
0x0000040F: 0x3F37BD5B	            	 dc 0x3F37BD5B
0x00000410: 0x3F3CD3FF	            	 dc 0x3F3CD3FF
0x00000411: 0x3F0FAF0D	            	 dc 0x3F0FAF0D
0x00000412: 0x3F5DCE2D	            	 dc 0x3F5DCE2D
0x00000413: 0xBDC6CD3E	            	 dc 0xBDC6CD3E
0x00000414: 0xBE3EA47B	            	 dc 0xBE3EA47B
0x00000415: 0xBE1E5BC4	            	 dc 0xBE1E5BC4
0x00000416: 0xBE3AA4DA	            	 dc 0xBE3AA4DA
0x00000417: 0x3F2B67AE	            	 dc 0x3F2B67AE
0x00000418: 0xBE4E0CF0	            	 dc 0xBE4E0CF0
0x00000419: 0x3F2BA1CD	            	 dc 0x3F2BA1CD
0x0000041A: 0xBE4CD18F	            	 dc 0xBE4CD18F
0x0000041B: 0xBE1E08BD	            	 dc 0xBE1E08BD
0x0000041C: 0x3F3F5AD4	            	 dc 0x3F3F5AD4
0x0000041D: 0x3F4E0916	            	 dc 0x3F4E0916
0x0000041E: 0xBDFA5A62	            	 dc 0xBDFA5A62
0x0000041F: 0xBE1A1CD6	            	 dc 0xBE1A1CD6
					            	 * --- Neuron 10 Weights ---
0x00000420: 0xBE0EE7CE	            	 dc 0xBE0EE7CE
0x00000421: 0xBE3F87AF	            	 dc 0xBE3F87AF
0x00000422: 0x3E13EC4F	            	 dc 0x3E13EC4F
0x00000423: 0xBE1FAEEA	            	 dc 0xBE1FAEEA
0x00000424: 0x3F59ACFA	            	 dc 0x3F59ACFA
0x00000425: 0x3F56E7E4	            	 dc 0x3F56E7E4
0x00000426: 0xBE1DE456	            	 dc 0xBE1DE456
0x00000427: 0xBE05BBCC	            	 dc 0xBE05BBCC
0x00000428: 0xBE15FBB8	            	 dc 0xBE15FBB8
0x00000429: 0xBE74FAEF	            	 dc 0xBE74FAEF
0x0000042A: 0xBE3DF054	            	 dc 0xBE3DF054
0x0000042B: 0xBE01CE24	            	 dc 0xBE01CE24
0x0000042C: 0xBE28CD35	            	 dc 0xBE28CD35
0x0000042D: 0x3F4D2BC8	            	 dc 0x3F4D2BC8
0x0000042E: 0xBDFFE3E0	            	 dc 0xBDFFE3E0
0x0000042F: 0x3F3A0CD4	            	 dc 0x3F3A0CD4
0x00000430: 0x3F3EEB93	            	 dc 0x3F3EEB93
0x00000431: 0x3F0CE354	            	 dc 0x3F0CE354
0x00000432: 0x3F5FAA5D	            	 dc 0x3F5FAA5D
0x00000433: 0xBDCE3958	            	 dc 0xBDCE3958
0x00000434: 0xBE3CDDFA	            	 dc 0xBE3CDDFA
0x00000435: 0xBE1E04B2	            	 dc 0xBE1E04B2
0x00000436: 0xBE3C4E3D	            	 dc 0xBE3C4E3D
0x00000437: 0x3F2B5BDE	            	 dc 0x3F2B5BDE
0x00000438: 0xBE4CD4F4	            	 dc 0xBE4CD4F4
0x00000439: 0x3F2D6F59	            	 dc 0x3F2D6F59
0x0000043A: 0xBE4EE6CB	            	 dc 0xBE4EE6CB
0x0000043B: 0xBE1F0860	            	 dc 0xBE1F0860
0x0000043C: 0x3F3EF4DA	            	 dc 0x3F3EF4DA
0x0000043D: 0x3F4FE47B	            	 dc 0x3F4FE47B
0x0000043E: 0xBDFAA7E3	            	 dc 0xBDFAA7E3
0x0000043F: 0xBE1C6CE6	            	 dc 0xBE1C6CE6
					            	 * --- Neuron 11 Weights ---
0x00000440: 0xBE0E7CBE	            	 dc 0xBE0E7CBE
0x00000441: 0xBE3FCEAA	            	 dc 0xBE3FCEAA
0x00000442: 0x3E18CE5F	            	 dc 0x3E18CE5F
0x00000443: 0xBE1FAAEE	            	 dc 0xBE1FAAEE
0x00000444: 0x3F597CD3	            	 dc 0x3F597CD3
0x00000445: 0x3F563D2E	            	 dc 0x3F563D2E
0x00000446: 0xBE1DCE4B	            	 dc 0xBE1DCE4B
0x00000447: 0xBE086BDB	            	 dc 0xBE086BDB
0x00000448: 0xBE169BDB	            	 dc 0xBE169BDB
0x00000449: 0xBE752BEA	            	 dc 0xBE752BEA
0x0000044A: 0xBE3DCE3E	            	 dc 0xBE3DCE3E
0x0000044B: 0xBE01E3BA	            	 dc 0xBE01E3BA
0x0000044C: 0xBE28CD46	            	 dc 0xBE28CD46
0x0000044D: 0x3F4CDAAA	            	 dc 0x3F4CDAAA
0x0000044E: 0xBDFFE3E0	            	 dc 0xBDFFE3E0
0x0000044F: 0x3F39BDB8	            	 dc 0x3F39BDB8
0x00000450: 0x3F3EDE35	            	 dc 0x3F3EDE35
0x00000451: 0x3F0CCE3E	            	 dc 0x3F0CCE3E
0x00000452: 0x3F5F6BD0	            	 dc 0x3F5F6BD0
0x00000453: 0xBDCFAEDC	            	 dc 0xBDCFAEDC
0x00000454: 0xBE3D5B99	            	 dc 0xBE3D5B99
0x00000455: 0xBE1E08C8	            	 dc 0xBE1E08C8
0x00000456: 0xBE3CE3AF	            	 dc 0xBE3CE3AF
0x00000457: 0x3F2B6CD0	            	 dc 0x3F2B6CD0
0x00000458: 0xBE4CDCA3	            	 dc 0xBE4CDCA3
0x00000459: 0x3F2D4DAA	            	 dc 0x3F2D4DAA
0x0000045A: 0xBE4EAAF0	            	 dc 0xBE4EAAF0
0x0000045B: 0xBE1EFAEF	            	 dc 0xBE1EFAEF
0x0000045C: 0x3F3EEEB8	            	 dc 0x3F3EEEB8
0x0000045D: 0x3F4FC9B4	            	 dc 0x3F4FC9B4
0x0000045E: 0xBDFAA6BD	            	 dc 0xBDFAA6BD
0x0000045F: 0xBE1C2BC4	            	 dc 0xBE1C2BC4
					            	 * --- Neuron 12 Weights ---
0x00000460: 0x3EE8CDA5	            	 dc 0x3EE8CDA5
0x00000461: 0x3F8A4BDE	            	 dc 0x3F8A4BDE
0x00000462: 0x3EA6BC34	            	 dc 0x3EA6BC34
0x00000463: 0x3F4CCDF6	            	 dc 0x3F4CCDF6
0x00000464: 0xBD44BD35	            	 dc 0xBD44BD35
0x00000465: 0xBD0EE9BD	            	 dc 0xBD0EE9BD
0x00000466: 0x3DDAA224	            	 dc 0x3DDAA224
0x00000467: 0x3F3D87D8	            	 dc 0x3F3D87D8
0x00000468: 0x3EA9F99A	            	 dc 0x3EA9F99A
0x00000469: 0x3DEC5B99	            	 dc 0x3DEC5B99
0x0000046A: 0x3E8CE45F	            	 dc 0x3E8CE45F
0x0000046B: 0x3FBD12E9	            	 dc 0x3FBD12E9
0x0000046C: 0x3F10CCEE	            	 dc 0x3F10CCEE
0x0000046D: 0xBE370C98	            	 dc 0xBE370C98
0x0000046E: 0x3E71AA57	            	 dc 0x3E71AA57
0x0000046F: 0xBE90CD4A	            	 dc 0xBE90CD4A
0x00000470: 0xBE80C7EE	            	 dc 0xBE80C7EE
0x00000471: 0xBEC4CD7E	            	 dc 0xBEC4CD7E
0x00000472: 0xBE326CE2	            	 dc 0xBE326CE2
0x00000473: 0x3E523A39	            	 dc 0x3E523A39
0x00000474: 0x3EDCE496	            	 dc 0x3EDCE496
0x00000475: 0x3EE8CD4E	            	 dc 0x3EE8CD4E
0x00000476: 0x3EAAFAA5	            	 dc 0x3EAAFAA5
0x00000477: 0xBD5BBCE8	            	 dc 0xBD5BBCE8
0x00000478: 0x3EACC9A5	            	 dc 0x3EACC9A5
0x00000479: 0xBEA3B66D	            	 dc 0xBEA3B66D
0x0000047A: 0x3EA5BBDE	            	 dc 0x3EA5BBDE
0x0000047B: 0x3EDFAEF5	            	 dc 0x3EDFAEF5
0x0000047C: 0xBEA67CD0	            	 dc 0xBEA67CD0
0x0000047D: 0xBDDCDFA5	            	 dc 0xBDDCDFA5
0x0000047E: 0x3F027C34	            	 dc 0x3F027C34
0x0000047F: 0x3EE0BF95	            	 dc 0x3EE0BF95
					            	 * --- Neuron 13 Weights ---
0x00000480: 0xBE0CE373	            	 dc 0xBE0CE373
0x00000481: 0xBE3DCEAA	            	 dc 0xBE3DCEAA
0x00000482: 0x3DFBCDEE	            	 dc 0x3DFBCDEE
0x00000483: 0xBE1FA3D8	            	 dc 0xBE1FA3D8
0x00000484: 0x3F5A2BD0	            	 dc 0x3F5A2BD0
0x00000485: 0x3F55BDFA	            	 dc 0x3F55BDFA
0x00000486: 0xBE1D5BD2	            	 dc 0xBE1D5BD2
0x00000487: 0xBDFAE396	            	 dc 0xBDFAE396
0x00000488: 0xBE13EE0E	            	 dc 0xBE13EE0E
0x00000489: 0xBE756BC3	            	 dc 0xBE756BC3
0x0000048A: 0xBE3C7CB6	            	 dc 0xBE3C7CB6
0x0000048B: 0xBDFAF57E	            	 dc 0xBDFAF57E
0x0000048C: 0xBE285BD0	            	 dc 0xBE285BD0
0x0000048D: 0x3F4CDB97	            	 dc 0x3F4CDB97
0x0000048E: 0xBDFA0DA5	            	 dc 0xBDFA0DA5
0x0000048F: 0x3F37CE35	            	 dc 0x3F37CE35
0x00000490: 0x3F3D6FA3	            	 dc 0x3F3D6FA3
0x00000491: 0x3F0FA4DD	            	 dc 0x3F0FA4DD
0x00000492: 0x3F5DE3A5	            	 dc 0x3F5DE3A5
0x00000493: 0xBDC6A6BE	            	 dc 0xBDC6A6BE
0x00000494: 0xBE3EEA85	            	 dc 0xBE3EEA85
0x00000495: 0xBE1E5BD4	            	 dc 0xBE1E5BD4
0x00000496: 0xBE3A6BD1	            	 dc 0xBE3A6BD1
0x00000497: 0x3F2B66DC	            	 dc 0x3F2B66DC
0x00000498: 0xBE4E0AA5	            	 dc 0xBE4E0AA5
0x00000499: 0x3F2BA4DD	            	 dc 0x3F2BA4DD
0x0000049A: 0xBE4CDB9E	            	 dc 0xBE4CDB9E
0x0000049B: 0xBE1E0C63	            	 dc 0xBE1E0C63
0x0000049C: 0x3F3F4D2C	            	 dc 0x3F3F4D2C
0x0000049D: 0x3F4E0CE2	            	 dc 0x3F4E0CE2
0x0000049E: 0xBDFA26C7	            	 dc 0xBDFA26C7
0x0000049F: 0xBE1A3C2A	            	 dc 0xBE1A3C2A
					            	 * --- Neuron 14 Weights ---
0x000004A0: 0xBE0F04A9	            	 dc 0xBE0F04A9
0x000004A1: 0xBE3FEA74	            	 dc 0xBE3FEA74
0x000004A2: 0x3E170C9E	            	 dc 0x3E170C9E
0x000004A3: 0xBE1FAEE8	            	 dc 0xBE1FAEE8
0x000004A4: 0x3F59ACFE	            	 dc 0x3F59ACFE
0x000004A5: 0x3F567A32	            	 dc 0x3F567A32
0x000004A6: 0xBE1DE1AA	            	 dc 0xBE1DE1AA
0x000004A7: 0xBE06BC7A	            	 dc 0xBE06BC7A
0x000004A8: 0xBE163A48	            	 dc 0xBE163A48
0x000004A9: 0xBE752B33	            	 dc 0xBE752B33
0x000004AA: 0xBE3DEC29	            	 dc 0xBE3DEC29
0x000004AB: 0xBE01DA65	            	 dc 0xBE01DA65
0x000004AC: 0xBE28CD3E	            	 dc 0xBE28CD3E
0x000004AD: 0x3F4CD6C4	            	 dc 0x3F4CD6C4
0x000004AE: 0xBDFFE3DF	            	 dc 0xBDFFE3DF
0x000004AF: 0x3F3A0CD4	            	 dc 0x3F3A0CD4
0x000004B0: 0x3F3EE5BB	            	 dc 0x3F3EE5BB
0x000004B1: 0x3F0CE307	            	 dc 0x3F0CE307
0x000004B2: 0x3F5FAA66	            	 dc 0x3F5FAA66
0x000004B3: 0xBDCE1AAF	            	 dc 0xBDCE1AAF
0x000004B4: 0xBE3CD4E8	            	 dc 0xBE3CD4E8
0x000004B5: 0xBE1E04E5	            	 dc 0xBE1E04E5
0x000004B6: 0xBE3C5BC3	            	 dc 0xBE3C5BC3
0x000004B7: 0x3F2B69BD	            	 dc 0x3F2B69BD
0x000004B8: 0xBE4CD4AA	            	 dc 0xBE4CD4AA
0x000004B9: 0x3F2D4E3A	            	 dc 0x3F2D4E3A
0x000004BA: 0xBE4EE5BC	            	 dc 0xBE4EE5BC
0x000004BB: 0xBE1F0CF0	            	 dc 0xBE1F0CF0
0x000004BC: 0x3F3EEFB5	            	 dc 0x3F3EEFB5
0x000004BD: 0x3F4FE3DF	            	 dc 0x3F4FE3DF
0x000004BE: 0xBDFAA21F	            	 dc 0xBDFAA21F
0x000004BF: 0xBE1C4EEA	            	 dc 0xBE1C4EEA
					            	 * --- Neuron 15 Weights ---
0x000004C0: 0x3EE3BCBE	            	 dc 0x3EE3BCBE
0x000004C1: 0x3F88EF23	            	 dc 0x3F88EF23
0x000004C2: 0x3E9FAEF5	            	 dc 0x3E9FAEF5
0x000004C3: 0x3F49A1F6	            	 dc 0x3F49A1F6
0x000004C4: 0xBD3EE4D8	            	 dc 0xBD3EE4D8
0x000004C5: 0xBCFFCE2A	            	 dc 0xBCFFCE2A
0x000004C6: 0x3DC0CE6F	            	 dc 0x3DC0CE6F
0x000004C7: 0x3F34B224	            	 dc 0x3F34B224
0x000004C8: 0x3EA3B2BD	            	 dc 0x3EA3B2BD
0x000004C9: 0x3DEF7ABF	            	 dc 0x3DEF7ABF
0x000004CA: 0x3E8E5BD5	            	 dc 0x3E8E5BD5
0x000004CB: 0x3FBC12F1	            	 dc 0x3FBC12F1
0x000004CC: 0x3F08EA9E	            	 dc 0x3F08EA9E
0x000004CD: 0xBE3B0DC6	            	 dc 0xBE3B0DC6
0x000004CE: 0x3E7169BD	            	 dc 0x3E7169BD
0x000004CF: 0xBE8EE5C0	            	 dc 0xBE8EE5C0
0x000004D0: 0xBE847DCB	            	 dc 0xBE847DCB
0x000004D1: 0xBECE4DBF	            	 dc 0xBECE4DBF
0x000004D2: 0xBE339CD3	            	 dc 0xBE339CD3
0x000004D3: 0x3E54A21A	            	 dc 0x3E54A21A
0x000004D4: 0x3EDE45D2	            	 dc 0x3EDE45D2
0x000004D5: 0x3EE6C5BC	            	 dc 0x3EE6C5BC
0x000004D6: 0x3EA6BC27	            	 dc 0x3EA6BC27
0x000004D7: 0xBD63C7DF	            	 dc 0xBD63C7DF
0x000004D8: 0x3EAEFE24	            	 dc 0x3EAEFE24
0x000004D9: 0xBE9ADCDE	            	 dc 0xBE9ADCDE
0x000004DA: 0x3EA7A2B6	            	 dc 0x3EA7A2B6
0x000004DB: 0x3EDE1A4A	            	 dc 0x3EDE1A4A
0x000004DC: 0xBEA5EFB9	            	 dc 0xBEA5EFB9
0x000004DD: 0xBDDECFF4	            	 dc 0xBDDECFF4
0x000004DE: 0x3EFFEBC9	            	 dc 0x3EFFEBC9
0x000004DF: 0x3EE09CD0	            	 dc 0x3EE09CD0
					            	 * --- Neuron 16 Weights ---
0x000004E0: 0x3EEAA2BA	            	 dc 0x3EEAA2BA
0x000004E1: 0x3F8AA49B	            	 dc 0x3F8AA49B
0x000004E2: 0x3EAA5B8E	            	 dc 0x3EAA5B8E
0x000004E3: 0x3F4CD67E	            	 dc 0x3F4CD67E
0x000004E4: 0xBD40A9A3	            	 dc 0xBD40A9A3
0x000004E5: 0xBD0BAE06	            	 dc 0xBD0BAE06
0x000004E6: 0x3DDAA450	            	 dc 0x3DDAA450
0x000004E7: 0x3F3D87B3	            	 dc 0x3F3D87B3
0x000004E8: 0x3EA9F87F	            	 dc 0x3EA9F87F
0x000004E9: 0x3DEC2664	            	 dc 0x3DEC2664
0x000004EA: 0x3E8CE49E	            	 dc 0x3E8CE49E
0x000004EB: 0x3FBD2B9A	            	 dc 0x3FBD2B9A
0x000004EC: 0x3F10CD96	            	 dc 0x3F10CD96
0x000004ED: 0xBE370CE0	            	 dc 0xBE370CE0
0x000004EE: 0x3E6FBBC1	            	 dc 0x3E6FBBC1
0x000004EF: 0xBE90CDA1	            	 dc 0xBE90CDA1
0x000004F0: 0xBE80CD35	            	 dc 0xBE80CD35
0x000004F1: 0xBEC4CE11	            	 dc 0xBEC4CE11
0x000004F2: 0xBE326C98	            	 dc 0xBE326C98
0x000004F3: 0x3E526D3F	            	 dc 0x3E526D3F
0x000004F4: 0x3EDCE457	            	 dc 0x3EDCE457
0x000004F5: 0x3EE8CD87	            	 dc 0x3EE8CD87
0x000004F6: 0x3EAAF5B2	            	 dc 0x3EAAF5B2
0x000004F7: 0xBD5BBDAF	            	 dc 0xBD5BBDAF
0x000004F8: 0x3EACCE3A	            	 dc 0x3EACCE3A
0x000004F9: 0xBEA3BD4A	            	 dc 0xBEA3BD4A
0x000004FA: 0x3EA5BBD0	            	 dc 0x3EA5BBD0
0x000004FB: 0x3EDFAECB	            	 dc 0x3EDFAECB
0x000004FC: 0xBEA67CCD	            	 dc 0xBEA67CCD
0x000004FD: 0xBDDCE24C	            	 dc 0xBDDCE24C
0x000004FE: 0x3F026CDC	            	 dc 0x3F026CDC
0x000004FF: 0x3EE0C2A1	            	 dc 0x3EE0C2A1
					            	 * --- Neuron 17 Weights ---
0x00000500: 0xBE0D9E74	            	 dc 0xBE0D9E74
0x00000501: 0xBE3E8CD3	            	 dc 0xBE3E8CD3
0x00000502: 0x3DFEBBDF	            	 dc 0x3DFEBBDF
0x00000503: 0xBE1FAEEA	            	 dc 0xBE1FAEEA
0x00000504: 0x3F5A5A90	            	 dc 0x3F5A5A90
0x00000505: 0x3F565BB3	            	 dc 0x3F565BB3
0x00000506: 0xBE1D9ACE	            	 dc 0xBE1D9ACE
0x00000507: 0xBDFAFFDE	            	 dc 0xBDFAFFDE
0x00000508: 0xBE14FBA5	            	 dc 0xBE14FBA5
0x00000509: 0xBE75DAA5	            	 dc 0xBE75DAA5
0x0000050A: 0xBE3CE5BB	            	 dc 0xBE3CE5BB
0x0000050B: 0xBDFAF396	            	 dc 0xBDFAF396
0x0000050C: 0xBE285BD0	            	 dc 0xBE285BD0
0x0000050D: 0x3F4CDDA9	            	 dc 0x3F4CDDA9
0x0000050E: 0xBDFA0D35	            	 dc 0xBDFA0D35
0x0000050F: 0x3F39BDBF	            	 dc 0x3F39BDBF
0x00000510: 0x3F3DAAFE	            	 dc 0x3F3DAAFE
0x00000511: 0x3F0FAFA5	            	 dc 0x3F0FAFA5
0x00000512: 0x3F5E7CD5	            	 dc 0x3F5E7CD5
0x00000513: 0xBDC7AA5C	            	 dc 0xBDC7AA5C
0x00000514: 0xBE3EE3D8	            	 dc 0xBE3EE3D8
0x00000515: 0xBE1E5BCE	            	 dc 0xBE1E5BCE
0x00000516: 0xBE3CE452	            	 dc 0xBE3CE452
0x00000517: 0x3F2B6CD0	            	 dc 0x3F2B6CD0
0x00000518: 0xBE4E0C95	            	 dc 0xBE4E0C95
0x00000519: 0x3F2C5BD3	            	 dc 0x3F2C5BD3
0x0000051A: 0xBE4D7AA4	            	 dc 0xBE4D7AA4
0x0000051B: 0xBE1DF052	            	 dc 0xBE1DF052
0x0000051C: 0x3F3F5AFE	            	 dc 0x3F3F5AFE
0x0000051D: 0x3F4D6F9E	            	 dc 0x3F4D6F9E
0x0000051E: 0xBDF82BD0	            	 dc 0xBDF82BD0
0x0000051F: 0xBE1A5BE5	            	 dc 0xBE1A5BE5
					            	 * --- Neuron 18 Weights ---
0x00000520: 0xBE08CE41	            	 dc 0xBE08CE41
0x00000521: 0xBE3C6FA5	            	 dc 0xBE3C6FA5
0x00000522: 0x3DFDE44E	            	 dc 0x3DFDE44E
0x00000523: 0xBE1DC40A	            	 dc 0xBE1DC40A
0x00000524: 0x3F5B0CDC	            	 dc 0x3F5B0CDC
0x00000525: 0x3F57B6C5	            	 dc 0x3F57B6C5
0x00000526: 0xBE1AF1D9	            	 dc 0xBE1AF1D9
0x00000527: 0xBDFF057B	            	 dc 0xBDFF057B
0x00000528: 0xBE1424E6	            	 dc 0xBE1424E6
0x00000529: 0xBE747CDF	            	 dc 0xBE747CDF
0x0000052A: 0xBE37078C	            	 dc 0xBE37078C
0x0000052B: 0xBDFF586E	            	 dc 0xBDFF586E
0x0000052C: 0xBE27CB36	            	 dc 0xBE27CB36
0x0000052D: 0x3F4AD266	            	 dc 0x3F4AD266
0x0000052E: 0xBDFA0B33	            	 dc 0xBDFA0B33
0x0000052F: 0x3F34F5DC	            	 dc 0x3F34F5DC
0x00000530: 0x3F3A0CD4	            	 dc 0x3F3A0CD4
0x00000531: 0x3F0BB6C9	            	 dc 0x3F0BB6C9
0x00000532: 0x3F5DAFC4	            	 dc 0x3F5DAFC4
0x00000533: 0xBDC462D6	            	 dc 0xBDC462D6
0x00000534: 0xBE3C3F85	            	 dc 0xBE3C3F85
0x00000535: 0xBE1DF07C	            	 dc 0xBE1DF07C
0x00000536: 0xBE3981DA	            	 dc 0xBE3981DA
0x00000537: 0x3F2AA863	            	 dc 0x3F2AA863
0x00000538: 0xBE4EFE6B	            	 dc 0xBE4EFE6B
0x00000539: 0x3F2BA1CD	            	 dc 0x3F2BA1CD
0x0000053A: 0xBE4B64EC	            	 dc 0xBE4B64EC
0x0000053B: 0xBE1E0D1B	            	 dc 0xBE1E0D1B
0x0000053C: 0x3F3F72B3	            	 dc 0x3F3F72B3
0x0000053D: 0x3F4D2B9F	            	 dc 0x3F4D2B9F
0x0000053E: 0xBDFA2E3E	            	 dc 0xBDFA2E3E
0x0000053F: 0xBE1A5F58	            	 dc 0xBE1A5F58
					            	 * --- Neuron 19 Weights ---
0x00000540: 0xBE0E7C35	            	 dc 0xBE0E7C35
0x00000541: 0xBE3FCD81	            	 dc 0xBE3FCD81
0x00000542: 0x3E18CE5F	            	 dc 0x3E18CE5F
0x00000543: 0xBE1FAAEE	            	 dc 0xBE1FAAEE
0x00000544: 0x3F597CD3	            	 dc 0x3F597CD3
0x00000545: 0x3F563CE6	            	 dc 0x3F563CE6
0x00000546: 0xBE1DCE4B	            	 dc 0xBE1DCE4B
0x00000547: 0xBE086BDB	            	 dc 0xBE086BDB
0x00000548: 0xBE169BDB	            	 dc 0xBE169BDB
0x00000549: 0xBE752BEA	            	 dc 0xBE752BEA
0x0000054A: 0xBE3DCE3E	            	 dc 0xBE3DCE3E
0x0000054B: 0xBE01E3BA	            	 dc 0xBE01E3BA
0x0000054C: 0xBE28CD46	            	 dc 0xBE28CD46
0x0000054D: 0x3F4CDAAA	            	 dc 0x3F4CDAAA
0x0000054E: 0xBDFF04A4	            	 dc 0xBDFF04A4
0x0000054F: 0x3F39BDB8	            	 dc 0x3F39BDB8
0x00000550: 0x3F3EDE35	            	 dc 0x3F3EDE35
0x00000551: 0x3F0CCE3E	            	 dc 0x3F0CCE3E
0x00000552: 0x3F5F6BD0	            	 dc 0x3F5F6BD0
0x00000553: 0xBDCFAEDC	            	 dc 0xBDCFAEDC
0x00000554: 0xBE3D5B99	            	 dc 0xBE3D5B99
0x00000555: 0xBE1E08C8	            	 dc 0xBE1E08C8
0x00000556: 0xBE3CE3AF	            	 dc 0xBE3CE3AF
0x00000557: 0x3F2B6CD0	            	 dc 0x3F2B6CD0
0x00000558: 0xBE4CDCA3	            	 dc 0xBE4CDCA3
0x00000559: 0x3F2D4DAA	            	 dc 0x3F2D4DAA
0x0000055A: 0xBE4EAAF0	            	 dc 0xBE4EAAF0
0x0000055B: 0xBE1EFAEF	            	 dc 0xBE1EFAEF
0x0000055C: 0x3F3EEEB8	            	 dc 0x3F3EEEB8
0x0000055D: 0x3F4FC9B4	            	 dc 0x3F4FC9B4
0x0000055E: 0xBDFAA6BD	            	 dc 0xBDFAA6BD
0x0000055F: 0xBE1C2BC4	            	 dc 0xBE1C2BC4
					            	 * --- Neuron 20 Weights ---
0x00000560: 0x3EE8CDA5	            	 dc 0x3EE8CDA5
0x00000561: 0x3F8A4BDE	            	 dc 0x3F8A4BDE
0x00000562: 0x3EA6BC34	            	 dc 0x3EA6BC34
0x00000563: 0x3F4CCDF6	            	 dc 0x3F4CCDF6
0x00000564: 0xBD44BD35	            	 dc 0xBD44BD35
0x00000565: 0xBD0EE9BD	            	 dc 0xBD0EE9BD
0x00000566: 0x3DDAA224	            	 dc 0x3DDAA224
0x00000567: 0x3F3D87D8	            	 dc 0x3F3D87D8
0x00000568: 0x3EA9F99A	            	 dc 0x3EA9F99A
0x00000569: 0x3DEC5B99	            	 dc 0x3DEC5B99
0x0000056A: 0x3E8CE45F	            	 dc 0x3E8CE45F
0x0000056B: 0x3FBD12E9	            	 dc 0x3FBD12E9
0x0000056C: 0x3F10CCEE	            	 dc 0x3F10CCEE
0x0000056D: 0xBE370C98	            	 dc 0xBE370C98
0x0000056E: 0x3E71AA57	            	 dc 0x3E71AA57
0x0000056F: 0xBE90CD4A	            	 dc 0xBE90CD4A
0x00000570: 0xBE80C7EE	            	 dc 0xBE80C7EE
0x00000571: 0xBEC4CD7E	            	 dc 0xBEC4CD7E
0x00000572: 0xBE326CE2	            	 dc 0xBE326CE2
0x00000573: 0x3E523A39	            	 dc 0x3E523A39
0x00000574: 0x3EDCE496	            	 dc 0x3EDCE496
0x00000575: 0x3EE8CD4E	            	 dc 0x3EE8CD4E
0x00000576: 0x3EAAFAA5	            	 dc 0x3EAAFAA5
0x00000577: 0xBD5BBCE8	            	 dc 0xBD5BBCE8
0x00000578: 0x3EACC9A5	            	 dc 0x3EACC9A5
0x00000579: 0xBEA3B66D	            	 dc 0xBEA3B66D
0x0000057A: 0x3EA5BBDE	            	 dc 0x3EA5BBDE
0x0000057B: 0x3EDFAEF5	            	 dc 0x3EDFAEF5
0x0000057C: 0xBEA67CD0	            	 dc 0xBEA67CD0
0x0000057D: 0xBDDCDFA5	            	 dc 0xBDDCDFA5
0x0000057E: 0x3F027C34	            	 dc 0x3F027C34
0x0000057F: 0x3EE0BF95	            	 dc 0x3EE0BF95
					            	 * --- Neuron 21 Weights ---
0x00000580: 0xBE0CE30A	            	 dc 0xBE0CE30A
0x00000581: 0xBE3DCDFE	            	 dc 0xBE3DCDFE
0x00000582: 0x3DFBCE35	            	 dc 0x3DFBCE35
0x00000583: 0xBE1FA3D8	            	 dc 0xBE1FA3D8
0x00000584: 0x3F5A2BC9	            	 dc 0x3F5A2BC9
0x00000585: 0x3F55BDE6	            	 dc 0x3F55BDE6
0x00000586: 0xBE1D5BD2	            	 dc 0xBE1D5BD2
0x00000587: 0xBDFAE396	            	 dc 0xBDFAE396
0x00000588: 0xBE13EE02	            	 dc 0xBE13EE02
0x00000589: 0xBE756BC1	            	 dc 0xBE756BC1
0x0000058A: 0xBE3C7CB2	            	 dc 0xBE3C7CB2
0x0000058B: 0xBDFAF57E	            	 dc 0xBDFAF57E
0x0000058C: 0xBE285BD0	            	 dc 0xBE285BD0
0x0000058D: 0x3F4CDB92	            	 dc 0x3F4CDB92
0x0000058E: 0xBDFA0DA5	            	 dc 0xBDFA0DA5
0x0000058F: 0x3F37CE35	            	 dc 0x3F37CE35
0x00000590: 0x3F3D6F9D	            	 dc 0x3F3D6F9D
0x00000591: 0x3F0FA4DD	            	 dc 0x3F0FA4DD
0x00000592: 0x3F5DE3A5	            	 dc 0x3F5DE3A5
0x00000593: 0xBDC6A6BE	            	 dc 0xBDC6A6BE
0x00000594: 0xBE3EEA85	            	 dc 0xBE3EEA85
0x00000595: 0xBE1E5BD4	            	 dc 0xBE1E5BD4
0x00000596: 0xBE3A6BD1	            	 dc 0xBE3A6BD1
0x00000597: 0x3F2B66DC	            	 dc 0x3F2B66DC
0x00000598: 0xBE4E0AA5	            	 dc 0xBE4E0AA5
0x00000599: 0x3F2BA4DD	            	 dc 0x3F2BA4DD
0x0000059A: 0xBE4CDB9E	            	 dc 0xBE4CDB9E
0x0000059B: 0xBE1E0C63	            	 dc 0xBE1E0C63
0x0000059C: 0x3F3F4D23	            	 dc 0x3F3F4D23
0x0000059D: 0x3F4E0CE2	            	 dc 0x3F4E0CE2
0x0000059E: 0xBDFA26C7	            	 dc 0xBDFA26C7
0x0000059F: 0xBE1A3C21	            	 dc 0xBE1A3C21
					            	 * --- Neuron 22 Weights ---
0x000005A0: 0xBE0EE7CE	            	 dc 0xBE0EE7CE
0x000005A1: 0xBE3F87AF	            	 dc 0xBE3F87AF
0x000005A2: 0x3E13EC4F	            	 dc 0x3E13EC4F
0x000005A3: 0xBE1FAEEA	            	 dc 0xBE1FAEEA
0x000005A4: 0x3F59ACFA	            	 dc 0x3F59ACFA
0x000005A5: 0x3F56E7E4	            	 dc 0x3F56E7E4
0x000005A6: 0xBE1DE456	            	 dc 0xBE1DE456
0x000005A7: 0xBE05BBCC	            	 dc 0xBE05BBCC
0x000005A8: 0xBE15FBB8	            	 dc 0xBE15FBB8
0x000005A9: 0xBE74FAEF	            	 dc 0xBE74FAEF
0x000005AA: 0xBE3DF054	            	 dc 0xBE3DF054
0x000005AB: 0xBE01CE24	            	 dc 0xBE01CE24
0x000005AC: 0xBE28CD35	            	 dc 0xBE28CD35
0x000005AD: 0x3F4D2BC8	            	 dc 0x3F4D2BC8
0x000005AE: 0xBDFFE3E0	            	 dc 0xBDFFE3E0
0x000005AF: 0x3F3A0CD4	            	 dc 0x3F3A0CD4
0x000005B0: 0x3F3EEB93	            	 dc 0x3F3EEB93
0x000005B1: 0x3F0CE354	            	 dc 0x3F0CE354
0x000005B2: 0x3F5FAA5D	            	 dc 0x3F5FAA5D
0x000005B3: 0xBDCE3958	            	 dc 0xBDCE3958
0x000005B4: 0xBE3CDDFA	            	 dc 0xBE3CDDFA
0x000005B5: 0xBE1E04B2	            	 dc 0xBE1E04B2
0x000005B6: 0xBE3C4E3D	            	 dc 0xBE3C4E3D
0x000005B7: 0x3F2B5BDE	            	 dc 0x3F2B5BDE
0x000005B8: 0xBE4CD4F4	            	 dc 0xBE4CD4F4
0x000005B9: 0x3F2D6F59	            	 dc 0x3F2D6F59
0x000005BA: 0xBE4EE6CB	            	 dc 0xBE4EE6CB
0x000005BB: 0xBE1F0860	            	 dc 0xBE1F0860
0x000005BC: 0x3F3EF4DA	            	 dc 0x3F3EF4DA
0x000005BD: 0x3F4FE47B	            	 dc 0x3F4FE47B
0x000005BE: 0xBDFAA7E3	            	 dc 0xBDFAA7E3
0x000005BF: 0xBE1C6CE6	            	 dc 0xBE1C6CE6
					            	 * --- Neuron 23 Weights ---
0x000005C0: 0xBE0A7CDA	            	 dc 0xBE0A7CDA
0x000005C1: 0xBE3FCEAA	            	 dc 0xBE3FCEAA
0x000005C2: 0x3E1C5AE2	            	 dc 0x3E1C5AE2
0x000005C3: 0xBE1FC3CE	            	 dc 0xBE1FC3CE
0x000005C4: 0x3F59A4DE	            	 dc 0x3F59A4DE
0x000005C5: 0x3F56C9AD	            	 dc 0x3F56C9AD
0x000005C6: 0xBE1D5BDE	            	 dc 0xBE1D5BDE
0x000005C7: 0xBE086BD9	            	 dc 0xBE086BD9
0x000005C8: 0xBE156BE3	            	 dc 0xBE156BE3
0x000005C9: 0xBE756BC4	            	 dc 0xBE756BC4
0x000005CA: 0xBE3DCD75	            	 dc 0xBE3DCD75
0x000005CB: 0xBE01EE9B	            	 dc 0xBE01EE9B
0x000005CC: 0xBE285BCE	            	 dc 0xBE285BCE
0x000005CD: 0x3F4CCE35	            	 dc 0x3F4CCE35
0x000005CE: 0xBDFFDFAC	            	 dc 0xBDFFDFAC
0x000005CF: 0x3F3A0CE2	            	 dc 0x3F3A0CE2
0x000005D0: 0x3F3EDFA8	            	 dc 0x3F3EDFA8
0x000005D1: 0x3F0CCE23	            	 dc 0x3F0CCE23
0x000005D2: 0x3F5FAA56	            	 dc 0x3F5FAA56
0x000005D3: 0xBDCE6CDC	            	 dc 0xBDCE6CDC
0x000005D4: 0xBE3CD7EF	            	 dc 0xBE3CD7EF
0x000005D5: 0xBE1E3A4B	            	 dc 0xBE1E3A4B
0x000005D6: 0xBE3CE5AC	            	 dc 0xBE3CE5AC
0x000005D7: 0x3F2B6CD2	            	 dc 0x3F2B6CD2
0x000005D8: 0xBE4CDCA3	            	 dc 0xBE4CDCA3
0x000005D9: 0x3F2D5BD0	            	 dc 0x3F2D5BD0
0x000005DA: 0xBE4EEA95	            	 dc 0xBE4EEA95
0x000005DB: 0xBE1EEA9C	            	 dc 0xBE1EEA9C
0x000005DC: 0x3F3EFAED	            	 dc 0x3F3EFAED
0x000005DD: 0x3F4FC9B6	            	 dc 0x3F4FC9B6
0x000005DE: 0xBDFAA7AF	            	 dc 0xBDFAA7AF
0x000005DF: 0xBE1C2BC4	            	 dc 0xBE1C2BC4
					            	 * --- Neuron 24 Weights ---
0x000005E0: 0xBE0A7CDA	            	 dc 0xBE0A7CDA
0x000005E1: 0xBE3FCEAA	            	 dc 0xBE3FCEAA
0x000005E2: 0x3E1C5AE2	            	 dc 0x3E1C5AE2
0x000005E3: 0xBE1FC3CE	            	 dc 0xBE1FC3CE
0x000005E4: 0x3F59A4DE	            	 dc 0x3F59A4DE
0x000005E5: 0x3F56C9AD	            	 dc 0x3F56C9AD
0x000005E6: 0xBE1D5BDE	            	 dc 0xBE1D5BDE
0x000005E7: 0xBE086BD9	            	 dc 0xBE086BD9
0x000005E8: 0xBE156BE3	            	 dc 0xBE156BE3
0x000005E9: 0xBE756BC4	            	 dc 0xBE756BC4
0x000005EA: 0xBE3DCD75	            	 dc 0xBE3DCD75
0x000005EB: 0xBE01EE9B	            	 dc 0xBE01EE9B
0x000005EC: 0xBE285BCE	            	 dc 0xBE285BCE
0x000005ED: 0x3F4CCE35	            	 dc 0x3F4CCE35
0x000005EE: 0xBDFFDFAC	            	 dc 0xBDFFDFAC
0x000005EF: 0x3F3A0CE2	            	 dc 0x3F3A0CE2
0x000005F0: 0x3F3EDFA8	            	 dc 0x3F3EDFA8
0x000005F1: 0x3F0CCE23	            	 dc 0x3F0CCE23
0x000005F2: 0x3F5FAA56	            	 dc 0x3F5FAA56
0x000005F3: 0xBDCE6CDC	            	 dc 0xBDCE6CDC
0x000005F4: 0xBE3CD7EF	            	 dc 0xBE3CD7EF
0x000005F5: 0xBE1E3A4B	            	 dc 0xBE1E3A4B
0x000005F6: 0xBE3CE5AC	            	 dc 0xBE3CE5AC
0x000005F7: 0x3F2B6CD2	            	 dc 0x3F2B6CD2
0x000005F8: 0xBE4CDCA3	            	 dc 0xBE4CDCA3
0x000005F9: 0x3F2D5BD0	            	 dc 0x3F2D5BD0
0x000005FA: 0xBE4EEA95	            	 dc 0xBE4EEA95
0x000005FB: 0xBE1EEA9C	            	 dc 0xBE1EEA9C
0x000005FC: 0x3F3EFAED	            	 dc 0x3F3EFAED
0x000005FD: 0x3F4FC9B6	            	 dc 0x3F4FC9B6
0x000005FE: 0xBDFAA7AF	            	 dc 0xBDFAA7AF
0x000005FF: 0xBE1C2BC4	            	 dc 0xBE1C2BC4
					            	 * --- Neuron 25 Weights ---
0x00000600: 0xBE0EE7CE	            	 dc 0xBE0EE7CE
0x00000601: 0xBE3F87AF	            	 dc 0xBE3F87AF
0x00000602: 0x3E13EC4F	            	 dc 0x3E13EC4F
0x00000603: 0xBE1FAEEA	            	 dc 0xBE1FAEEA
0x00000604: 0x3F59ACFA	            	 dc 0x3F59ACFA
0x00000605: 0x3F56E7E4	            	 dc 0x3F56E7E4
0x00000606: 0xBE1DE456	            	 dc 0xBE1DE456
0x00000607: 0xBE05BBCC	            	 dc 0xBE05BBCC
0x00000608: 0xBE15FBB8	            	 dc 0xBE15FBB8
0x00000609: 0xBE74FAEF	            	 dc 0xBE74FAEF
0x0000060A: 0xBE3DF054	            	 dc 0xBE3DF054
0x0000060B: 0xBE01CE24	            	 dc 0xBE01CE24
0x0000060C: 0xBE28CD35	            	 dc 0xBE28CD35
0x0000060D: 0x3F4D2BC8	            	 dc 0x3F4D2BC8
0x0000060E: 0xBDFFE3E0	            	 dc 0xBDFFE3E0
0x0000060F: 0x3F3A0CD4	            	 dc 0x3F3A0CD4
0x00000610: 0x3F3EEB93	            	 dc 0x3F3EEB93
0x00000611: 0x3F0CE354	            	 dc 0x3F0CE354
0x00000612: 0x3F5FAA5D	            	 dc 0x3F5FAA5D
0x00000613: 0xBDCE3958	            	 dc 0xBDCE3958
0x00000614: 0xBE3CDDFA	            	 dc 0xBE3CDDFA
0x00000615: 0xBE1E04B2	            	 dc 0xBE1E04B2
0x00000616: 0xBE3C4E3D	            	 dc 0xBE3C4E3D
0x00000617: 0x3F2B5BDE	            	 dc 0x3F2B5BDE
0x00000618: 0xBE4CD4F4	            	 dc 0xBE4CD4F4
0x00000619: 0x3F2D6F59	            	 dc 0x3F2D6F59
0x0000061A: 0xBE4EE6CB	            	 dc 0xBE4EE6CB
0x0000061B: 0xBE1F0860	            	 dc 0xBE1F0860
0x0000061C: 0x3F3EF4DA	            	 dc 0x3F3EF4DA
0x0000061D: 0x3F4FE47B	            	 dc 0x3F4FE47B
0x0000061E: 0xBDFAA7E3	            	 dc 0xBDFAA7E3
0x0000061F: 0xBE1C6CE6	            	 dc 0xBE1C6CE6
					            	 * --- Neuron 26 Weights ---
0x00000620: 0xBE08A9E4	            	 dc 0xBE08A9E4
0x00000621: 0xBE3E4DC5	            	 dc 0xBE3E4DC5
0x00000622: 0x3E1AD3FA	            	 dc 0x3E1AD3FA
0x00000623: 0xBE1F04AC	            	 dc 0xBE1F04AC
0x00000624: 0x3F5A0CD2	            	 dc 0x3F5A0CD2
0x00000625: 0x3F54F96E	            	 dc 0x3F54F96E
0x00000626: 0xBE1DA3C7	            	 dc 0xBE1DA3C7
0x00000627: 0xBE0C53C7	            	 dc 0xBE0C53C7
0x00000628: 0xBE181ED3	            	 dc 0xBE181ED3
0x00000629: 0xBE74D83B	            	 dc 0xBE74D83B
0x0000062A: 0xBE3DF07D	            	 dc 0xBE3DF07D
0x0000062B: 0xBE0221E5	            	 dc 0xBE0221E5
0x0000062C: 0xBE28BD27	            	 dc 0xBE28BD27
0x0000062D: 0x3F4E0867	            	 dc 0x3F4E0867
0x0000062E: 0xBDFFE3DA	            	 dc 0xBDFFE3DA
0x0000062F: 0x3F387DAF	            	 dc 0x3F387DAF
0x00000630: 0x3F3F5AD4	            	 dc 0x3F3F5AD4
0x00000631: 0x3F0CBCE4	            	 dc 0x3F0CBCE4
0x00000632: 0x3F5FAA7C	            	 dc 0x3F5FAA7C
0x00000633: 0xBDCA1AD2	            	 dc 0xBDCA1AD2
0x00000634: 0xBE3CEF6B	            	 dc 0xBE3CEF6B
0x00000635: 0xBE1E0C4F	            	 dc 0xBE1E0C4F
0x00000636: 0xBE3B89BE	            	 dc 0xBE3B89BE
0x00000637: 0x3F2B6CAD	            	 dc 0x3F2B6CAD
0x00000638: 0xBE4CD8EA	            	 dc 0xBE4CD8EA
0x00000639: 0x3F2E08BD	            	 dc 0x3F2E08BD
0x0000063A: 0xBE4E08C6	            	 dc 0xBE4E08C6
0x0000063B: 0xBE1F17E3	            	 dc 0xBE1F17E3
0x0000063C: 0x3F3EE4FA	            	 dc 0x3F3EE4FA
0x0000063D: 0x3F50DF7D	            	 dc 0x3F50DF7D
0x0000063E: 0xBDFA0695	            	 dc 0xBDFA0695
0x0000063F: 0xBE1C2A54	            	 dc 0xBE1C2A54
					            	 * --- Neuron 27 Weights ---
0x00000640: 0xBE08CE41	            	 dc 0xBE08CE41
0x00000641: 0xBE3C6FA5	            	 dc 0xBE3C6FA5
0x00000642: 0x3DFDE44E	            	 dc 0x3DFDE44E
0x00000643: 0xBE1DC40A	            	 dc 0xBE1DC40A
0x00000644: 0x3F5B0CDC	            	 dc 0x3F5B0CDC
0x00000645: 0x3F57B6C5	            	 dc 0x3F57B6C5
0x00000646: 0xBE1AF1D9	            	 dc 0xBE1AF1D9
0x00000647: 0xBDFF057B	            	 dc 0xBDFF057B
0x00000648: 0xBE1424E6	            	 dc 0xBE1424E6
0x00000649: 0xBE747CDF	            	 dc 0xBE747CDF
0x0000064A: 0xBE37078C	            	 dc 0xBE37078C
0x0000064B: 0xBDFF586E	            	 dc 0xBDFF586E
0x0000064C: 0xBE27CB36	            	 dc 0xBE27CB36
0x0000064D: 0x3F4AD266	            	 dc 0x3F4AD266
0x0000064E: 0xBDFA0B33	            	 dc 0xBDFA0B33
0x0000064F: 0x3F34F5DC	            	 dc 0x3F34F5DC
0x00000650: 0x3F3A0CD4	            	 dc 0x3F3A0CD4
0x00000651: 0x3F0BB6C9	            	 dc 0x3F0BB6C9
0x00000652: 0x3F5DAFC4	            	 dc 0x3F5DAFC4
0x00000653: 0xBDC462D6	            	 dc 0xBDC462D6
0x00000654: 0xBE3C3F85	            	 dc 0xBE3C3F85
0x00000655: 0xBE1DF07C	            	 dc 0xBE1DF07C
0x00000656: 0xBE3981DA	            	 dc 0xBE3981DA
0x00000657: 0x3F2AA863	            	 dc 0x3F2AA863
0x00000658: 0xBE4EFE6B	            	 dc 0xBE4EFE6B
0x00000659: 0x3F2BA1CD	            	 dc 0x3F2BA1CD
0x0000065A: 0xBE4B64EC	            	 dc 0xBE4B64EC
0x0000065B: 0xBE1E0D1B	            	 dc 0xBE1E0D1B
0x0000065C: 0x3F3F72B3	            	 dc 0x3F3F72B3
0x0000065D: 0x3F4D2B9F	            	 dc 0x3F4D2B9F
0x0000065E: 0xBDFA2E3E	            	 dc 0xBDFA2E3E
0x0000065F: 0xBE1A5F58	            	 dc 0xBE1A5F58
					            	 * --- Neuron 28 Weights ---
0x00000660: 0x3EC23EE3	            	 dc 0x3EC23EE3
0x00000661: 0x3F16C502	            	 dc 0x3F16C502
0x00000662: 0x3EA6653E	            	 dc 0x3EA6653E
0x00000663: 0x3D4AC9BE	            	 dc 0x3D4AC9BE
0x00000664: 0x3D69655D	            	 dc 0x3D69655D
0x00000665: 0x3D2A3C4D	            	 dc 0x3D2A3C4D
0x00000666: 0x3D8A1E2B	            	 dc 0x3D8A1E2B
0x00000667: 0x3E2DEBAC	            	 dc 0x3E2DEBAC
0x00000668: 0x3DF95BFE	            	 dc 0x3DF95BFE
0x00000669: 0x3DB2D3AA	            	 dc 0x3DB2D3AA
0x0000066A: 0x3E3A56AF	            	 dc 0x3E3A56AF
0x0000066B: 0x3D69D2BD	            	 dc 0x3D69D2BD
0x0000066C: 0x3D97CE5F	            	 dc 0x3D97CE5F
0x0000066D: 0x3D99D8CE	            	 dc 0x3D99D8CE
0x0000066E: 0x3E14DBCD	            	 dc 0x3E14DBCD
0x0000066F: 0x3E8A56FA	            	 dc 0x3E8A56FA
0x00000670: 0x3D4C0A62	            	 dc 0x3D4C0A62
0x00000671: 0x3E140409	            	 dc 0x3E140409
0x00000672: 0x3E4BE15F	            	 dc 0x3E4BE15F
0x00000673: 0x3CC739D6	            	 dc 0x3CC739D6
0x00000674: 0x3E1E3ECE	            	 dc 0x3E1E3ECE
0x00000675: 0x3CC225B5	            	 dc 0x3CC225B5
0x00000676: 0xBDACCE34	            	 dc 0xBDACCE34
0x00000677: 0xBF19525C	            	 dc 0xBF19525C
0x00000678: 0xBE6CDE3B	            	 dc 0xBE6CDE3B
0x00000679: 0xBE30CD1E	            	 dc 0xBE30CD1E
0x0000067A: 0x3B85A3ED	            	 dc 0x3B85A3ED
0x0000067B: 0xBC33941F	            	 dc 0xBC33941F
0x0000067C: 0xBB7C4A5A	            	 dc 0xBB7C4A5A
0x0000067D: 0xBEBB9AD9	            	 dc 0xBEBB9AD9
0x0000067E: 0xBE3AFA4B	            	 dc 0xBE3AFA4B
0x0000067F: 0xBE82A36B	            	 dc 0xBE82A36B
					            	 * --- Neuron 29 Weights ---
0x00000680: 0xBE08CE41	            	 dc 0xBE08CE41
0x00000681: 0xBE3C6FA5	            	 dc 0xBE3C6FA5
0x00000682: 0x3DFDE44E	            	 dc 0x3DFDE44E
0x00000683: 0xBE1DC40A	            	 dc 0xBE1DC40A
0x00000684: 0x3F5B0CDC	            	 dc 0x3F5B0CDC
0x00000685: 0x3F57B6C5	            	 dc 0x3F57B6C5
0x00000686: 0xBE1AF1D9	            	 dc 0xBE1AF1D9
0x00000687: 0xBDFF057B	            	 dc 0xBDFF057B
0x00000688: 0xBE1424E6	            	 dc 0xBE1424E6
0x00000689: 0xBE747CDF	            	 dc 0xBE747CDF
0x0000068A: 0xBE37078C	            	 dc 0xBE37078C
0x0000068B: 0xBDFF586E	            	 dc 0xBDFF586E
0x0000068C: 0xBE27CB36	            	 dc 0xBE27CB36
0x0000068D: 0x3F4AD266	            	 dc 0x3F4AD266
0x0000068E: 0xBDFA0B33	            	 dc 0xBDFA0B33
0x0000068F: 0x3F34F5DC	            	 dc 0x3F34F5DC
0x00000690: 0x3F3A0CD4	            	 dc 0x3F3A0CD4
0x00000691: 0x3F0BB6C9	            	 dc 0x3F0BB6C9
0x00000692: 0x3F5DAFC4	            	 dc 0x3F5DAFC4
0x00000693: 0xBDC462D6	            	 dc 0xBDC462D6
0x00000694: 0xBE3C3F85	            	 dc 0xBE3C3F85
0x00000695: 0xBE1DF07C	            	 dc 0xBE1DF07C
0x00000696: 0xBE3981DA	            	 dc 0xBE3981DA
0x00000697: 0x3F2AA863	            	 dc 0x3F2AA863
0x00000698: 0xBE4EFE6B	            	 dc 0xBE4EFE6B
0x00000699: 0x3F2BA1CD	            	 dc 0x3F2BA1CD
0x0000069A: 0xBE4B64EC	            	 dc 0xBE4B64EC
0x0000069B: 0xBE1E0D1B	            	 dc 0xBE1E0D1B
0x0000069C: 0x3F3F72B3	            	 dc 0x3F3F72B3
0x0000069D: 0x3F4D2B9F	            	 dc 0x3F4D2B9F
0x0000069E: 0xBDFA2E3E	            	 dc 0xBDFA2E3E
0x0000069F: 0xBE1A5F58	            	 dc 0xBE1A5F58
					            	 * --- Neuron 30 Weights ---
0x000006A0: 0xBE0EE7CE	            	 dc 0xBE0EE7CE
0x000006A1: 0xBE3F87AF	            	 dc 0xBE3F87AF
0x000006A2: 0x3E13EC4F	            	 dc 0x3E13EC4F
0x000006A3: 0xBE1FAEEA	            	 dc 0xBE1FAEEA
0x000006A4: 0x3F59ACFA	            	 dc 0x3F59ACFA
0x000006A5: 0x3F56E7E4	            	 dc 0x3F56E7E4
0x000006A6: 0xBE1DE456	            	 dc 0xBE1DE456
0x000006A7: 0xBE05BBCC	            	 dc 0xBE05BBCC
0x000006A8: 0xBE15FBB8	            	 dc 0xBE15FBB8
0x000006A9: 0xBE74FAEF	            	 dc 0xBE74FAEF
0x000006AA: 0xBE3DF054	            	 dc 0xBE3DF054
0x000006AB: 0xBE01CE24	            	 dc 0xBE01CE24
0x000006AC: 0xBE28CD35	            	 dc 0xBE28CD35
0x000006AD: 0x3F4D2BC8	            	 dc 0x3F4D2BC8
0x000006AE: 0xBDFFE3E0	            	 dc 0xBDFFE3E0
0x000006AF: 0x3F3A0CD4	            	 dc 0x3F3A0CD4
0x000006B0: 0x3F3EEB93	            	 dc 0x3F3EEB93
0x000006B1: 0x3F0CE354	            	 dc 0x3F0CE354
0x000006B2: 0x3F5FAA5D	            	 dc 0x3F5FAA5D
0x000006B3: 0xBDCE3958	            	 dc 0xBDCE3958
0x000006B4: 0xBE3CDDFA	            	 dc 0xBE3CDDFA
0x000006B5: 0xBE1E04B2	            	 dc 0xBE1E04B2
0x000006B6: 0xBE3C4E3D	            	 dc 0xBE3C4E3D
0x000006B7: 0x3F2B5BDE	            	 dc 0x3F2B5BDE
0x000006B8: 0xBE4CD4F4	            	 dc 0xBE4CD4F4
0x000006B9: 0x3F2D6F59	            	 dc 0x3F2D6F59
0x000006BA: 0xBE4EE6CB	            	 dc 0xBE4EE6CB
0x000006BB: 0xBE1F0860	            	 dc 0xBE1F0860
0x000006BC: 0x3F3EF4DA	            	 dc 0x3F3EF4DA
0x000006BD: 0x3F4FE47B	            	 dc 0x3F4FE47B
0x000006BE: 0xBDFAA7E3	            	 dc 0xBDFAA7E3
0x000006BF: 0xBE1C6CE6	            	 dc 0xBE1C6CE6
					            	 * --- Neuron 31 Weights ---
0x000006C0: 0xBE08A9E4	            	 dc 0xBE08A9E4
0x000006C1: 0xBE3E4DC5	            	 dc 0xBE3E4DC5
0x000006C2: 0x3E1AD3FA	            	 dc 0x3E1AD3FA
0x000006C3: 0xBE1F04AC	            	 dc 0xBE1F04AC
0x000006C4: 0x3F5A0CD2	            	 dc 0x3F5A0CD2
0x000006C5: 0x3F54F96E	            	 dc 0x3F54F96E
0x000006C6: 0xBE1DA3C7	            	 dc 0xBE1DA3C7
0x000006C7: 0xBE0C53C7	            	 dc 0xBE0C53C7
0x000006C8: 0xBE181ED3	            	 dc 0xBE181ED3
0x000006C9: 0xBE74D83B	            	 dc 0xBE74D83B
0x000006CA: 0xBE3DF07D	            	 dc 0xBE3DF07D
0x000006CB: 0xBE0221E5	            	 dc 0xBE0221E5
0x000006CC: 0xBE28BD27	            	 dc 0xBE28BD27
0x000006CD: 0x3F4E0867	            	 dc 0x3F4E0867
0x000006CE: 0xBDFFE3DA	            	 dc 0xBDFFE3DA
0x000006CF: 0x3F387DAF	            	 dc 0x3F387DAF
0x000006D0: 0x3F3F5AD4	            	 dc 0x3F3F5AD4
0x000006D1: 0x3F0CBCE4	            	 dc 0x3F0CBCE4
0x000006D2: 0x3F5FAA7C	            	 dc 0x3F5FAA7C
0x000006D3: 0xBDCA1AD2	            	 dc 0xBDCA1AD2
0x000006D4: 0xBE3CEF6B	            	 dc 0xBE3CEF6B
0x000006D5: 0xBE1E0C4F	            	 dc 0xBE1E0C4F
0x000006D6: 0xBE3B89BE	            	 dc 0xBE3B89BE
0x000006D7: 0x3F2B6CAD	            	 dc 0x3F2B6CAD
0x000006D8: 0xBE4CD8EA	            	 dc 0xBE4CD8EA
0x000006D9: 0x3F2E08BD	            	 dc 0x3F2E08BD
0x000006DA: 0xBE4E08C6	            	 dc 0xBE4E08C6
0x000006DB: 0xBE1F17E3	            	 dc 0xBE1F17E3
0x000006DC: 0x3F3EE4FA	            	 dc 0x3F3EE4FA
0x000006DD: 0x3F50DF7D	            	 dc 0x3F50DF7D
0x000006DE: 0xBDFA0695	            	 dc 0xBDFA0695
0x000006DF: 0xBE1C2A54	            	 dc 0xBE1C2A54
					            	 * --- Neuron 32 Weights ---
0x000006E0: 0xBE0EE7CE	            	 dc 0xBE0EE7CE
0x000006E1: 0xBE3F87AF	            	 dc 0xBE3F87AF
0x000006E2: 0x3E13EC4F	            	 dc 0x3E13EC4F
0x000006E3: 0xBE1FAEEA	            	 dc 0xBE1FAEEA
0x000006E4: 0x3F59ACFA	            	 dc 0x3F59ACFA
0x000006E5: 0x3F56E7E4	            	 dc 0x3F56E7E4
0x000006E6: 0xBE1DE456	            	 dc 0xBE1DE456
0x000006E7: 0xBE05BBCC	            	 dc 0xBE05BBCC
0x000006E8: 0xBE15FBB8	            	 dc 0xBE15FBB8
0x000006E9: 0xBE74FAEF	            	 dc 0xBE74FAEF
0x000006EA: 0xBE3DF054	            	 dc 0xBE3DF054
0x000006EB: 0xBE01CE24	            	 dc 0xBE01CE24
0x000006EC: 0xBE28CD35	            	 dc 0xBE28CD35
0x000006ED: 0x3F4D2BC8	            	 dc 0x3F4D2BC8
0x000006EE: 0xBDFFE3E0	            	 dc 0xBDFFE3E0
0x000006EF: 0x3F3A0CD4	            	 dc 0x3F3A0CD4
0x000006F0: 0x3F3EEB93	            	 dc 0x3F3EEB93
0x000006F1: 0x3F0CE354	            	 dc 0x3F0CE354
0x000006F2: 0x3F5FAA5D	            	 dc 0x3F5FAA5D
0x000006F3: 0xBDCE3958	            	 dc 0xBDCE3958
0x000006F4: 0xBE3CDDFA	            	 dc 0xBE3CDDFA
0x000006F5: 0xBE1E04B2	            	 dc 0xBE1E04B2
0x000006F6: 0xBE3C4E3D	            	 dc 0xBE3C4E3D
0x000006F7: 0x3F2B5BDE	            	 dc 0x3F2B5BDE
0x000006F8: 0xBE4CD4F4	            	 dc 0xBE4CD4F4
0x000006F9: 0x3F2D6F59	            	 dc 0x3F2D6F59
0x000006FA: 0xBE4EE6CB	            	 dc 0xBE4EE6CB
0x000006FB: 0xBE1F0860	            	 dc 0xBE1F0860
0x000006FC: 0x3F3EF4DA	            	 dc 0x3F3EF4DA
0x000006FD: 0x3F4FE47B	            	 dc 0x3F4FE47B
0x000006FE: 0xBDFAA7E3	            	 dc 0xBDFAA7E3
0x000006FF: 0xBE1C6CE6	            	 dc 0xBE1C6CE6
					            	 
0x00000880: 0x3FF66A12	            	 dc 0x3FF66A12
0x00000881: 0x4032C79E	            	 dc 0x4032C79E
0x00000882: 0x3FF5FAAA	            	 dc 0x3FF5FAAA
0x00000883: 0x4033C994	            	 dc 0x4033C994
0x00000884: 0x3FEBB3E3	            	 dc 0x3FEBB3E3
0x00000885: 0x3FE6C995	            	 dc 0x3FE6C995
0x00000886: 0x4030729C	            	 dc 0x4030729C
0x00000887: 0x3FEBAF60	            	 dc 0x3FEBAF60
0x00000888: 0x3FED8EAD	            	 dc 0x3FED8EAD
0x00000889: 0x3FDB1511	            	 dc 0x3FDB1511
0x0000088A: 0x40330D7F	            	 dc 0x40330D7F
0x0000088B: 0x4029CE4B	            	 dc 0x4029CE4B
0x0000088C: 0x4031ADAA	            	 dc 0x4031ADAA
0x0000088D: 0x3FEB5BD6	            	 dc 0x3FEB5BD6
0x0000088E: 0x3FEDBC7B	            	 dc 0x3FEDBC7B
0x0000088F: 0x3FDE5A3D	            	 dc 0x3FDE5A3D
0x00000890: 0x3FDCEE17	            	 dc 0x3FDCEE17
0x00000891: 0x4031EAC7	            	 dc 0x4031EAC7
0x00000892: 0x402A1AE2	            	 dc 0x402A1AE2
0x00000893: 0x403EFBAA	            	 dc 0x403EFBAA
0x00000894: 0x3FDBEFAB	            	 dc 0x3FDBEFAB
0x00000895: 0x3FCD6E3B	            	 dc 0x3FCD6E3B
0x00000896: 0x4030E3BF	            	 dc 0x4030E3BF
0x00000897: 0x40498A12	            	 dc 0x40498A12
0x00000898: 0x4031C4E1	            	 dc 0x4031C4E1
0x00000899: 0xC0416965	            	 dc 0xC0416965
0x0000089A: 0x4040EA70	            	 dc 0x4040EA70
0x0000089B: 0x4038F326	            	 dc 0x4038F326
0x0000089C: 0xC031829C	            	 dc 0xC031829C
0x0000089D: 0xC027C99F	            	 dc 0xC027C99F
0x0000089E: 0x402BA864	            	 dc 0x402BA864
0x0000089F: 0xC016C26B	            	 dc 0xC016C26B
					            	 
0x00000800: 0x00000000	            	 dc 0x0
0x00000801: 0x00000000	            	 dc 0x0
0x00000802: 0x00000000	            	 dc 0x0
0x00000803: 0x00000000	            	 dc 0x0
0x00000804: 0x00000000	            	 dc 0x0
0x00000805: 0x00000000	            	 dc 0x0
0x00000806: 0x00000000	            	 dc 0x0
0x00000807: 0x00000000	            	 dc 0x0
0x00000808: 0x00000000	            	 dc 0x0
0x00000809: 0x00000000	            	 dc 0x0
0x0000080A: 0x00000000	            	 dc 0x0
0x0000080B: 0x00000000	            	 dc 0x0
0x0000080C: 0x00000000	            	 dc 0x0
0x0000080D: 0x00000000	            	 dc 0x0
0x0000080E: 0x00000000	            	 dc 0x0
0x0000080F: 0x00000000	            	 dc 0x0
0x00000810: 0x00000000	            	 dc 0x0
0x00000811: 0x00000000	            	 dc 0x0
0x00000812: 0x00000000	            	 dc 0x0
0x00000813: 0x00000000	            	 dc 0x0
0x00000814: 0x00000000	            	 dc 0x0
0x00000815: 0x00000000	            	 dc 0x0
0x00000816: 0x00000000	            	 dc 0x0
0x00000817: 0x00000000	            	 dc 0x0
0x00000818: 0x00000000	            	 dc 0x0
0x00000819: 0x00000000	            	 dc 0x0
0x0000081A: 0x00000000	            	 dc 0x0
0x0000081B: 0x00000000	            	 dc 0x0
0x0000081C: 0x00000000	            	 dc 0x0
0x0000081D: 0x00000000	            	 dc 0x0
0x0000081E: 0x00000000	            	 dc 0x0
0x0000081F: 0x00000000	            	 dc 0x0
0x00000820: 0x00000000	            	 dc 0x0
0x00000821: 0x00000000	            	 dc 0x0
0x00000822: 0x00000000	            	 dc 0x0
0x00000823: 0x00000000	            	 dc 0x0
0x00000824: 0x00000000	            	 dc 0x0
0x00000825: 0x00000000	            	 dc 0x0
0x00000826: 0x00000000	            	 dc 0x0
0x00000827: 0x00000000	            	 dc 0x0
0x00000828: 0x00000000	            	 dc 0x0
0x00000829: 0x00000000	            	 dc 0x0
0x0000082A: 0x00000000	            	 dc 0x0
0x0000082B: 0x00000000	            	 dc 0x0
0x0000082C: 0x00000000	            	 dc 0x0
0x0000082D: 0x00000000	            	 dc 0x0
0x0000082E: 0x00000000	            	 dc 0x0
0x0000082F: 0x00000000	            	 dc 0x0
0x00000830: 0x00000000	            	 dc 0x0
0x00000831: 0x00000000	            	 dc 0x0
					            	 
0x00000950: 0x00000000	out_val:    	 dc 0x0

Label Report:
main: 3 D: 
h_lp: 9 D: 32
in_lp: 13 D: 23
h_pos: 29 D: 26
f_lp: 38 D: 48
s_fin: 55 D: 52
fpmul: 58 D: 3
l_mul: 77 D: 85
s_prod: 81 D: 78
m_norm: 87 D: 82
pack_r: 94 D: 89
fpadd: 100 D: 4
m_sign: 105 D: 24, 49, 59
m_exp: 106 D: 61
m_mant: 107 D: 67, 94
impl_1: 108 D: 70, 91
bias_s: 109 D: 65
m_b24: 110 D: 87
out_val: 1291 D: 55
*XML file date: Wed 20/6/2012 6:49:12
